<?xml version="1.0" encoding="UTF-8"?>
<coverage generated="1784352457566" clover="3.2.0">
  <project timestamp="1784352457566" name="All files">
    <metrics statements="599" coveredstatements="278" conditionals="106" coveredconditionals="10" methods="100" coveredmethods="21" elements="805" coveredelements="309" complexity="0" loc="599" ncloc="599" packages="16" files="63" classes="63"/>
    <package name="src">
      <metrics statements="29" coveredstatements="23" conditionals="2" coveredconditionals="0" methods="2" coveredmethods="0"/>
      <file name="app.ts" path="D:\Projects\Javascript Fullstack Project\backend-javascript-fullstack\src\app.ts">
        <metrics statements="24" coveredstatements="23" conditionals="0" coveredconditionals="0" methods="1" coveredmethods="0"/>
        <line num="1" count="1" type="stmt"/>
        <line num="2" count="1" type="stmt"/>
        <line num="3" count="1" type="stmt"/>
        <line num="5" count="1" type="stmt"/>
        <line num="6" count="1" type="stmt"/>
        <line num="7" count="1" type="stmt"/>
        <line num="8" count="1" type="stmt"/>
        <line num="9" count="1" type="stmt"/>
        <line num="10" count="1" type="stmt"/>
        <line num="11" count="1" type="stmt"/>
        <line num="14" count="1" type="stmt"/>
        <line num="16" count="1" type="stmt"/>
        <line num="17" count="1" type="stmt"/>
        <line num="18" count="1" type="stmt"/>
        <line num="21" count="1" type="stmt"/>
        <line num="22" count="1" type="stmt"/>
        <line num="23" count="1" type="stmt"/>
        <line num="24" count="1" type="stmt"/>
        <line num="25" count="1" type="stmt"/>
        <line num="29" count="1" type="stmt"/>
        <line num="30" count="0" type="stmt"/>
        <line num="38" count="1" type="stmt"/>
        <line num="41" count="1" type="stmt"/>
        <line num="44" count="1" type="stmt"/>
      </file>
      <file name="server.ts" path="D:\Projects\Javascript Fullstack Project\backend-javascript-fullstack\src\server.ts">
        <metrics statements="5" coveredstatements="0" conditionals="2" coveredconditionals="0" methods="1" coveredmethods="0"/>
        <line num="1" count="0" type="stmt"/>
        <line num="2" count="0" type="stmt"/>
        <line num="5" count="0" type="cond" truecount="0" falsecount="2"/>
        <line num="7" count="0" type="stmt"/>
        <line num="8" count="0" type="stmt"/>
      </file>
    </package>
    <package name="src.config">
      <metrics statements="5" coveredstatements="5" conditionals="8" coveredconditionals="6" methods="0" coveredmethods="0"/>
      <file name="env.ts" path="D:\Projects\Javascript Fullstack Project\backend-javascript-fullstack\src\config\env.ts">
        <metrics statements="2" coveredstatements="2" conditionals="8" coveredconditionals="6" methods="0" coveredmethods="0"/>
        <line num="1" count="1" type="stmt"/>
        <line num="4" count="1" type="stmt"/>
      </file>
      <file name="prisma.ts" path="D:\Projects\Javascript Fullstack Project\backend-javascript-fullstack\src\config\prisma.ts">
        <metrics statements="3" coveredstatements="3" conditionals="0" coveredconditionals="0" methods="0" coveredmethods="0"/>
        <line num="1" count="1" type="stmt"/>
        <line num="4" count="1" type="stmt"/>
        <line num="8" count="1" type="stmt"/>
      </file>
    </package>
    <package name="src.container">
      <metrics statements="37" coveredstatements="37" conditionals="0" coveredconditionals="0" methods="0" coveredmethods="0"/>
      <file name="audit.container.ts" path="D:\Projects\Javascript Fullstack Project\backend-javascript-fullstack\src\container\audit.container.ts">
        <metrics statements="7" coveredstatements="7" conditionals="0" coveredconditionals="0" methods="0" coveredmethods="0"/>
        <line num="1" count="1" type="stmt"/>
        <line num="2" count="1" type="stmt"/>
        <line num="3" count="1" type="stmt"/>
        <line num="5" count="1" type="stmt"/>
        <line num="6" count="1" type="stmt"/>
        <line num="7" count="1" type="stmt"/>
        <line num="9" count="1" type="stmt"/>
      </file>
      <file name="auth.container.ts" path="D:\Projects\Javascript Fullstack Project\backend-javascript-fullstack\src\container\auth.container.ts">
        <metrics statements="7" coveredstatements="7" conditionals="0" coveredconditionals="0" methods="0" coveredmethods="0"/>
        <line num="1" count="1" type="stmt"/>
        <line num="2" count="1" type="stmt"/>
        <line num="3" count="1" type="stmt"/>
        <line num="5" count="1" type="stmt"/>
        <line num="7" count="1" type="stmt"/>
        <line num="9" count="1" type="stmt"/>
        <line num="11" count="1" type="stmt"/>
      </file>
      <file name="category.container.ts" path="D:\Projects\Javascript Fullstack Project\backend-javascript-fullstack\src\container\category.container.ts">
        <metrics statements="9" coveredstatements="9" conditionals="0" coveredconditionals="0" methods="0" coveredmethods="0"/>
        <line num="1" count="1" type="stmt"/>
        <line num="2" count="1" type="stmt"/>
        <line num="3" count="1" type="stmt"/>
        <line num="4" count="1" type="stmt"/>
        <line num="6" count="1" type="stmt"/>
        <line num="7" count="1" type="stmt"/>
        <line num="9" count="1" type="stmt"/>
        <line num="10" count="1" type="stmt"/>
        <line num="12" count="1" type="stmt"/>
      </file>
      <file name="docs.container.ts" path="D:\Projects\Javascript Fullstack Project\backend-javascript-fullstack\src\container\docs.container.ts">
        <metrics statements="3" coveredstatements="3" conditionals="0" coveredconditionals="0" methods="0" coveredmethods="0"/>
        <line num="1" count="1" type="stmt"/>
        <line num="3" count="1" type="stmt"/>
        <line num="5" count="1" type="stmt"/>
      </file>
      <file name="item.container.ts" path="D:\Projects\Javascript Fullstack Project\backend-javascript-fullstack\src\container\item.container.ts">
        <metrics statements="11" coveredstatements="11" conditionals="0" coveredconditionals="0" methods="0" coveredmethods="0"/>
        <line num="1" count="1" type="stmt"/>
        <line num="2" count="1" type="stmt"/>
        <line num="3" count="1" type="stmt"/>
        <line num="4" count="1" type="stmt"/>
        <line num="5" count="1" type="stmt"/>
        <line num="7" count="1" type="stmt"/>
        <line num="8" count="1" type="stmt"/>
        <line num="9" count="1" type="stmt"/>
        <line num="11" count="1" type="stmt"/>
        <line num="12" count="1" type="stmt"/>
        <line num="14" count="1" type="stmt"/>
      </file>
    </package>
    <package name="src.controllers">
      <metrics statements="137" coveredstatements="42" conditionals="22" coveredconditionals="0" methods="22" coveredmethods="6"/>
      <file name="audit.controller.ts" path="D:\Projects\Javascript Fullstack Project\backend-javascript-fullstack\src\controllers\audit.controller.ts">
        <metrics statements="8" coveredstatements="3" conditionals="2" coveredconditionals="0" methods="2" coveredmethods="1"/>
        <line num="6" count="1" type="stmt"/>
        <line num="7" count="1" type="stmt"/>
        <line num="12" count="1" type="stmt"/>
        <line num="13" count="0" type="stmt"/>
        <line num="14" count="0" type="cond" truecount="0" falsecount="2"/>
        <line num="17" count="0" type="stmt"/>
        <line num="19" count="0" type="stmt"/>
        <line num="24" count="0" type="stmt"/>
      </file>
      <file name="auth.controller.ts" path="D:\Projects\Javascript Fullstack Project\backend-javascript-fullstack\src\controllers\auth.controller.ts">
        <metrics statements="28" coveredstatements="16" conditionals="1" coveredconditionals="0" methods="5" coveredmethods="3"/>
        <line num="4" count="1" type="stmt"/>
        <line num="5" count="1" type="stmt"/>
        <line num="8" count="1" type="stmt"/>
        <line num="9" count="1" type="stmt"/>
        <line num="14" count="1" type="stmt"/>
        <line num="15" count="1" type="stmt"/>
        <line num="16" count="1" type="stmt"/>
        <line num="17" count="1" type="stmt"/>
        <line num="19" count="0" type="stmt"/>
        <line num="25" count="1" type="stmt"/>
        <line num="32" count="1" type="stmt"/>
        <line num="33" count="2" type="stmt"/>
        <line num="34" count="2" type="stmt"/>
        <line num="35" count="2" type="stmt"/>
        <line num="37" count="0" type="stmt"/>
        <line num="43" count="2" type="stmt"/>
        <line num="50" count="1" type="stmt"/>
        <line num="51" count="0" type="stmt"/>
        <line num="52" count="0" type="stmt"/>
        <line num="54" count="0" type="cond" truecount="0" falsecount="1"/>
        <line num="55" count="0" type="stmt"/>
        <line num="61" count="0" type="stmt"/>
        <line num="63" count="0" type="stmt"/>
        <line num="68" count="0" type="stmt"/>
        <line num="76" count="1" type="stmt"/>
        <line num="77" count="0" type="stmt"/>
        <line num="78" count="0" type="stmt"/>
        <line num="83" count="0" type="stmt"/>
      </file>
      <file name="category.controller.ts" path="D:\Projects\Javascript Fullstack Project\backend-javascript-fullstack\src\controllers\category.controller.ts">
        <metrics statements="40" coveredstatements="9" conditionals="5" coveredconditionals="0" methods="6" coveredmethods="1"/>
        <line num="3" count="1" type="stmt"/>
        <line num="4" count="1" type="stmt"/>
        <line num="8" count="1" type="stmt"/>
        <line num="9" count="1" type="stmt"/>
        <line num="14" count="1" type="stmt"/>
        <line num="15" count="0" type="stmt"/>
        <line num="16" count="0" type="stmt"/>
        <line num="18" count="0" type="stmt"/>
        <line num="23" count="0" type="stmt"/>
        <line num="30" count="1" type="stmt"/>
        <line num="31" count="0" type="stmt"/>
        <line num="32" count="0" type="stmt"/>
        <line num="34" count="0" type="stmt"/>
        <line num="39" count="0" type="stmt"/>
        <line num="46" count="1" type="stmt"/>
        <line num="47" count="0" type="stmt"/>
        <line num="48" count="0" type="stmt"/>
        <line num="50" count="0" type="cond" truecount="0" falsecount="1"/>
        <line num="51" count="0" type="stmt"/>
        <line num="57" count="0" type="cond" truecount="0" falsecount="2"/>
        <line num="58" count="0" type="stmt"/>
        <line num="60" count="0" type="stmt"/>
        <line num="66" count="0" type="stmt"/>
        <line num="73" count="1" type="stmt"/>
        <line num="74" count="0" type="stmt"/>
        <line num="75" count="0" type="stmt"/>
        <line num="77" count="0" type="cond" truecount="0" falsecount="1"/>
        <line num="78" count="0" type="stmt"/>
        <line num="84" count="0" type="stmt"/>
        <line num="85" count="0" type="stmt"/>
        <line num="87" count="0" type="stmt"/>
        <line num="93" count="0" type="stmt"/>
        <line num="100" count="1" type="stmt"/>
        <line num="101" count="0" type="stmt"/>
        <line num="102" count="0" type="stmt"/>
        <line num="104" count="0" type="cond" truecount="0" falsecount="1"/>
        <line num="105" count="0" type="stmt"/>
        <line num="111" count="0" type="stmt"/>
        <line num="113" count="0" type="stmt"/>
        <line num="118" count="0" type="stmt"/>
      </file>
      <file name="docs.controller.ts" path="D:\Projects\Javascript Fullstack Project\backend-javascript-fullstack\src\controllers\docs.controller.ts">
        <metrics statements="9" coveredstatements="4" conditionals="0" coveredconditionals="0" methods="2" coveredmethods="0"/>
        <line num="3" count="1" type="stmt"/>
        <line num="9" count="1" type="stmt"/>
        <line num="13" count="1" type="stmt"/>
        <line num="14" count="0" type="stmt"/>
        <line num="42" count="0" type="stmt"/>
        <line num="43" count="0" type="stmt"/>
        <line num="49" count="1" type="stmt"/>
        <line num="50" count="0" type="stmt"/>
        <line num="51" count="0" type="stmt"/>
      </file>
      <file name="item.controller.ts" path="D:\Projects\Javascript Fullstack Project\backend-javascript-fullstack\src\controllers\item.controller.ts">
        <metrics statements="52" coveredstatements="10" conditionals="14" coveredconditionals="0" methods="7" coveredmethods="1"/>
        <line num="3" count="1" type="stmt"/>
        <line num="4" count="1" type="stmt"/>
        <line num="8" count="1" type="stmt"/>
        <line num="9" count="1" type="stmt"/>
        <line num="14" count="1" type="stmt"/>
        <line num="15" count="0" type="stmt"/>
        <line num="16" count="0" type="cond" truecount="0" falsecount="2"/>
        <line num="17" count="0" type="cond" truecount="0" falsecount="2"/>
        <line num="18" count="0" type="cond" truecount="0" falsecount="2"/>
        <line num="19" count="0" type="cond" truecount="0" falsecount="2"/>
        <line num="23" count="0" type="stmt"/>
        <line num="25" count="0" type="stmt"/>
        <line num="30" count="0" type="stmt"/>
        <line num="37" count="1" type="stmt"/>
        <line num="38" count="0" type="stmt"/>
        <line num="39" count="0" type="stmt"/>
        <line num="41" count="0" type="stmt"/>
        <line num="46" count="0" type="stmt"/>
        <line num="53" count="1" type="stmt"/>
        <line num="54" count="0" type="stmt"/>
        <line num="55" count="0" type="stmt"/>
        <line num="57" count="0" type="cond" truecount="0" falsecount="1"/>
        <line num="58" count="0" type="stmt"/>
        <line num="64" count="0" type="stmt"/>
        <line num="73" count="0" type="stmt"/>
        <line num="75" count="0" type="stmt"/>
        <line num="81" count="0" type="stmt"/>
        <line num="88" count="1" type="stmt"/>
        <line num="89" count="0" type="stmt"/>
        <line num="90" count="0" type="stmt"/>
        <line num="92" count="0" type="cond" truecount="0" falsecount="1"/>
        <line num="93" count="0" type="stmt"/>
        <line num="99" count="0" type="stmt"/>
        <line num="109" count="0" type="stmt"/>
        <line num="111" count="0" type="stmt"/>
        <line num="117" count="0" type="stmt"/>
        <line num="124" count="1" type="stmt"/>
        <line num="125" count="0" type="stmt"/>
        <line num="126" count="0" type="stmt"/>
        <line num="128" count="0" type="cond" truecount="0" falsecount="1"/>
        <line num="129" count="0" type="stmt"/>
        <line num="135" count="0" type="stmt"/>
        <line num="137" count="0" type="stmt"/>
        <line num="143" count="0" type="stmt"/>
        <line num="150" count="1" type="stmt"/>
        <line num="151" count="0" type="stmt"/>
        <line num="152" count="0" type="stmt"/>
        <line num="154" count="0" type="cond" truecount="0" falsecount="1"/>
        <line num="155" count="0" type="stmt"/>
        <line num="161" count="0" type="stmt"/>
        <line num="163" count="0" type="stmt"/>
        <line num="169" count="0" type="stmt"/>
      </file>
    </package>
    <package name="src.database">
      <metrics statements="4" coveredstatements="0" conditionals="0" coveredconditionals="0" methods="2" coveredmethods="0"/>
      <file name="transaction.ts" path="D:\Projects\Javascript Fullstack Project\backend-javascript-fullstack\src\database\transaction.ts">
        <metrics statements="4" coveredstatements="0" conditionals="0" coveredconditionals="0" methods="2" coveredmethods="0"/>
        <line num="1" count="0" type="stmt"/>
        <line num="4" count="0" type="stmt"/>
        <line num="10" count="0" type="stmt"/>
        <line num="12" count="0" type="stmt"/>
      </file>
    </package>
    <package name="src.dto.auth">
      <metrics statements="22" coveredstatements="8" conditionals="0" coveredconditionals="0" methods="7" coveredmethods="2"/>
      <file name="auth-response.dto.ts" path="D:\Projects\Javascript Fullstack Project\backend-javascript-fullstack\src\dto\auth\auth-response.dto.ts">
        <metrics statements="3" coveredstatements="0" conditionals="0" coveredconditionals="0" methods="1" coveredmethods="0"/>
        <line num="2" count="0" type="stmt"/>
        <line num="4" count="0" type="stmt"/>
        <line num="5" count="0" type="stmt"/>
      </file>
      <file name="create-user.dto.ts" path="D:\Projects\Javascript Fullstack Project\backend-javascript-fullstack\src\dto\auth\create-user.dto.ts">
        <metrics statements="4" coveredstatements="1" conditionals="0" coveredconditionals="0" methods="1" coveredmethods="0"/>
        <line num="3" count="1" type="stmt"/>
        <line num="5" count="0" type="stmt"/>
        <line num="6" count="0" type="stmt"/>
        <line num="7" count="0" type="stmt"/>
      </file>
      <file name="login-response.dto.ts" path="D:\Projects\Javascript Fullstack Project\backend-javascript-fullstack\src\dto\auth\login-response.dto.ts">
        <metrics statements="3" coveredstatements="0" conditionals="0" coveredconditionals="0" methods="1" coveredmethods="0"/>
        <line num="3" count="0" type="stmt"/>
        <line num="5" count="0" type="stmt"/>
        <line num="6" count="0" type="stmt"/>
      </file>
      <file name="login.dto.ts" path="D:\Projects\Javascript Fullstack Project\backend-javascript-fullstack\src\dto\auth\login.dto.ts">
        <metrics statements="3" coveredstatements="3" conditionals="0" coveredconditionals="0" methods="1" coveredmethods="1"/>
        <line num="2" count="1" type="stmt"/>
        <line num="4" count="2" type="stmt"/>
        <line num="5" count="2" type="stmt"/>
      </file>
      <file name="register.dto.ts" path="D:\Projects\Javascript Fullstack Project\backend-javascript-fullstack\src\dto\auth\register.dto.ts">
        <metrics statements="3" coveredstatements="3" conditionals="0" coveredconditionals="0" methods="1" coveredmethods="1"/>
        <line num="1" count="1" type="stmt"/>
        <line num="3" count="1" type="stmt"/>
        <line num="4" count="1" type="stmt"/>
      </file>
      <file name="user-response.dto.ts" path="D:\Projects\Javascript Fullstack Project\backend-javascript-fullstack\src\dto\auth\user-response.dto.ts">
        <metrics statements="6" coveredstatements="1" conditionals="0" coveredconditionals="0" methods="2" coveredmethods="0"/>
        <line num="3" count="1" type="stmt"/>
        <line num="5" count="0" type="stmt"/>
        <line num="6" count="0" type="stmt"/>
        <line num="7" count="0" type="stmt"/>
        <line num="8" count="0" type="stmt"/>
        <line num="17" count="0" type="stmt"/>
      </file>
    </package>
    <package name="src.dto.category">
      <metrics statements="13" coveredstatements="3" conditionals="0" coveredconditionals="0" methods="4" coveredmethods="0"/>
      <file name="category-response.dto.ts" path="D:\Projects\Javascript Fullstack Project\backend-javascript-fullstack\src\dto\category\category-response.dto.ts">
        <metrics statements="7" coveredstatements="1" conditionals="0" coveredconditionals="0" methods="2" coveredmethods="0"/>
        <line num="1" count="1" type="stmt"/>
        <line num="3" count="0" type="stmt"/>
        <line num="4" count="0" type="stmt"/>
        <line num="5" count="0" type="stmt"/>
        <line num="6" count="0" type="stmt"/>
        <line num="7" count="0" type="stmt"/>
        <line num="11" count="0" type="stmt"/>
      </file>
      <file name="create-category.dto.ts" path="D:\Projects\Javascript Fullstack Project\backend-javascript-fullstack\src\dto\category\create-category.dto.ts">
        <metrics statements="3" coveredstatements="1" conditionals="0" coveredconditionals="0" methods="1" coveredmethods="0"/>
        <line num="1" count="1" type="stmt"/>
        <line num="3" count="0" type="stmt"/>
        <line num="4" count="0" type="stmt"/>
      </file>
      <file name="update-category.dto.ts" path="D:\Projects\Javascript Fullstack Project\backend-javascript-fullstack\src\dto\category\update-category.dto.ts">
        <metrics statements="3" coveredstatements="1" conditionals="0" coveredconditionals="0" methods="1" coveredmethods="0"/>
        <line num="1" count="1" type="stmt"/>
        <line num="3" count="0" type="stmt"/>
        <line num="4" count="0" type="stmt"/>
      </file>
    </package>
    <package name="src.dto.item">
      <metrics statements="31" coveredstatements="3" conditionals="6" coveredconditionals="0" methods="4" coveredmethods="0"/>
      <file name="create-item.dto.ts" path="D:\Projects\Javascript Fullstack Project\backend-javascript-fullstack\src\dto\item\create-item.dto.ts">
        <metrics statements="7" coveredstatements="1" conditionals="0" coveredconditionals="0" methods="1" coveredmethods="0"/>
        <line num="1" count="1" type="stmt"/>
        <line num="3" count="0" type="stmt"/>
        <line num="4" count="0" type="stmt"/>
        <line num="5" count="0" type="stmt"/>
        <line num="6" count="0" type="stmt"/>
        <line num="7" count="0" type="stmt"/>
        <line num="8" count="0" type="stmt"/>
      </file>
      <file name="item-response.dto.ts" path="D:\Projects\Javascript Fullstack Project\backend-javascript-fullstack\src\dto\item\item-response.dto.ts">
        <metrics statements="16" coveredstatements="1" conditionals="6" coveredconditionals="0" methods="2" coveredmethods="0"/>
        <line num="1" count="1" type="stmt"/>
        <line num="3" count="0" type="stmt"/>
        <line num="4" count="0" type="stmt"/>
        <line num="5" count="0" type="stmt"/>
        <line num="6" count="0" type="stmt"/>
        <line num="7" count="0" type="stmt"/>
        <line num="8" count="0" type="stmt"/>
        <line num="9" count="0" type="stmt"/>
        <line num="10" count="0" type="stmt"/>
        <line num="11" count="0" type="stmt"/>
        <line num="12" count="0" type="stmt"/>
        <line num="13" count="0" type="stmt"/>
        <line num="14" count="0" type="stmt"/>
        <line num="15" count="0" type="stmt"/>
        <line num="16" count="0" type="stmt"/>
        <line num="20" count="0" type="stmt"/>
      </file>
      <file name="update-item.dto.ts" path="D:\Projects\Javascript Fullstack Project\backend-javascript-fullstack\src\dto\item\update-item.dto.ts">
        <metrics statements="8" coveredstatements="1" conditionals="0" coveredconditionals="0" methods="1" coveredmethods="0"/>
        <line num="1" count="1" type="stmt"/>
        <line num="3" count="0" type="stmt"/>
        <line num="4" count="0" type="stmt"/>
        <line num="5" count="0" type="stmt"/>
        <line num="6" count="0" type="stmt"/>
        <line num="7" count="0" type="stmt"/>
        <line num="8" count="0" type="stmt"/>
        <line num="9" count="0" type="stmt"/>
      </file>
    </package>
    <package name="src.errors">
      <metrics statements="20" coveredstatements="9" conditionals="5" coveredconditionals="0" methods="6" coveredmethods="0"/>
      <file name="AppError.ts" path="D:\Projects\Javascript Fullstack Project\backend-javascript-fullstack\src\errors\AppError.ts">
        <metrics statements="5" coveredstatements="1" conditionals="0" coveredconditionals="0" methods="1" coveredmethods="0"/>
        <line num="1" count="1" type="stmt"/>
        <line num="6" count="0" type="stmt"/>
        <line num="8" count="0" type="stmt"/>
        <line num="9" count="0" type="stmt"/>
        <line num="11" count="0" type="stmt"/>
      </file>
      <file name="BadRequestError.ts" path="D:\Projects\Javascript Fullstack Project\backend-javascript-fullstack\src\errors\BadRequestError.ts">
        <metrics statements="3" coveredstatements="2" conditionals="1" coveredconditionals="0" methods="1" coveredmethods="0"/>
        <line num="1" count="1" type="stmt"/>
        <line num="3" count="1" type="stmt"/>
        <line num="5" count="0" type="stmt"/>
      </file>
      <file name="ConflictError.ts" path="D:\Projects\Javascript Fullstack Project\backend-javascript-fullstack\src\errors\ConflictError.ts">
        <metrics statements="3" coveredstatements="2" conditionals="1" coveredconditionals="0" methods="1" coveredmethods="0"/>
        <line num="1" count="1" type="stmt"/>
        <line num="3" count="1" type="stmt"/>
        <line num="5" count="0" type="stmt"/>
      </file>
      <file name="ForbiddenError.ts" path="D:\Projects\Javascript Fullstack Project\backend-javascript-fullstack\src\errors\ForbiddenError.ts">
        <metrics statements="3" coveredstatements="0" conditionals="1" coveredconditionals="0" methods="1" coveredmethods="0"/>
        <line num="1" count="0" type="stmt"/>
        <line num="3" count="0" type="stmt"/>
        <line num="5" count="0" type="stmt"/>
      </file>
      <file name="NotFoundError.ts" path="D:\Projects\Javascript Fullstack Project\backend-javascript-fullstack\src\errors\NotFoundError.ts">
        <metrics statements="3" coveredstatements="2" conditionals="1" coveredconditionals="0" methods="1" coveredmethods="0"/>
        <line num="2" count="1" type="stmt"/>
        <line num="4" count="1" type="stmt"/>
        <line num="6" count="0" type="stmt"/>
      </file>
      <file name="UnauthorizedError.ts" path="D:\Projects\Javascript Fullstack Project\backend-javascript-fullstack\src\errors\UnauthorizedError.ts">
        <metrics statements="3" coveredstatements="2" conditionals="1" coveredconditionals="0" methods="1" coveredmethods="0"/>
        <line num="1" count="1" type="stmt"/>
        <line num="3" count="1" type="stmt"/>
        <line num="5" count="0" type="stmt"/>
      </file>
    </package>
    <package name="src.middleware">
      <metrics statements="37" coveredstatements="21" conditionals="8" coveredconditionals="2" methods="8" coveredmethods="5"/>
      <file name="auth.middleware.ts" path="D:\Projects\Javascript Fullstack Project\backend-javascript-fullstack\src\middleware\auth.middleware.ts">
        <metrics statements="11" coveredstatements="6" conditionals="1" coveredconditionals="1" methods="1" coveredmethods="1"/>
        <line num="4" count="1" type="stmt"/>
        <line num="22" count="1" type="stmt"/>
        <line num="27" count="1" type="stmt"/>
        <line num="29" count="1" type="stmt"/>
        <line num="32" count="1" type="cond" truecount="1" falsecount="0"/>
        <line num="33" count="1" type="stmt"/>
        <line num="40" count="0" type="stmt"/>
        <line num="44" count="0" type="stmt"/>
        <line num="48" count="0" type="stmt"/>
        <line num="50" count="0" type="stmt"/>
        <line num="53" count="0" type="stmt"/>
      </file>
      <file name="error.middleware.ts" path="D:\Projects\Javascript Fullstack Project\backend-javascript-fullstack\src\middleware\error.middleware.ts">
        <metrics statements="6" coveredstatements="5" conditionals="1" coveredconditionals="0" methods="1" coveredmethods="1"/>
        <line num="2" count="1" type="stmt"/>
        <line num="5" count="1" type="stmt"/>
        <line num="11" count="3" type="cond" truecount="0" falsecount="1"/>
        <line num="12" count="0" type="stmt"/>
        <line num="19" count="3" type="stmt"/>
        <line num="21" count="3" type="stmt"/>
      </file>
      <file name="notFound.middleware.ts" path="D:\Projects\Javascript Fullstack Project\backend-javascript-fullstack\src\middleware\notFound.middleware.ts">
        <metrics statements="2" coveredstatements="1" conditionals="0" coveredconditionals="0" methods="1" coveredmethods="0"/>
        <line num="3" count="1" type="stmt"/>
        <line num="4" count="0" type="stmt"/>
      </file>
      <file name="role.middleware.ts" path="D:\Projects\Javascript Fullstack Project\backend-javascript-fullstack\src\middleware\role.middleware.ts">
        <metrics statements="8" coveredstatements="2" conditionals="2" coveredconditionals="0" methods="2" coveredmethods="1"/>
        <line num="9" count="1" type="stmt"/>
        <line num="10" count="8" type="stmt"/>
        <line num="11" count="0" type="stmt"/>
        <line num="13" count="0" type="cond" truecount="0" falsecount="1"/>
        <line num="14" count="0" type="stmt"/>
        <line num="20" count="0" type="cond" truecount="0" falsecount="1"/>
        <line num="21" count="0" type="stmt"/>
        <line num="27" count="0" type="stmt"/>
      </file>
      <file name="validate.middleware.ts" path="D:\Projects\Javascript Fullstack Project\backend-javascript-fullstack\src\middleware\validate.middleware.ts">
        <metrics statements="10" coveredstatements="7" conditionals="4" coveredconditionals="1" methods="3" coveredmethods="2"/>
        <line num="6" count="1" type="stmt"/>
        <line num="10" count="15" type="stmt"/>
        <line num="17" count="3" type="stmt"/>
        <line num="19" count="3" type="cond" truecount="0" falsecount="1"/>
        <line num="20" count="0" type="stmt"/>
        <line num="23" count="0" type="stmt"/>
        <line num="32" count="3" type="cond" truecount="1" falsecount="1"/>
        <line num="33" count="0" type="stmt"/>
        <line num="35" count="3" type="stmt"/>
        <line num="38" count="3" type="stmt"/>
      </file>
    </package>
    <package name="src.repositories">
      <metrics statements="29" coveredstatements="12" conditionals="4" coveredconditionals="2" methods="19" coveredmethods="2"/>
      <file name="audit.repository.ts" path="D:\Projects\Javascript Fullstack Project\backend-javascript-fullstack\src\repositories\audit.repository.ts">
        <metrics statements="4" coveredstatements="2" conditionals="2" coveredconditionals="0" methods="2" coveredmethods="0"/>
        <line num="3" count="1" type="stmt"/>
        <line num="5" count="1" type="stmt"/>
        <line num="10" count="0" type="stmt"/>
        <line num="22" count="0" type="stmt"/>
      </file>
      <file name="base.repository.ts" path="D:\Projects\Javascript Fullstack Project\backend-javascript-fullstack\src\repositories\base.repository.ts">
        <metrics statements="3" coveredstatements="3" conditionals="2" coveredconditionals="2" methods="1" coveredmethods="1"/>
        <line num="1" count="1" type="stmt"/>
        <line num="5" count="1" type="stmt"/>
        <line num="8" count="3" type="cond" truecount="2" falsecount="0"/>
      </file>
      <file name="category.repository.ts" path="D:\Projects\Javascript Fullstack Project\backend-javascript-fullstack\src\repositories\category.repository.ts">
        <metrics statements="8" coveredstatements="2" conditionals="0" coveredconditionals="0" methods="6" coveredmethods="0"/>
        <line num="3" count="1" type="stmt"/>
        <line num="6" count="1" type="stmt"/>
        <line num="11" count="0" type="stmt"/>
        <line num="20" count="0" type="stmt"/>
        <line num="32" count="0" type="stmt"/>
        <line num="41" count="0" type="stmt"/>
        <line num="48" count="0" type="stmt"/>
        <line num="58" count="0" type="stmt"/>
      </file>
      <file name="item.repository.ts" path="D:\Projects\Javascript Fullstack Project\backend-javascript-fullstack\src\repositories\item.repository.ts">
        <metrics statements="9" coveredstatements="2" conditionals="0" coveredconditionals="0" methods="7" coveredmethods="0"/>
        <line num="3" count="1" type="stmt"/>
        <line num="7" count="1" type="stmt"/>
        <line num="18" count="0" type="stmt"/>
        <line num="31" count="0" type="stmt"/>
        <line num="38" count="0" type="stmt"/>
        <line num="52" count="0" type="stmt"/>
        <line num="61" count="0" type="stmt"/>
        <line num="75" count="0" type="stmt"/>
        <line num="90" count="0" type="stmt"/>
      </file>
      <file name="user.repository.ts" path="D:\Projects\Javascript Fullstack Project\backend-javascript-fullstack\src\repositories\user.repository.ts">
        <metrics statements="5" coveredstatements="3" conditionals="0" coveredconditionals="0" methods="3" coveredmethods="1"/>
        <line num="1" count="1" type="stmt"/>
        <line num="6" count="1" type="stmt"/>
        <line num="11" count="3" type="stmt"/>
        <line num="22" count="0" type="stmt"/>
        <line num="33" count="0" type="stmt"/>
      </file>
    </package>
    <package name="src.routes">
      <metrics statements="57" coveredstatements="57" conditionals="0" coveredconditionals="0" methods="0" coveredmethods="0"/>
      <file name="audit.routes.ts" path="D:\Projects\Javascript Fullstack Project\backend-javascript-fullstack\src\routes\audit.routes.ts">
        <metrics statements="9" coveredstatements="9" conditionals="0" coveredconditionals="0" methods="0" coveredmethods="0"/>
        <line num="1" count="1" type="stmt"/>
        <line num="3" count="1" type="stmt"/>
        <line num="4" count="1" type="stmt"/>
        <line num="5" count="1" type="stmt"/>
        <line num="6" count="1" type="stmt"/>
        <line num="7" count="1" type="stmt"/>
        <line num="9" count="1" type="stmt"/>
        <line num="12" count="1" type="stmt"/>
        <line num="20" count="1" type="stmt"/>
      </file>
      <file name="auth.routes.ts" path="D:\Projects\Javascript Fullstack Project\backend-javascript-fullstack\src\routes\auth.routes.ts">
        <metrics statements="12" coveredstatements="12" conditionals="0" coveredconditionals="0" methods="0" coveredmethods="0"/>
        <line num="1" count="1" type="stmt"/>
        <line num="3" count="1" type="stmt"/>
        <line num="4" count="1" type="stmt"/>
        <line num="5" count="1" type="stmt"/>
        <line num="6" count="1" type="stmt"/>
        <line num="7" count="1" type="stmt"/>
        <line num="9" count="1" type="stmt"/>
        <line num="13" count="1" type="stmt"/>
        <line num="20" count="1" type="stmt"/>
        <line num="27" count="1" type="stmt"/>
        <line num="30" count="1" type="stmt"/>
        <line num="32" count="1" type="stmt"/>
      </file>
      <file name="category.routes.ts" path="D:\Projects\Javascript Fullstack Project\backend-javascript-fullstack\src\routes\category.routes.ts">
        <metrics statements="14" coveredstatements="14" conditionals="0" coveredconditionals="0" methods="0" coveredmethods="0"/>
        <line num="1" count="1" type="stmt"/>
        <line num="3" count="1" type="stmt"/>
        <line num="4" count="1" type="stmt"/>
        <line num="5" count="1" type="stmt"/>
        <line num="6" count="1" type="stmt"/>
        <line num="7" count="1" type="stmt"/>
        <line num="8" count="1" type="stmt"/>
        <line num="10" count="1" type="stmt"/>
        <line num="13" count="1" type="stmt"/>
        <line num="15" count="1" type="stmt"/>
        <line num="22" count="1" type="stmt"/>
        <line num="30" count="1" type="stmt"/>
        <line num="39" count="1" type="stmt"/>
        <line num="47" count="1" type="stmt"/>
      </file>
      <file name="docs.routes.ts" path="D:\Projects\Javascript Fullstack Project\backend-javascript-fullstack\src\routes\docs.routes.ts">
        <metrics statements="6" coveredstatements="6" conditionals="0" coveredconditionals="0" methods="0" coveredmethods="0"/>
        <line num="1" count="1" type="stmt"/>
        <line num="3" count="1" type="stmt"/>
        <line num="5" count="1" type="stmt"/>
        <line num="8" count="1" type="stmt"/>
        <line num="9" count="1" type="stmt"/>
        <line num="11" count="1" type="stmt"/>
      </file>
      <file name="item.routes.ts" path="D:\Projects\Javascript Fullstack Project\backend-javascript-fullstack\src\routes\item.routes.ts">
        <metrics statements="16" coveredstatements="16" conditionals="0" coveredconditionals="0" methods="0" coveredmethods="0"/>
        <line num="1" count="1" type="stmt"/>
        <line num="3" count="1" type="stmt"/>
        <line num="4" count="1" type="stmt"/>
        <line num="5" count="1" type="stmt"/>
        <line num="6" count="1" type="stmt"/>
        <line num="7" count="1" type="stmt"/>
        <line num="8" count="1" type="stmt"/>
        <line num="9" count="1" type="stmt"/>
        <line num="11" count="1" type="stmt"/>
        <line num="15" count="1" type="stmt"/>
        <line num="22" count="1" type="stmt"/>
        <line num="29" count="1" type="stmt"/>
        <line num="37" count="1" type="stmt"/>
        <line num="46" count="1" type="stmt"/>
        <line num="54" count="1" type="stmt"/>
        <line num="62" count="1" type="stmt"/>
      </file>
    </package>
    <package name="src.security">
      <metrics statements="15" coveredstatements="8" conditionals="5" coveredconditionals="0" methods="4" coveredmethods="0"/>
      <file name="auth.constant.ts" path="D:\Projects\Javascript Fullstack Project\backend-javascript-fullstack\src\security\auth.constant.ts">
        <metrics statements="1" coveredstatements="1" conditionals="0" coveredconditionals="0" methods="0" coveredmethods="0"/>
        <line num="1" count="1" type="stmt"/>
      </file>
      <file name="jwt.ts" path="D:\Projects\Javascript Fullstack Project\backend-javascript-fullstack\src\security\jwt.ts">
        <metrics statements="9" coveredstatements="4" conditionals="5" coveredconditionals="0" methods="2" coveredmethods="0"/>
        <line num="1" count="1" type="stmt"/>
        <line num="3" count="1" type="stmt"/>
        <line num="4" count="1" type="stmt"/>
        <line num="8" count="1" type="stmt"/>
        <line num="13" count="0" type="stmt"/>
        <line num="22" count="0" type="stmt"/>
        <line num="24" count="0" type="cond" truecount="0" falsecount="5"/>
        <line num="25" count="0" type="stmt"/>
        <line num="28" count="0" type="stmt"/>
      </file>
      <file name="password.ts" path="D:\Projects\Javascript Fullstack Project\backend-javascript-fullstack\src\security\password.ts">
        <metrics statements="5" coveredstatements="3" conditionals="0" coveredconditionals="0" methods="2" coveredmethods="0"/>
        <line num="1" count="1" type="stmt"/>
        <line num="3" count="1" type="stmt"/>
        <line num="5" count="1" type="stmt"/>
        <line num="8" count="0" type="stmt"/>
        <line num="16" count="0" type="stmt"/>
      </file>
    </package>
    <package name="src.services">
      <metrics statements="144" coveredstatements="31" conditionals="46" coveredconditionals="0" methods="22" coveredmethods="6"/>
      <file name="audit.service.ts" path="D:\Projects\Javascript Fullstack Project\backend-javascript-fullstack\src\services\audit.service.ts">
        <metrics statements="4" coveredstatements="2" conditionals="0" coveredconditionals="0" methods="2" coveredmethods="1"/>
        <line num="6" count="1" type="stmt"/>
        <line num="7" count="1" type="stmt"/>
        <line num="13" count="0" type="stmt"/>
        <line num="15" count="0" type="stmt"/>
      </file>
      <file name="auth.service.ts" path="D:\Projects\Javascript Fullstack Project\backend-javascript-fullstack\src\services\auth.service.ts">
        <metrics statements="29" coveredstatements="12" conditionals="4" coveredconditionals="0" methods="4" coveredmethods="3"/>
        <line num="1" count="1" type="stmt"/>
        <line num="4" count="1" type="stmt"/>
        <line num="6" count="1" type="stmt"/>
        <line num="8" count="1" type="stmt"/>
        <line num="9" count="1" type="stmt"/>
        <line num="10" count="1" type="stmt"/>
        <line num="12" count="1" type="stmt"/>
        <line num="13" count="1" type="stmt"/>
        <line num="19" count="1" type="stmt"/>
        <line num="20" count="1" type="stmt"/>
        <line num="37" count="1" type="stmt"/>
        <line num="39" count="0" type="cond" truecount="0" falsecount="1"/>
        <line num="40" count="0" type="stmt"/>
        <line num="44" count="0" type="stmt"/>
        <line num="46" count="0" type="stmt"/>
        <line num="47" count="0" type="stmt"/>
        <line num="49" count="0" type="stmt"/>
        <line num="67" count="2" type="stmt"/>
        <line num="69" count="0" type="cond" truecount="0" falsecount="1"/>
        <line num="70" count="0" type="stmt"/>
        <line num="74" count="0" type="stmt"/>
        <line num="76" count="0" type="cond" truecount="0" falsecount="1"/>
        <line num="77" count="0" type="stmt"/>
        <line num="82" count="0" type="stmt"/>
        <line num="88" count="0" type="stmt"/>
        <line num="105" count="0" type="stmt"/>
        <line num="107" count="0" type="cond" truecount="0" falsecount="1"/>
        <line num="108" count="0" type="stmt"/>
        <line num="111" count="0" type="stmt"/>
      </file>
      <file name="category.service.ts" path="D:\Projects\Javascript Fullstack Project\backend-javascript-fullstack\src\services\category.service.ts">
        <metrics statements="38" coveredstatements="8" conditionals="11" coveredconditionals="0" methods="7" coveredmethods="1"/>
        <line num="1" count="1" type="stmt"/>
        <line num="5" count="1" type="stmt"/>
        <line num="6" count="1" type="stmt"/>
        <line num="7" count="1" type="stmt"/>
        <line num="8" count="1" type="stmt"/>
        <line num="13" count="1" type="stmt"/>
        <line num="15" count="1" type="stmt"/>
        <line num="16" count="1" type="stmt"/>
        <line num="23" count="0" type="stmt"/>
        <line num="24" count="0" type="stmt"/>
        <line num="31" count="0" type="stmt"/>
        <line num="33" count="0" type="cond" truecount="0" falsecount="1"/>
        <line num="34" count="0" type="stmt"/>
        <line num="37" count="0" type="stmt"/>
        <line num="44" count="0" type="stmt"/>
        <line num="46" count="0" type="cond" truecount="0" falsecount="1"/>
        <line num="47" count="0" type="stmt"/>
        <line num="50" count="0" type="stmt"/>
        <line num="55" count="0" type="stmt"/>
        <line num="63" count="0" type="stmt"/>
        <line num="70" count="0" type="stmt"/>
        <line num="72" count="0" type="cond" truecount="0" falsecount="1"/>
        <line num="73" count="0" type="stmt"/>
        <line num="76" count="0" type="cond" truecount="0" falsecount="3"/>
        <line num="77" count="0" type="stmt"/>
        <line num="79" count="0" type="cond" truecount="0" falsecount="1"/>
        <line num="80" count="0" type="stmt"/>
        <line num="84" count="0" type="stmt"/>
        <line num="89" count="0" type="stmt"/>
        <line num="97" count="0" type="stmt"/>
        <line num="104" count="0" type="stmt"/>
        <line num="106" count="0" type="cond" truecount="0" falsecount="1"/>
        <line num="107" count="0" type="stmt"/>
        <line num="110" count="0" type="cond" truecount="0" falsecount="1"/>
        <line num="111" count="0" type="stmt"/>
        <line num="114" count="0" type="stmt"/>
        <line num="116" count="0" type="stmt"/>
        <line num="124" count="0" type="stmt"/>
      </file>
      <file name="item.service.ts" path="D:\Projects\Javascript Fullstack Project\backend-javascript-fullstack\src\services\item.service.ts">
        <metrics statements="73" coveredstatements="9" conditionals="31" coveredconditionals="0" methods="9" coveredmethods="1"/>
        <line num="1" count="1" type="stmt"/>
        <line num="5" count="1" type="stmt"/>
        <line num="6" count="1" type="stmt"/>
        <line num="7" count="1" type="stmt"/>
        <line num="8" count="1" type="stmt"/>
        <line num="14" count="1" type="stmt"/>
        <line num="16" count="1" type="stmt"/>
        <line num="17" count="1" type="stmt"/>
        <line num="18" count="1" type="stmt"/>
        <line num="25" count="0" type="cond" truecount="0" falsecount="2"/>
        <line num="26" count="0" type="cond" truecount="0" falsecount="2"/>
        <line num="27" count="0" type="stmt"/>
        <line num="29" count="0" type="stmt"/>
        <line num="42" count="0" type="stmt"/>
        <line num="52" count="0" type="stmt"/>
        <line num="53" count="0" type="stmt"/>
        <line num="65" count="0" type="stmt"/>
        <line num="67" count="0" type="cond" truecount="0" falsecount="1"/>
        <line num="68" count="0" type="stmt"/>
        <line num="71" count="0" type="stmt"/>
        <line num="78" count="0" type="stmt"/>
        <line num="80" count="0" type="cond" truecount="0" falsecount="1"/>
        <line num="81" count="0" type="stmt"/>
        <line num="84" count="0" type="stmt"/>
        <line num="86" count="0" type="cond" truecount="0" falsecount="1"/>
        <line num="87" count="0" type="stmt"/>
        <line num="90" count="0" type="stmt"/>
        <line num="92" count="0" type="stmt"/>
        <line num="103" count="0" type="stmt"/>
        <line num="111" count="0" type="stmt"/>
        <line num="118" count="0" type="stmt"/>
        <line num="120" count="0" type="cond" truecount="0" falsecount="1"/>
        <line num="121" count="0" type="stmt"/>
        <line num="124" count="0" type="cond" truecount="0" falsecount="3"/>
        <line num="125" count="0" type="stmt"/>
        <line num="127" count="0" type="cond" truecount="0" falsecount="1"/>
        <line num="128" count="0" type="stmt"/>
        <line num="132" count="0" type="cond" truecount="0" falsecount="1"/>
        <line num="133" count="0" type="stmt"/>
        <line num="134" count="0" type="cond" truecount="0" falsecount="1"/>
        <line num="135" count="0" type="stmt"/>
        <line num="139" count="0" type="stmt"/>
        <line num="141" count="0" type="cond" truecount="0" falsecount="1"/>
        <line num="142" count="0" type="cond" truecount="0" falsecount="1"/>
        <line num="143" count="0" type="cond" truecount="0" falsecount="1"/>
        <line num="144" count="0" type="cond" truecount="0" falsecount="1"/>
        <line num="145" count="0" type="cond" truecount="0" falsecount="1"/>
        <line num="146" count="0" type="cond" truecount="0" falsecount="1"/>
        <line num="147" count="0" type="cond" truecount="0" falsecount="1"/>
        <line num="148" count="0" type="cond" truecount="0" falsecount="1"/>
        <line num="149" count="0" type="cond" truecount="0" falsecount="1"/>
        <line num="151" count="0" type="stmt"/>
        <line num="153" count="0" type="stmt"/>
        <line num="155" count="0" type="stmt"/>
        <line num="163" count="0" type="stmt"/>
        <line num="170" count="0" type="stmt"/>
        <line num="172" count="0" type="cond" truecount="0" falsecount="1"/>
        <line num="173" count="0" type="stmt"/>
        <line num="176" count="0" type="stmt"/>
        <line num="182" count="0" type="stmt"/>
        <line num="190" count="0" type="stmt"/>
        <line num="197" count="0" type="stmt"/>
        <line num="199" count="0" type="cond" truecount="0" falsecount="1"/>
        <line num="200" count="0" type="stmt"/>
        <line num="203" count="0" type="stmt"/>
        <line num="209" count="0" type="stmt"/>
        <line num="217" count="0" type="stmt"/>
        <line num="221" count="0" type="cond" truecount="0" falsecount="1"/>
        <line num="222" count="0" type="stmt"/>
        <line num="225" count="0" type="stmt"/>
        <line num="227" count="0" type="cond" truecount="0" falsecount="1"/>
        <line num="228" count="0" type="stmt"/>
        <line num="231" count="0" type="stmt"/>
      </file>
    </package>
    <package name="src.swagger">
      <metrics statements="1" coveredstatements="1" conditionals="0" coveredconditionals="0" methods="0" coveredmethods="0"/>
      <file name="openapi.ts" path="D:\Projects\Javascript Fullstack Project\backend-javascript-fullstack\src\swagger\openapi.ts">
        <metrics statements="1" coveredstatements="1" conditionals="0" coveredconditionals="0" methods="0" coveredmethods="0"/>
        <line num="2" count="1" type="stmt"/>
      </file>
    </package>
    <package name="src.validators">
      <metrics statements="18" coveredstatements="18" conditionals="0" coveredconditionals="0" methods="0" coveredmethods="0"/>
      <file name="audit.validator.ts" path="D:\Projects\Javascript Fullstack Project\backend-javascript-fullstack\src\validators\audit.validator.ts">
        <metrics statements="3" coveredstatements="3" conditionals="0" coveredconditionals="0" methods="0" coveredmethods="0"/>
        <line num="1" count="1" type="stmt"/>
        <line num="2" count="1" type="stmt"/>
        <line num="4" count="1" type="stmt"/>
      </file>
      <file name="auth.validator.ts" path="D:\Projects\Javascript Fullstack Project\backend-javascript-fullstack\src\validators\auth.validator.ts">
        <metrics statements="3" coveredstatements="3" conditionals="0" coveredconditionals="0" methods="0" coveredmethods="0"/>
        <line num="1" count="1" type="stmt"/>
        <line num="4" count="1" type="stmt"/>
        <line num="25" count="1" type="stmt"/>
      </file>
      <file name="category.validator.ts" path="D:\Projects\Javascript Fullstack Project\backend-javascript-fullstack\src\validators\category.validator.ts">
        <metrics statements="3" coveredstatements="3" conditionals="0" coveredconditionals="0" methods="0" coveredmethods="0"/>
        <line num="1" count="1" type="stmt"/>
        <line num="4" count="1" type="stmt"/>
        <line num="9" count="1" type="stmt"/>
      </file>
      <file name="common.validator.ts" path="D:\Projects\Javascript Fullstack Project\backend-javascript-fullstack\src\validators\common.validator.ts">
        <metrics statements="2" coveredstatements="2" conditionals="0" coveredconditionals="0" methods="0" coveredmethods="0"/>
        <line num="1" count="1" type="stmt"/>
        <line num="3" count="1" type="stmt"/>
      </file>
      <file name="item.validator.ts" path="D:\Projects\Javascript Fullstack Project\backend-javascript-fullstack\src\validators\item.validator.ts">
        <metrics statements="3" coveredstatements="3" conditionals="0" coveredconditionals="0" methods="0" coveredmethods="0"/>
        <line num="1" count="1" type="stmt"/>
        <line num="4" count="1" type="stmt"/>
        <line num="13" count="1" type="stmt"/>
      </file>
      <file name="login.validator.ts" path="D:\Projects\Javascript Fullstack Project\backend-javascript-fullstack\src\validators\login.validator.ts">
        <metrics statements="2" coveredstatements="2" conditionals="0" coveredconditionals="0" methods="0" coveredmethods="0"/>
        <line num="1" count="1" type="stmt"/>
        <line num="4" count="1" type="stmt"/>
      </file>
      <file name="search.validator.ts" path="D:\Projects\Javascript Fullstack Project\backend-javascript-fullstack\src\validators\search.validator.ts">
        <metrics statements="2" coveredstatements="2" conditionals="0" coveredconditionals="0" methods="0" coveredmethods="0"/>
        <line num="1" count="1" type="stmt"/>
        <line num="3" count="1" type="stmt"/>
      </file>
    </package>
  </project>
</coverage>
