{"D:\\Projects\\Javascript Fullstack Project\\backend-javascript-fullstack\\src\\app.ts": {"path":"D:\\Projects\\Javascript Fullstack Project\\backend-javascript-fullstack\\src\\app.ts","statementMap":{"0":{"start":{"line":1,"column":0},"end":{"line":1,"column":30}},"1":{"start":{"line":2,"column":0},"end":{"line":2,"column":24}},"2":{"start":{"line":3,"column":0},"end":{"line":3,"column":28}},"3":{"start":{"line":5,"column":0},"end":{"line":5,"column":46}},"4":{"start":{"line":6,"column":0},"end":{"line":6,"column":46}},"5":{"start":{"line":7,"column":0},"end":{"line":7,"column":54}},"6":{"start":{"line":8,"column":0},"end":{"line":8,"column":48}},"7":{"start":{"line":9,"column":0},"end":{"line":9,"column":46}},"8":{"start":{"line":10,"column":0},"end":{"line":10,"column":70}},"9":{"start":{"line":11,"column":0},"end":{"line":11,"column":64}},"10":{"start":{"line":14,"column":12},"end":{"line":14,"column":21}},"11":{"start":{"line":16,"column":0},"end":{"line":16,"column":16}},"12":{"start":{"line":17,"column":0},"end":{"line":17,"column":24}},"13":{"start":{"line":18,"column":0},"end":{"line":18,"column":23}},"14":{"start":{"line":21,"column":0},"end":{"line":21,"column":33}},"15":{"start":{"line":22,"column":0},"end":{"line":22,"column":34}},"16":{"start":{"line":23,"column":0},"end":{"line":23,"column":43}},"17":{"start":{"line":24,"column":0},"end":{"line":24,"column":35}},"18":{"start":{"line":25,"column":0},"end":{"line":25,"column":33}},"19":{"start":{"line":29,"column":0},"end":{"line":35,"column":3}},"20":{"start":{"line":30,"column":2},"end":{"line":34,"column":5}},"21":{"start":{"line":38,"column":0},"end":{"line":38,"column":28}},"22":{"start":{"line":41,"column":0},"end":{"line":41,"column":25}},"23":{"start":{"line":44,"column":0},"end":{"line":44,"column":19}}},"fnMap":{"0":{"name":"(anonymous_1)","decl":{"start":{"line":29,"column":19},"end":{"line":29,"column":20}},"loc":{"start":{"line":29,"column":32},"end":{"line":35,"column":1}}}},"branchMap":{},"s":{"0":3,"1":3,"2":3,"3":3,"4":3,"5":3,"6":3,"7":3,"8":3,"9":3,"10":3,"11":3,"12":3,"13":3,"14":3,"15":3,"16":3,"17":3,"18":3,"19":3,"20":1,"21":3,"22":3,"23":3},"f":{"0":1},"b":{}}
,"D:\\Projects\\Javascript Fullstack Project\\backend-javascript-fullstack\\src\\server.ts": {"path":"D:\\Projects\\Javascript Fullstack Project\\backend-javascript-fullstack\\src\\server.ts","statementMap":{"0":{"start":{"line":1,"column":0},"end":{"line":1,"column":23}},"1":{"start":{"line":2,"column":0},"end":{"line":2,"column":24}},"2":{"start":{"line":5,"column":13},"end":{"line":5,"column":37}},"3":{"start":{"line":7,"column":0},"end":{"line":9,"column":3}},"4":{"start":{"line":8,"column":2},"end":{"line":8,"column":51}}},"fnMap":{"0":{"name":"(anonymous_1)","decl":{"start":{"line":7,"column":17},"end":{"line":7,"column":20}},"loc":{"start":{"line":7,"column":22},"end":{"line":9,"column":1}}}},"branchMap":{"0":{"loc":{"start":{"line":5,"column":13},"end":{"line":5,"column":37}},"type":"binary-expr","locations":[{"start":{"line":5,"column":13},"end":{"line":5,"column":29}},{"start":{"line":5,"column":33},"end":{"line":5,"column":37}}]}},"s":{"0":0,"1":0,"2":0,"3":0,"4":0},"f":{"0":0},"b":{"0":[0,0]}}
,"D:\\Projects\\Javascript Fullstack Project\\backend-javascript-fullstack\\src\\config\\env.ts": {"path":"D:\\Projects\\Javascript Fullstack Project\\backend-javascript-fullstack\\src\\config\\env.ts","statementMap":{"0":{"start":{"line":1,"column":0},"end":{"line":1,"column":23}},"1":{"start":{"line":4,"column":13},"end":{"line":14,"column":2}}},"fnMap":{},"branchMap":{"0":{"loc":{"start":{"line":5,"column":8},"end":{"line":5,"column":34}},"type":"binary-expr","locations":[{"start":{"line":5,"column":8},"end":{"line":5,"column":24}},{"start":{"line":5,"column":28},"end":{"line":5,"column":34}}]},"1":{"loc":{"start":{"line":9,"column":14},"end":{"line":9,"column":60}},"type":"binary-expr","locations":[{"start":{"line":9,"column":14},"end":{"line":9,"column":36}},{"start":{"line":9,"column":40},"end":{"line":9,"column":60}}]},"2":{"loc":{"start":{"line":11,"column":18},"end":{"line":11,"column":55}},"type":"binary-expr","locations":[{"start":{"line":11,"column":18},"end":{"line":11,"column":44}},{"start":{"line":11,"column":48},"end":{"line":11,"column":55}}]},"3":{"loc":{"start":{"line":13,"column":18},"end":{"line":13,"column":58}},"type":"binary-expr","locations":[{"start":{"line":13,"column":18},"end":{"line":13,"column":44}},{"start":{"line":13,"column":48},"end":{"line":13,"column":58}}]}},"s":{"0":5,"1":5},"f":{},"b":{"0":[5,0],"1":[5,0],"2":[5,5],"3":[5,5]}}
,"D:\\Projects\\Javascript Fullstack Project\\backend-javascript-fullstack\\src\\config\\prisma.ts": {"path":"D:\\Projects\\Javascript Fullstack Project\\backend-javascript-fullstack\\src\\config\\prisma.ts","statementMap":{"0":{"start":{"line":1,"column":0},"end":{"line":1,"column":46}},"1":{"start":{"line":4,"column":15},"end":{"line":6,"column":2}},"2":{"start":{"line":8,"column":0},"end":{"line":8,"column":22}}},"fnMap":{},"branchMap":{},"s":{"0":3,"1":3,"2":3},"f":{},"b":{}}
,"D:\\Projects\\Javascript Fullstack Project\\backend-javascript-fullstack\\src\\container\\audit.container.ts": {"path":"D:\\Projects\\Javascript Fullstack Project\\backend-javascript-fullstack\\src\\container\\audit.container.ts","statementMap":{"0":{"start":{"line":1,"column":0},"end":{"line":1,"column":66}},"1":{"start":{"line":2,"column":0},"end":{"line":2,"column":67}},"2":{"start":{"line":3,"column":0},"end":{"line":3,"column":57}},"3":{"start":{"line":5,"column":24},"end":{"line":5,"column":45}},"4":{"start":{"line":6,"column":21},"end":{"line":6,"column":54}},"5":{"start":{"line":7,"column":24},"end":{"line":7,"column":57}},"6":{"start":{"line":9,"column":0},"end":{"line":9,"column":31}}},"fnMap":{},"branchMap":{},"s":{"0":3,"1":3,"2":3,"3":3,"4":3,"5":3,"6":3},"f":{},"b":{}}
,"D:\\Projects\\Javascript Fullstack Project\\backend-javascript-fullstack\\src\\container\\auth.container.ts": {"path":"D:\\Projects\\Javascript Fullstack Project\\backend-javascript-fullstack\\src\\container\\auth.container.ts","statementMap":{"0":{"start":{"line":1,"column":0},"end":{"line":1,"column":64}},"1":{"start":{"line":2,"column":0},"end":{"line":2,"column":65}},"2":{"start":{"line":3,"column":0},"end":{"line":3,"column":55}},"3":{"start":{"line":5,"column":23},"end":{"line":5,"column":43}},"4":{"start":{"line":7,"column":20},"end":{"line":7,"column":51}},"5":{"start":{"line":9,"column":23},"end":{"line":9,"column":54}},"6":{"start":{"line":11,"column":0},"end":{"line":11,"column":30}}},"fnMap":{},"branchMap":{},"s":{"0":3,"1":3,"2":3,"3":3,"4":3,"5":3,"6":3},"f":{},"b":{}}
,"D:\\Projects\\Javascript Fullstack Project\\backend-javascript-fullstack\\src\\container\\category.container.ts": {"path":"D:\\Projects\\Javascript Fullstack Project\\backend-javascript-fullstack\\src\\container\\category.container.ts","statementMap":{"0":{"start":{"line":1,"column":0},"end":{"line":1,"column":72}},"1":{"start":{"line":2,"column":0},"end":{"line":2,"column":73}},"2":{"start":{"line":3,"column":0},"end":{"line":3,"column":67}},"3":{"start":{"line":4,"column":0},"end":{"line":4,"column":63}},"4":{"start":{"line":6,"column":27},"end":{"line":6,"column":51}},"5":{"start":{"line":7,"column":24},"end":{"line":7,"column":45}},"6":{"start":{"line":9,"column":24},"end":{"line":9,"column":80}},"7":{"start":{"line":10,"column":27},"end":{"line":10,"column":66}},"8":{"start":{"line":12,"column":0},"end":{"line":12,"column":34}}},"fnMap":{},"branchMap":{},"s":{"0":3,"1":3,"2":3,"3":3,"4":3,"5":3,"6":3,"7":3,"8":3},"f":{},"b":{}}
,"D:\\Projects\\Javascript Fullstack Project\\backend-javascript-fullstack\\src\\container\\docs.container.ts": {"path":"D:\\Projects\\Javascript Fullstack Project\\backend-javascript-fullstack\\src\\container\\docs.container.ts","statementMap":{"0":{"start":{"line":1,"column":0},"end":{"line":1,"column":64}},"1":{"start":{"line":3,"column":23},"end":{"line":3,"column":43}},"2":{"start":{"line":5,"column":0},"end":{"line":5,"column":30}}},"fnMap":{},"branchMap":{},"s":{"0":3,"1":3,"2":3},"f":{},"b":{}}
,"D:\\Projects\\Javascript Fullstack Project\\backend-javascript-fullstack\\src\\container\\item.container.ts": {"path":"D:\\Projects\\Javascript Fullstack Project\\backend-javascript-fullstack\\src\\container\\item.container.ts","statementMap":{"0":{"start":{"line":1,"column":0},"end":{"line":1,"column":64}},"1":{"start":{"line":2,"column":0},"end":{"line":2,"column":65}},"2":{"start":{"line":3,"column":0},"end":{"line":3,"column":73}},"3":{"start":{"line":4,"column":0},"end":{"line":4,"column":67}},"4":{"start":{"line":5,"column":0},"end":{"line":5,"column":55}},"5":{"start":{"line":7,"column":23},"end":{"line":7,"column":43}},"6":{"start":{"line":8,"column":27},"end":{"line":8,"column":51}},"7":{"start":{"line":9,"column":24},"end":{"line":9,"column":45}},"8":{"start":{"line":11,"column":20},"end":{"line":11,"column":88}},"9":{"start":{"line":12,"column":23},"end":{"line":12,"column":54}},"10":{"start":{"line":14,"column":0},"end":{"line":14,"column":30}}},"fnMap":{},"branchMap":{},"s":{"0":3,"1":3,"2":3,"3":3,"4":3,"5":3,"6":3,"7":3,"8":3,"9":3,"10":3},"f":{},"b":{}}
,"D:\\Projects\\Javascript Fullstack Project\\backend-javascript-fullstack\\src\\controllers\\audit.controller.ts": {"path":"D:\\Projects\\Javascript Fullstack Project\\backend-javascript-fullstack\\src\\controllers\\audit.controller.ts","statementMap":{"0":{"start":{"line":6,"column":31},"end":{"line":6,"column":57}},"1":{"start":{"line":11,"column":9},"end":{"line":22,"column":3}},"2":{"start":{"line":12,"column":4},"end":{"line":21,"column":5}},"3":{"start":{"line":13,"column":19},"end":{"line":13,"column":58}},"4":{"start":{"line":15,"column":6},"end":{"line":18,"column":9}},"5":{"start":{"line":20,"column":6},"end":{"line":20,"column":18}},"6":{"start":{"line":5,"column":0},"end":{"line":5,"column":13}}},"fnMap":{"0":{"name":"(anonymous_0)","decl":{"start":{"line":6,"column":2},"end":{"line":6,"column":31}},"loc":{"start":{"line":6,"column":57},"end":{"line":6,"column":61}}},"1":{"name":"(anonymous_1)","decl":{"start":{"line":11,"column":9},"end":{"line":11,"column":14}},"loc":{"start":{"line":11,"column":68},"end":{"line":22,"column":3}}}},"branchMap":{},"s":{"0":3,"1":3,"2":0,"3":0,"4":0,"5":0,"6":3},"f":{"0":3,"1":0},"b":{}}
,"D:\\Projects\\Javascript Fullstack Project\\backend-javascript-fullstack\\src\\controllers\\auth.controller.ts": {"path":"D:\\Projects\\Javascript Fullstack Project\\backend-javascript-fullstack\\src\\controllers\\auth.controller.ts","statementMap":{"0":{"start":{"line":4,"column":0},"end":{"line":4,"column":55}},"1":{"start":{"line":5,"column":0},"end":{"line":5,"column":49}},"2":{"start":{"line":9,"column":31},"end":{"line":9,"column":55}},"3":{"start":{"line":14,"column":13},"end":{"line":27,"column":3}},"4":{"start":{"line":15,"column":4},"end":{"line":26,"column":5}},"5":{"start":{"line":16,"column":18},"end":{"line":16,"column":71}},"6":{"start":{"line":17,"column":19},"end":{"line":17,"column":55}},"7":{"start":{"line":19,"column":6},"end":{"line":23,"column":9}},"8":{"start":{"line":25,"column":6},"end":{"line":25,"column":18}},"9":{"start":{"line":32,"column":10},"end":{"line":45,"column":3}},"10":{"start":{"line":33,"column":4},"end":{"line":44,"column":5}},"11":{"start":{"line":34,"column":18},"end":{"line":34,"column":68}},"12":{"start":{"line":35,"column":21},"end":{"line":35,"column":54}},"13":{"start":{"line":37,"column":6},"end":{"line":41,"column":9}},"14":{"start":{"line":43,"column":6},"end":{"line":43,"column":18}},"15":{"start":{"line":50,"column":7},"end":{"line":70,"column":3}},"16":{"start":{"line":51,"column":4},"end":{"line":69,"column":5}},"17":{"start":{"line":52,"column":33},"end":{"line":52,"column":77}},"18":{"start":{"line":54,"column":6},"end":{"line":59,"column":7}},"19":{"start":{"line":55,"column":8},"end":{"line":58,"column":11}},"20":{"start":{"line":61,"column":19},"end":{"line":61,"column":78}},"21":{"start":{"line":63,"column":6},"end":{"line":66,"column":9}},"22":{"start":{"line":68,"column":6},"end":{"line":68,"column":18}},"23":{"start":{"line":76,"column":11},"end":{"line":85,"column":3}},"24":{"start":{"line":77,"column":4},"end":{"line":84,"column":5}},"25":{"start":{"line":78,"column":6},"end":{"line":81,"column":9}},"26":{"start":{"line":83,"column":6},"end":{"line":83,"column":18}},"27":{"start":{"line":8,"column":0},"end":{"line":8,"column":13}}},"fnMap":{"0":{"name":"(anonymous_0)","decl":{"start":{"line":9,"column":2},"end":{"line":9,"column":31}},"loc":{"start":{"line":9,"column":55},"end":{"line":9,"column":59}}},"1":{"name":"(anonymous_1)","decl":{"start":{"line":14,"column":13},"end":{"line":14,"column":18}},"loc":{"start":{"line":14,"column":71},"end":{"line":27,"column":3}}},"2":{"name":"(anonymous_2)","decl":{"start":{"line":32,"column":10},"end":{"line":32,"column":15}},"loc":{"start":{"line":32,"column":68},"end":{"line":45,"column":3}}},"3":{"name":"(anonymous_3)","decl":{"start":{"line":50,"column":7},"end":{"line":50,"column":12}},"loc":{"start":{"line":50,"column":65},"end":{"line":70,"column":3}}},"4":{"name":"(anonymous_4)","decl":{"start":{"line":76,"column":11},"end":{"line":76,"column":16}},"loc":{"start":{"line":76,"column":70},"end":{"line":85,"column":3}}}},"branchMap":{"0":{"loc":{"start":{"line":54,"column":6},"end":{"line":59,"column":7}},"type":"if","locations":[{"start":{"line":54,"column":6},"end":{"line":59,"column":7}}]}},"s":{"0":3,"1":3,"2":3,"3":3,"4":4,"5":4,"6":4,"7":4,"8":0,"9":3,"10":6,"11":6,"12":6,"13":5,"14":1,"15":3,"16":1,"17":1,"18":1,"19":0,"20":1,"21":1,"22":0,"23":3,"24":0,"25":0,"26":0,"27":3},"f":{"0":3,"1":4,"2":6,"3":1,"4":0},"b":{"0":[0]}}
,"D:\\Projects\\Javascript Fullstack Project\\backend-javascript-fullstack\\src\\controllers\\category.controller.ts": {"path":"D:\\Projects\\Javascript Fullstack Project\\backend-javascript-fullstack\\src\\controllers\\category.controller.ts","statementMap":{"0":{"start":{"line":3,"column":0},"end":{"line":3,"column":72}},"1":{"start":{"line":4,"column":0},"end":{"line":4,"column":72}},"2":{"start":{"line":9,"column":31},"end":{"line":9,"column":63}},"3":{"start":{"line":14,"column":9},"end":{"line":25,"column":3}},"4":{"start":{"line":15,"column":4},"end":{"line":24,"column":5}},"5":{"start":{"line":16,"column":25},"end":{"line":16,"column":68}},"6":{"start":{"line":18,"column":6},"end":{"line":21,"column":9}},"7":{"start":{"line":23,"column":6},"end":{"line":23,"column":18}},"8":{"start":{"line":30,"column":12},"end":{"line":41,"column":3}},"9":{"start":{"line":31,"column":4},"end":{"line":40,"column":5}},"10":{"start":{"line":32,"column":23},"end":{"line":32,"column":88}},"11":{"start":{"line":34,"column":6},"end":{"line":37,"column":9}},"12":{"start":{"line":39,"column":6},"end":{"line":39,"column":18}},"13":{"start":{"line":46,"column":11},"end":{"line":68,"column":3}},"14":{"start":{"line":47,"column":4},"end":{"line":67,"column":5}},"15":{"start":{"line":48,"column":33},"end":{"line":48,"column":77}},"16":{"start":{"line":50,"column":6},"end":{"line":55,"column":7}},"17":{"start":{"line":51,"column":8},"end":{"line":54,"column":11}},"18":{"start":{"line":57,"column":18},"end":{"line":57,"column":84}},"19":{"start":{"line":58,"column":23},"end":{"line":58,"column":95}},"20":{"start":{"line":60,"column":6},"end":{"line":64,"column":9}},"21":{"start":{"line":66,"column":6},"end":{"line":66,"column":18}},"22":{"start":{"line":73,"column":11},"end":{"line":95,"column":3}},"23":{"start":{"line":74,"column":4},"end":{"line":94,"column":5}},"24":{"start":{"line":75,"column":33},"end":{"line":75,"column":77}},"25":{"start":{"line":77,"column":6},"end":{"line":82,"column":7}},"26":{"start":{"line":78,"column":8},"end":{"line":81,"column":11}},"27":{"start":{"line":84,"column":18},"end":{"line":84,"column":76}},"28":{"start":{"line":85,"column":23},"end":{"line":85,"column":118}},"29":{"start":{"line":87,"column":6},"end":{"line":91,"column":9}},"30":{"start":{"line":93,"column":6},"end":{"line":93,"column":18}},"31":{"start":{"line":100,"column":11},"end":{"line":120,"column":3}},"32":{"start":{"line":101,"column":4},"end":{"line":119,"column":5}},"33":{"start":{"line":102,"column":33},"end":{"line":102,"column":77}},"34":{"start":{"line":104,"column":6},"end":{"line":109,"column":7}},"35":{"start":{"line":105,"column":8},"end":{"line":108,"column":11}},"36":{"start":{"line":111,"column":21},"end":{"line":111,"column":111}},"37":{"start":{"line":113,"column":6},"end":{"line":116,"column":9}},"38":{"start":{"line":118,"column":6},"end":{"line":118,"column":18}},"39":{"start":{"line":8,"column":0},"end":{"line":8,"column":13}}},"fnMap":{"0":{"name":"(anonymous_0)","decl":{"start":{"line":9,"column":2},"end":{"line":9,"column":31}},"loc":{"start":{"line":9,"column":63},"end":{"line":9,"column":67}}},"1":{"name":"(anonymous_1)","decl":{"start":{"line":14,"column":9},"end":{"line":14,"column":14}},"loc":{"start":{"line":14,"column":68},"end":{"line":25,"column":3}}},"2":{"name":"(anonymous_2)","decl":{"start":{"line":30,"column":12},"end":{"line":30,"column":17}},"loc":{"start":{"line":30,"column":70},"end":{"line":41,"column":3}}},"3":{"name":"(anonymous_3)","decl":{"start":{"line":46,"column":11},"end":{"line":46,"column":16}},"loc":{"start":{"line":46,"column":69},"end":{"line":68,"column":3}}},"4":{"name":"(anonymous_4)","decl":{"start":{"line":73,"column":11},"end":{"line":73,"column":16}},"loc":{"start":{"line":73,"column":69},"end":{"line":95,"column":3}}},"5":{"name":"(anonymous_5)","decl":{"start":{"line":100,"column":11},"end":{"line":100,"column":16}},"loc":{"start":{"line":100,"column":69},"end":{"line":120,"column":3}}}},"branchMap":{"0":{"loc":{"start":{"line":50,"column":6},"end":{"line":55,"column":7}},"type":"if","locations":[{"start":{"line":50,"column":6},"end":{"line":55,"column":7}}]},"1":{"loc":{"start":{"line":57,"column":55},"end":{"line":57,"column":83}},"type":"binary-expr","locations":[{"start":{"line":57,"column":55},"end":{"line":57,"column":75}},{"start":{"line":57,"column":79},"end":{"line":57,"column":83}}]},"2":{"loc":{"start":{"line":77,"column":6},"end":{"line":82,"column":7}},"type":"if","locations":[{"start":{"line":77,"column":6},"end":{"line":82,"column":7}}]},"3":{"loc":{"start":{"line":104,"column":6},"end":{"line":109,"column":7}},"type":"if","locations":[{"start":{"line":104,"column":6},"end":{"line":109,"column":7}}]}},"s":{"0":3,"1":3,"2":3,"3":3,"4":1,"5":1,"6":1,"7":0,"8":3,"9":0,"10":0,"11":0,"12":0,"13":3,"14":1,"15":1,"16":1,"17":0,"18":1,"19":1,"20":1,"21":0,"22":3,"23":0,"24":0,"25":0,"26":0,"27":0,"28":0,"29":0,"30":0,"31":3,"32":0,"33":0,"34":0,"35":0,"36":0,"37":0,"38":0,"39":3},"f":{"0":3,"1":1,"2":0,"3":1,"4":0,"5":0},"b":{"0":[0],"1":[1,0],"2":[0],"3":[0]}}
,"D:\\Projects\\Javascript Fullstack Project\\backend-javascript-fullstack\\src\\controllers\\docs.controller.ts": {"path":"D:\\Projects\\Javascript Fullstack Project\\backend-javascript-fullstack\\src\\controllers\\docs.controller.ts","statementMap":{"0":{"start":{"line":3,"column":0},"end":{"line":3,"column":53}},"1":{"start":{"line":13,"column":12},"end":{"line":44,"column":3}},"2":{"start":{"line":14,"column":17},"end":{"line":40,"column":9}},"3":{"start":{"line":42,"column":4},"end":{"line":42,"column":62}},"4":{"start":{"line":43,"column":4},"end":{"line":43,"column":38}},"5":{"start":{"line":49,"column":12},"end":{"line":52,"column":3}},"6":{"start":{"line":50,"column":4},"end":{"line":50,"column":69}},"7":{"start":{"line":51,"column":4},"end":{"line":51,"column":49}},"8":{"start":{"line":9,"column":0},"end":{"line":9,"column":13}}},"fnMap":{"0":{"name":"(anonymous_0)","decl":{"start":{"line":13,"column":12},"end":{"line":13,"column":13}},"loc":{"start":{"line":13,"column":45},"end":{"line":44,"column":3}}},"1":{"name":"(anonymous_1)","decl":{"start":{"line":49,"column":12},"end":{"line":49,"column":13}},"loc":{"start":{"line":49,"column":45},"end":{"line":52,"column":3}}}},"branchMap":{},"s":{"0":3,"1":3,"2":0,"3":0,"4":0,"5":3,"6":0,"7":0,"8":3},"f":{"0":0,"1":0},"b":{}}
,"D:\\Projects\\Javascript Fullstack Project\\backend-javascript-fullstack\\src\\controllers\\item.controller.ts": {"path":"D:\\Projects\\Javascript Fullstack Project\\backend-javascript-fullstack\\src\\controllers\\item.controller.ts","statementMap":{"0":{"start":{"line":3,"column":0},"end":{"line":3,"column":60}},"1":{"start":{"line":4,"column":0},"end":{"line":4,"column":60}},"2":{"start":{"line":9,"column":31},"end":{"line":9,"column":55}},"3":{"start":{"line":14,"column":9},"end":{"line":29,"column":3}},"4":{"start":{"line":15,"column":4},"end":{"line":28,"column":5}},"5":{"start":{"line":16,"column":19},"end":{"line":16,"column":46}},"6":{"start":{"line":17,"column":20},"end":{"line":17,"column":49}},"7":{"start":{"line":18,"column":21},"end":{"line":18,"column":88}},"8":{"start":{"line":20,"column":21},"end":{"line":20,"column":78}},"9":{"start":{"line":22,"column":6},"end":{"line":25,"column":9}},"10":{"start":{"line":27,"column":6},"end":{"line":27,"column":18}},"11":{"start":{"line":34,"column":12},"end":{"line":45,"column":3}},"12":{"start":{"line":35,"column":4},"end":{"line":44,"column":5}},"13":{"start":{"line":36,"column":19},"end":{"line":36,"column":76}},"14":{"start":{"line":38,"column":6},"end":{"line":41,"column":9}},"15":{"start":{"line":43,"column":6},"end":{"line":43,"column":18}},"16":{"start":{"line":50,"column":11},"end":{"line":80,"column":3}},"17":{"start":{"line":51,"column":4},"end":{"line":79,"column":5}},"18":{"start":{"line":52,"column":33},"end":{"line":52,"column":77}},"19":{"start":{"line":54,"column":6},"end":{"line":59,"column":7}},"20":{"start":{"line":55,"column":8},"end":{"line":58,"column":11}},"21":{"start":{"line":61,"column":18},"end":{"line":67,"column":null}},"22":{"start":{"line":70,"column":19},"end":{"line":70,"column":83}},"23":{"start":{"line":72,"column":6},"end":{"line":76,"column":9}},"24":{"start":{"line":78,"column":6},"end":{"line":78,"column":18}},"25":{"start":{"line":85,"column":11},"end":{"line":116,"column":3}},"26":{"start":{"line":86,"column":4},"end":{"line":115,"column":5}},"27":{"start":{"line":87,"column":33},"end":{"line":87,"column":77}},"28":{"start":{"line":89,"column":6},"end":{"line":94,"column":7}},"29":{"start":{"line":90,"column":8},"end":{"line":93,"column":11}},"30":{"start":{"line":96,"column":18},"end":{"line":103,"column":null}},"31":{"start":{"line":106,"column":19},"end":{"line":106,"column":106}},"32":{"start":{"line":108,"column":6},"end":{"line":112,"column":9}},"33":{"start":{"line":114,"column":6},"end":{"line":114,"column":18}},"34":{"start":{"line":121,"column":11},"end":{"line":142,"column":3}},"35":{"start":{"line":122,"column":4},"end":{"line":141,"column":5}},"36":{"start":{"line":123,"column":33},"end":{"line":123,"column":77}},"37":{"start":{"line":125,"column":6},"end":{"line":130,"column":7}},"38":{"start":{"line":126,"column":8},"end":{"line":129,"column":11}},"39":{"start":{"line":132,"column":19},"end":{"line":132,"column":101}},"40":{"start":{"line":134,"column":6},"end":{"line":138,"column":9}},"41":{"start":{"line":140,"column":6},"end":{"line":140,"column":18}},"42":{"start":{"line":147,"column":12},"end":{"line":168,"column":3}},"43":{"start":{"line":148,"column":4},"end":{"line":167,"column":5}},"44":{"start":{"line":149,"column":33},"end":{"line":149,"column":77}},"45":{"start":{"line":151,"column":6},"end":{"line":156,"column":7}},"46":{"start":{"line":152,"column":8},"end":{"line":155,"column":11}},"47":{"start":{"line":158,"column":19},"end":{"line":158,"column":102}},"48":{"start":{"line":160,"column":6},"end":{"line":164,"column":9}},"49":{"start":{"line":166,"column":6},"end":{"line":166,"column":18}},"50":{"start":{"line":8,"column":0},"end":{"line":8,"column":13}}},"fnMap":{"0":{"name":"(anonymous_0)","decl":{"start":{"line":9,"column":2},"end":{"line":9,"column":31}},"loc":{"start":{"line":9,"column":55},"end":{"line":9,"column":59}}},"1":{"name":"(anonymous_1)","decl":{"start":{"line":14,"column":9},"end":{"line":14,"column":14}},"loc":{"start":{"line":14,"column":67},"end":{"line":29,"column":3}}},"2":{"name":"(anonymous_2)","decl":{"start":{"line":34,"column":12},"end":{"line":34,"column":17}},"loc":{"start":{"line":34,"column":70},"end":{"line":45,"column":3}}},"3":{"name":"(anonymous_3)","decl":{"start":{"line":50,"column":11},"end":{"line":50,"column":16}},"loc":{"start":{"line":50,"column":69},"end":{"line":80,"column":3}}},"4":{"name":"(anonymous_4)","decl":{"start":{"line":85,"column":11},"end":{"line":85,"column":16}},"loc":{"start":{"line":85,"column":69},"end":{"line":116,"column":3}}},"5":{"name":"(anonymous_5)","decl":{"start":{"line":121,"column":11},"end":{"line":121,"column":16}},"loc":{"start":{"line":121,"column":69},"end":{"line":142,"column":3}}},"6":{"name":"(anonymous_6)","decl":{"start":{"line":147,"column":12},"end":{"line":147,"column":17}},"loc":{"start":{"line":147,"column":70},"end":{"line":168,"column":3}}}},"branchMap":{"0":{"loc":{"start":{"line":16,"column":26},"end":{"line":16,"column":45}},"type":"binary-expr","locations":[{"start":{"line":16,"column":26},"end":{"line":16,"column":40}},{"start":{"line":16,"column":44},"end":{"line":16,"column":45}}]},"1":{"loc":{"start":{"line":17,"column":27},"end":{"line":17,"column":48}},"type":"binary-expr","locations":[{"start":{"line":17,"column":27},"end":{"line":17,"column":42}},{"start":{"line":17,"column":46},"end":{"line":17,"column":48}}]},"2":{"loc":{"start":{"line":18,"column":21},"end":{"line":18,"column":88}},"type":"cond-expr","locations":[{"start":{"line":18,"column":60},"end":{"line":18,"column":76}},{"start":{"line":18,"column":79},"end":{"line":18,"column":88}}]},"3":{"loc":{"start":{"line":54,"column":6},"end":{"line":59,"column":7}},"type":"if","locations":[{"start":{"line":54,"column":6},"end":{"line":59,"column":7}}]},"4":{"loc":{"start":{"line":64,"column":8},"end":{"line":64,"column":36}},"type":"binary-expr","locations":[{"start":{"line":64,"column":8},"end":{"line":64,"column":28}},{"start":{"line":64,"column":32},"end":{"line":64,"column":36}}]},"5":{"loc":{"start":{"line":89,"column":6},"end":{"line":94,"column":7}},"type":"if","locations":[{"start":{"line":89,"column":6},"end":{"line":94,"column":7}}]},"6":{"loc":{"start":{"line":125,"column":6},"end":{"line":130,"column":7}},"type":"if","locations":[{"start":{"line":125,"column":6},"end":{"line":130,"column":7}}]},"7":{"loc":{"start":{"line":151,"column":6},"end":{"line":156,"column":7}},"type":"if","locations":[{"start":{"line":151,"column":6},"end":{"line":156,"column":7}}]}},"s":{"0":3,"1":3,"2":3,"3":3,"4":2,"5":2,"6":2,"7":2,"8":2,"9":2,"10":0,"11":3,"12":0,"13":0,"14":0,"15":0,"16":3,"17":3,"18":3,"19":3,"20":0,"21":3,"22":3,"23":3,"24":0,"25":3,"26":0,"27":0,"28":0,"29":0,"30":0,"31":0,"32":0,"33":0,"34":3,"35":0,"36":0,"37":0,"38":0,"39":0,"40":0,"41":0,"42":3,"43":0,"44":0,"45":0,"46":0,"47":0,"48":0,"49":0,"50":3},"f":{"0":3,"1":2,"2":0,"3":3,"4":0,"5":0,"6":0},"b":{"0":[2,0],"1":[2,0],"2":[1,1],"3":[0],"4":[3,0],"5":[0],"6":[0],"7":[0]}}
,"D:\\Projects\\Javascript Fullstack Project\\backend-javascript-fullstack\\src\\database\\transaction.ts": {"path":"D:\\Projects\\Javascript Fullstack Project\\backend-javascript-fullstack\\src\\database\\transaction.ts","statementMap":{"0":{"start":{"line":1,"column":0},"end":{"line":1,"column":38}},"1":{"start":{"line":10,"column":4},"end":{"line":14,"column":7}},"2":{"start":{"line":12,"column":6},"end":{"line":12,"column":26}},"3":{"start":{"line":4,"column":0},"end":{"line":4,"column":13}}},"fnMap":{"0":{"name":"(anonymous_1)","decl":{"start":{"line":6,"column":2},"end":{"line":6,"column":8}},"loc":{"start":{"line":7,"column":51},"end":{"line":16,"column":3}}},"1":{"name":"(anonymous_2)","decl":{"start":{"line":10,"column":31},"end":{"line":10,"column":36}},"loc":{"start":{"line":10,"column":44},"end":{"line":14,"column":5}}}},"branchMap":{},"s":{"0":0,"1":0,"2":0,"3":0},"f":{"0":0,"1":0},"b":{}}
,"D:\\Projects\\Javascript Fullstack Project\\backend-javascript-fullstack\\src\\dto\\auth\\auth-response.dto.ts": {"path":"D:\\Projects\\Javascript Fullstack Project\\backend-javascript-fullstack\\src\\dto\\auth\\auth-response.dto.ts","statementMap":{"0":{"start":{"line":4,"column":20},"end":{"line":4,"column":39}},"1":{"start":{"line":5,"column":20},"end":{"line":5,"column":41}},"2":{"start":{"line":2,"column":0},"end":{"line":2,"column":13}}},"fnMap":{"0":{"name":"(anonymous_0)","decl":{"start":{"line":3,"column":2},"end":{"line":3,"column":null}},"loc":{"start":{"line":5,"column":41},"end":{"line":6,"column":6}}}},"branchMap":{},"s":{"0":0,"1":0,"2":0},"f":{"0":0},"b":{}}
,"D:\\Projects\\Javascript Fullstack Project\\backend-javascript-fullstack\\src\\dto\\auth\\create-user.dto.ts": {"path":"D:\\Projects\\Javascript Fullstack Project\\backend-javascript-fullstack\\src\\dto\\auth\\create-user.dto.ts","statementMap":{"0":{"start":{"line":5,"column":20},"end":{"line":5,"column":36}},"1":{"start":{"line":6,"column":20},"end":{"line":6,"column":36}},"2":{"start":{"line":7,"column":20},"end":{"line":7,"column":30}},"3":{"start":{"line":3,"column":0},"end":{"line":3,"column":13}}},"fnMap":{"0":{"name":"(anonymous_0)","decl":{"start":{"line":4,"column":2},"end":{"line":4,"column":null}},"loc":{"start":{"line":7,"column":30},"end":{"line":8,"column":6}}}},"branchMap":{},"s":{"0":4,"1":4,"2":4,"3":3},"f":{"0":4},"b":{}}
,"D:\\Projects\\Javascript Fullstack Project\\backend-javascript-fullstack\\src\\dto\\auth\\login-response.dto.ts": {"path":"D:\\Projects\\Javascript Fullstack Project\\backend-javascript-fullstack\\src\\dto\\auth\\login-response.dto.ts","statementMap":{"0":{"start":{"line":5,"column":20},"end":{"line":5,"column":39}},"1":{"start":{"line":6,"column":20},"end":{"line":6,"column":41}},"2":{"start":{"line":3,"column":0},"end":{"line":3,"column":13}}},"fnMap":{"0":{"name":"(anonymous_0)","decl":{"start":{"line":4,"column":2},"end":{"line":4,"column":null}},"loc":{"start":{"line":6,"column":41},"end":{"line":7,"column":6}}}},"branchMap":{},"s":{"0":0,"1":0,"2":0},"f":{"0":0},"b":{}}
,"D:\\Projects\\Javascript Fullstack Project\\backend-javascript-fullstack\\src\\dto\\auth\\login.dto.ts": {"path":"D:\\Projects\\Javascript Fullstack Project\\backend-javascript-fullstack\\src\\dto\\auth\\login.dto.ts","statementMap":{"0":{"start":{"line":4,"column":20},"end":{"line":4,"column":36}},"1":{"start":{"line":5,"column":20},"end":{"line":5,"column":36}},"2":{"start":{"line":2,"column":0},"end":{"line":2,"column":13}}},"fnMap":{"0":{"name":"(anonymous_0)","decl":{"start":{"line":3,"column":2},"end":{"line":3,"column":null}},"loc":{"start":{"line":5,"column":36},"end":{"line":6,"column":6}}}},"branchMap":{},"s":{"0":6,"1":6,"2":3},"f":{"0":6},"b":{}}
,"D:\\Projects\\Javascript Fullstack Project\\backend-javascript-fullstack\\src\\dto\\auth\\register.dto.ts": {"path":"D:\\Projects\\Javascript Fullstack Project\\backend-javascript-fullstack\\src\\dto\\auth\\register.dto.ts","statementMap":{"0":{"start":{"line":3,"column":20},"end":{"line":3,"column":36}},"1":{"start":{"line":4,"column":20},"end":{"line":4,"column":36}},"2":{"start":{"line":1,"column":0},"end":{"line":1,"column":13}}},"fnMap":{"0":{"name":"(anonymous_0)","decl":{"start":{"line":2,"column":2},"end":{"line":2,"column":null}},"loc":{"start":{"line":4,"column":36},"end":{"line":5,"column":6}}}},"branchMap":{},"s":{"0":4,"1":4,"2":3},"f":{"0":4},"b":{}}
,"D:\\Projects\\Javascript Fullstack Project\\backend-javascript-fullstack\\src\\dto\\auth\\user-response.dto.ts": {"path":"D:\\Projects\\Javascript Fullstack Project\\backend-javascript-fullstack\\src\\dto\\auth\\user-response.dto.ts","statementMap":{"0":{"start":{"line":5,"column":20},"end":{"line":5,"column":30}},"1":{"start":{"line":6,"column":20},"end":{"line":6,"column":36}},"2":{"start":{"line":7,"column":20},"end":{"line":7,"column":30}},"3":{"start":{"line":8,"column":20},"end":{"line":8,"column":35}},"4":{"start":{"line":17,"column":4},"end":{"line":22,"column":6}},"5":{"start":{"line":3,"column":0},"end":{"line":3,"column":13}}},"fnMap":{"0":{"name":"(anonymous_0)","decl":{"start":{"line":4,"column":2},"end":{"line":4,"column":null}},"loc":{"start":{"line":8,"column":35},"end":{"line":9,"column":6}}},"1":{"name":"(anonymous_1)","decl":{"start":{"line":11,"column":2},"end":{"line":11,"column":8}},"loc":{"start":{"line":16,"column":3},"end":{"line":23,"column":3}}}},"branchMap":{},"s":{"0":10,"1":10,"2":10,"3":10,"4":10,"5":3},"f":{"0":10,"1":10},"b":{}}
,"D:\\Projects\\Javascript Fullstack Project\\backend-javascript-fullstack\\src\\dto\\category\\category-response.dto.ts": {"path":"D:\\Projects\\Javascript Fullstack Project\\backend-javascript-fullstack\\src\\dto\\category\\category-response.dto.ts","statementMap":{"0":{"start":{"line":3,"column":20},"end":{"line":3,"column":30}},"1":{"start":{"line":4,"column":20},"end":{"line":4,"column":32}},"2":{"start":{"line":5,"column":20},"end":{"line":5,"column":46}},"3":{"start":{"line":6,"column":20},"end":{"line":6,"column":35}},"4":{"start":{"line":7,"column":20},"end":{"line":7,"column":35}},"5":{"start":{"line":11,"column":4},"end":{"line":17,"column":6}},"6":{"start":{"line":1,"column":0},"end":{"line":1,"column":13}}},"fnMap":{"0":{"name":"(anonymous_0)","decl":{"start":{"line":2,"column":2},"end":{"line":2,"column":null}},"loc":{"start":{"line":7,"column":35},"end":{"line":8,"column":6}}},"1":{"name":"(anonymous_1)","decl":{"start":{"line":10,"column":2},"end":{"line":10,"column":8}},"loc":{"start":{"line":10,"column":33},"end":{"line":18,"column":3}}}},"branchMap":{},"s":{"0":15,"1":15,"2":15,"3":15,"4":15,"5":15,"6":3},"f":{"0":15,"1":15},"b":{}}
,"D:\\Projects\\Javascript Fullstack Project\\backend-javascript-fullstack\\src\\dto\\category\\create-category.dto.ts": {"path":"D:\\Projects\\Javascript Fullstack Project\\backend-javascript-fullstack\\src\\dto\\category\\create-category.dto.ts","statementMap":{"0":{"start":{"line":3,"column":20},"end":{"line":3,"column":32}},"1":{"start":{"line":4,"column":20},"end":{"line":4,"column":46}},"2":{"start":{"line":1,"column":0},"end":{"line":1,"column":13}}},"fnMap":{"0":{"name":"(anonymous_0)","decl":{"start":{"line":2,"column":2},"end":{"line":2,"column":null}},"loc":{"start":{"line":4,"column":46},"end":{"line":5,"column":6}}}},"branchMap":{},"s":{"0":1,"1":1,"2":3},"f":{"0":1},"b":{}}
,"D:\\Projects\\Javascript Fullstack Project\\backend-javascript-fullstack\\src\\dto\\category\\update-category.dto.ts": {"path":"D:\\Projects\\Javascript Fullstack Project\\backend-javascript-fullstack\\src\\dto\\category\\update-category.dto.ts","statementMap":{"0":{"start":{"line":3,"column":20},"end":{"line":3,"column":33}},"1":{"start":{"line":4,"column":20},"end":{"line":4,"column":47}},"2":{"start":{"line":1,"column":0},"end":{"line":1,"column":13}}},"fnMap":{"0":{"name":"(anonymous_0)","decl":{"start":{"line":2,"column":2},"end":{"line":2,"column":null}},"loc":{"start":{"line":4,"column":47},"end":{"line":5,"column":6}}}},"branchMap":{},"s":{"0":0,"1":0,"2":3},"f":{"0":0},"b":{}}
,"D:\\Projects\\Javascript Fullstack Project\\backend-javascript-fullstack\\src\\dto\\item\\create-item.dto.ts": {"path":"D:\\Projects\\Javascript Fullstack Project\\backend-javascript-fullstack\\src\\dto\\item\\create-item.dto.ts","statementMap":{"0":{"start":{"line":3,"column":20},"end":{"line":3,"column":31}},"1":{"start":{"line":4,"column":20},"end":{"line":4,"column":32}},"2":{"start":{"line":5,"column":20},"end":{"line":5,"column":46}},"3":{"start":{"line":6,"column":20},"end":{"line":6,"column":36}},"4":{"start":{"line":7,"column":20},"end":{"line":7,"column":38}},"5":{"start":{"line":8,"column":20},"end":{"line":8,"column":38}},"6":{"start":{"line":1,"column":0},"end":{"line":1,"column":13}}},"fnMap":{"0":{"name":"(anonymous_0)","decl":{"start":{"line":2,"column":2},"end":{"line":2,"column":null}},"loc":{"start":{"line":8,"column":38},"end":{"line":9,"column":6}}}},"branchMap":{},"s":{"0":3,"1":3,"2":3,"3":3,"4":3,"5":3,"6":3},"f":{"0":3},"b":{}}
,"D:\\Projects\\Javascript Fullstack Project\\backend-javascript-fullstack\\src\\dto\\item\\item-response.dto.ts": {"path":"D:\\Projects\\Javascript Fullstack Project\\backend-javascript-fullstack\\src\\dto\\item\\item-response.dto.ts","statementMap":{"0":{"start":{"line":3,"column":20},"end":{"line":3,"column":30}},"1":{"start":{"line":4,"column":20},"end":{"line":4,"column":31}},"2":{"start":{"line":5,"column":20},"end":{"line":5,"column":32}},"3":{"start":{"line":6,"column":20},"end":{"line":6,"column":46}},"4":{"start":{"line":7,"column":20},"end":{"line":7,"column":36}},"5":{"start":{"line":8,"column":20},"end":{"line":8,"column":36}},"6":{"start":{"line":9,"column":20},"end":{"line":9,"column":37}},"7":{"start":{"line":10,"column":20},"end":{"line":10,"column":43}},"8":{"start":{"line":11,"column":20},"end":{"line":11,"column":38}},"9":{"start":{"line":12,"column":20},"end":{"line":12,"column":93}},"10":{"start":{"line":13,"column":20},"end":{"line":13,"column":70}},"11":{"start":{"line":14,"column":20},"end":{"line":14,"column":70}},"12":{"start":{"line":15,"column":20},"end":{"line":15,"column":35}},"13":{"start":{"line":16,"column":20},"end":{"line":16,"column":35}},"14":{"start":{"line":20,"column":4},"end":{"line":51,"column":6}},"15":{"start":{"line":1,"column":0},"end":{"line":1,"column":13}}},"fnMap":{"0":{"name":"(anonymous_0)","decl":{"start":{"line":2,"column":2},"end":{"line":2,"column":null}},"loc":{"start":{"line":16,"column":35},"end":{"line":17,"column":6}}},"1":{"name":"(anonymous_1)","decl":{"start":{"line":19,"column":2},"end":{"line":19,"column":8}},"loc":{"start":{"line":19,"column":29},"end":{"line":52,"column":3}}}},"branchMap":{"0":{"loc":{"start":{"line":30,"column":6},"end":{"line":36,"column":14}},"type":"cond-expr","locations":[{"start":{"line":31,"column":10},"end":{"line":35,"column":null}},{"start":{"line":36,"column":10},"end":{"line":36,"column":14}}]},"1":{"loc":{"start":{"line":37,"column":6},"end":{"line":42,"column":14}},"type":"cond-expr","locations":[{"start":{"line":38,"column":10},"end":{"line":41,"column":null}},{"start":{"line":42,"column":10},"end":{"line":42,"column":14}}]},"2":{"loc":{"start":{"line":43,"column":6},"end":{"line":48,"column":14}},"type":"cond-expr","locations":[{"start":{"line":44,"column":10},"end":{"line":47,"column":null}},{"start":{"line":48,"column":10},"end":{"line":48,"column":14}}]}},"s":{"0":15,"1":15,"2":15,"3":15,"4":15,"5":15,"6":15,"7":15,"8":15,"9":15,"10":15,"11":15,"12":15,"13":15,"14":15,"15":3},"f":{"0":15,"1":15},"b":{"0":[3,12],"1":[3,12],"2":[3,12]}}
,"D:\\Projects\\Javascript Fullstack Project\\backend-javascript-fullstack\\src\\dto\\item\\update-item.dto.ts": {"path":"D:\\Projects\\Javascript Fullstack Project\\backend-javascript-fullstack\\src\\dto\\item\\update-item.dto.ts","statementMap":{"0":{"start":{"line":3,"column":20},"end":{"line":3,"column":32}},"1":{"start":{"line":4,"column":20},"end":{"line":4,"column":33}},"2":{"start":{"line":5,"column":20},"end":{"line":5,"column":47}},"3":{"start":{"line":6,"column":20},"end":{"line":6,"column":37}},"4":{"start":{"line":7,"column":20},"end":{"line":7,"column":39}},"5":{"start":{"line":8,"column":20},"end":{"line":8,"column":39}},"6":{"start":{"line":9,"column":20},"end":{"line":9,"column":38}},"7":{"start":{"line":1,"column":0},"end":{"line":1,"column":13}}},"fnMap":{"0":{"name":"(anonymous_0)","decl":{"start":{"line":2,"column":2},"end":{"line":2,"column":null}},"loc":{"start":{"line":9,"column":38},"end":{"line":10,"column":6}}}},"branchMap":{},"s":{"0":0,"1":0,"2":0,"3":0,"4":0,"5":0,"6":0,"7":3},"f":{"0":0},"b":{}}
,"D:\\Projects\\Javascript Fullstack Project\\backend-javascript-fullstack\\src\\errors\\AppError.ts": {"path":"D:\\Projects\\Javascript Fullstack Project\\backend-javascript-fullstack\\src\\errors\\AppError.ts","statementMap":{"0":{"start":{"line":6,"column":4},"end":{"line":6,"column":19}},"1":{"start":{"line":8,"column":4},"end":{"line":8,"column":33}},"2":{"start":{"line":9,"column":4},"end":{"line":9,"column":30}},"3":{"start":{"line":11,"column":4},"end":{"line":11,"column":52}},"4":{"start":{"line":1,"column":0},"end":{"line":1,"column":13}}},"fnMap":{"0":{"name":"(anonymous_0)","decl":{"start":{"line":5,"column":2},"end":{"line":5,"column":14}},"loc":{"start":{"line":5,"column":49},"end":{"line":12,"column":3}}}},"branchMap":{},"s":{"0":1,"1":1,"2":1,"3":1,"4":3},"f":{"0":1},"b":{}}
,"D:\\Projects\\Javascript Fullstack Project\\backend-javascript-fullstack\\src\\errors\\BadRequestError.ts": {"path":"D:\\Projects\\Javascript Fullstack Project\\backend-javascript-fullstack\\src\\errors\\BadRequestError.ts","statementMap":{"0":{"start":{"line":1,"column":0},"end":{"line":1,"column":38}},"1":{"start":{"line":5,"column":4},"end":{"line":5,"column":24}},"2":{"start":{"line":3,"column":0},"end":{"line":3,"column":13}}},"fnMap":{"0":{"name":"(anonymous_0)","decl":{"start":{"line":4,"column":2},"end":{"line":4,"column":14}},"loc":{"start":{"line":4,"column":37},"end":{"line":6,"column":3}}}},"branchMap":{"0":{"loc":{"start":{"line":4,"column":14},"end":{"line":4,"column":37}},"type":"default-arg","locations":[{"start":{"line":4,"column":24},"end":{"line":4,"column":37}}]}},"s":{"0":3,"1":0,"2":3},"f":{"0":0},"b":{"0":[0]}}
,"D:\\Projects\\Javascript Fullstack Project\\backend-javascript-fullstack\\src\\errors\\ConflictError.ts": {"path":"D:\\Projects\\Javascript Fullstack Project\\backend-javascript-fullstack\\src\\errors\\ConflictError.ts","statementMap":{"0":{"start":{"line":1,"column":0},"end":{"line":1,"column":38}},"1":{"start":{"line":5,"column":4},"end":{"line":5,"column":24}},"2":{"start":{"line":3,"column":0},"end":{"line":3,"column":13}}},"fnMap":{"0":{"name":"(anonymous_0)","decl":{"start":{"line":4,"column":2},"end":{"line":4,"column":14}},"loc":{"start":{"line":4,"column":34},"end":{"line":6,"column":3}}}},"branchMap":{"0":{"loc":{"start":{"line":4,"column":14},"end":{"line":4,"column":34}},"type":"default-arg","locations":[{"start":{"line":4,"column":24},"end":{"line":4,"column":34}}]}},"s":{"0":3,"1":0,"2":3},"f":{"0":0},"b":{"0":[0]}}
,"D:\\Projects\\Javascript Fullstack Project\\backend-javascript-fullstack\\src\\errors\\ForbiddenError.ts": {"path":"D:\\Projects\\Javascript Fullstack Project\\backend-javascript-fullstack\\src\\errors\\ForbiddenError.ts","statementMap":{"0":{"start":{"line":1,"column":0},"end":{"line":1,"column":38}},"1":{"start":{"line":5,"column":4},"end":{"line":5,"column":24}},"2":{"start":{"line":3,"column":0},"end":{"line":3,"column":13}}},"fnMap":{"0":{"name":"(anonymous_0)","decl":{"start":{"line":4,"column":2},"end":{"line":4,"column":14}},"loc":{"start":{"line":4,"column":35},"end":{"line":6,"column":3}}}},"branchMap":{"0":{"loc":{"start":{"line":4,"column":14},"end":{"line":4,"column":35}},"type":"default-arg","locations":[{"start":{"line":4,"column":24},"end":{"line":4,"column":35}}]}},"s":{"0":0,"1":0,"2":0},"f":{"0":0},"b":{"0":[0]}}
,"D:\\Projects\\Javascript Fullstack Project\\backend-javascript-fullstack\\src\\errors\\NotFoundError.ts": {"path":"D:\\Projects\\Javascript Fullstack Project\\backend-javascript-fullstack\\src\\errors\\NotFoundError.ts","statementMap":{"0":{"start":{"line":2,"column":0},"end":{"line":2,"column":38}},"1":{"start":{"line":6,"column":4},"end":{"line":6,"column":24}},"2":{"start":{"line":4,"column":0},"end":{"line":4,"column":13}}},"fnMap":{"0":{"name":"(anonymous_0)","decl":{"start":{"line":5,"column":2},"end":{"line":5,"column":14}},"loc":{"start":{"line":5,"column":44},"end":{"line":7,"column":3}}}},"branchMap":{"0":{"loc":{"start":{"line":5,"column":14},"end":{"line":5,"column":44}},"type":"default-arg","locations":[{"start":{"line":5,"column":24},"end":{"line":5,"column":44}}]}},"s":{"0":3,"1":0,"2":3},"f":{"0":0},"b":{"0":[0]}}
,"D:\\Projects\\Javascript Fullstack Project\\backend-javascript-fullstack\\src\\errors\\UnauthorizedError.ts": {"path":"D:\\Projects\\Javascript Fullstack Project\\backend-javascript-fullstack\\src\\errors\\UnauthorizedError.ts","statementMap":{"0":{"start":{"line":1,"column":0},"end":{"line":1,"column":38}},"1":{"start":{"line":5,"column":4},"end":{"line":5,"column":24}},"2":{"start":{"line":3,"column":0},"end":{"line":3,"column":13}}},"fnMap":{"0":{"name":"(anonymous_0)","decl":{"start":{"line":4,"column":2},"end":{"line":4,"column":14}},"loc":{"start":{"line":4,"column":38},"end":{"line":6,"column":3}}}},"branchMap":{"0":{"loc":{"start":{"line":4,"column":14},"end":{"line":4,"column":38}},"type":"default-arg","locations":[{"start":{"line":4,"column":24},"end":{"line":4,"column":38}}]}},"s":{"0":3,"1":1,"2":3},"f":{"0":1},"b":{"0":[0]}}
,"D:\\Projects\\Javascript Fullstack Project\\backend-javascript-fullstack\\src\\middleware\\auth.middleware.ts": {"path":"D:\\Projects\\Javascript Fullstack Project\\backend-javascript-fullstack\\src\\middleware\\auth.middleware.ts","statementMap":{"0":{"start":{"line":22,"column":0},"end":{"line":22,"column":16}},"1":{"start":{"line":4,"column":0},"end":{"line":4,"column":42}},"2":{"start":{"line":27,"column":2},"end":{"line":57,"column":3}},"3":{"start":{"line":29,"column":32},"end":{"line":29,"column":57}},"4":{"start":{"line":32,"column":4},"end":{"line":37,"column":5}},"5":{"start":{"line":33,"column":6},"end":{"line":36,"column":9}},"6":{"start":{"line":40,"column":18},"end":{"line":40,"column":67}},"7":{"start":{"line":44,"column":20},"end":{"line":44,"column":41}},"8":{"start":{"line":48,"column":5},"end":{"line":48,"column":60}},"9":{"start":{"line":50,"column":4},"end":{"line":50,"column":11}},"10":{"start":{"line":53,"column":4},"end":{"line":56,"column":7}}},"fnMap":{"0":{"name":"authMiddleware","decl":{"start":{"line":22,"column":16},"end":{"line":22,"column":30}},"loc":{"start":{"line":25,"column":20},"end":{"line":58,"column":1}}}},"branchMap":{"0":{"loc":{"start":{"line":32,"column":4},"end":{"line":37,"column":5}},"type":"if","locations":[{"start":{"line":32,"column":4},"end":{"line":37,"column":5}}]}},"s":{"0":3,"1":3,"2":12,"3":12,"4":12,"5":2,"6":10,"7":10,"8":9,"9":9,"10":1},"f":{"0":12},"b":{"0":[2]}}
,"D:\\Projects\\Javascript Fullstack Project\\backend-javascript-fullstack\\src\\middleware\\error.middleware.ts": {"path":"D:\\Projects\\Javascript Fullstack Project\\backend-javascript-fullstack\\src\\middleware\\error.middleware.ts","statementMap":{"0":{"start":{"line":5,"column":0},"end":{"line":5,"column":16}},"1":{"start":{"line":2,"column":0},"end":{"line":2,"column":46}},"2":{"start":{"line":11,"column":2},"end":{"line":17,"column":3}},"3":{"start":{"line":12,"column":4},"end":{"line":16,"column":7}},"4":{"start":{"line":19,"column":2},"end":{"line":19,"column":21}},"5":{"start":{"line":21,"column":2},"end":{"line":25,"column":5}}},"fnMap":{"0":{"name":"errorMiddleware","decl":{"start":{"line":5,"column":16},"end":{"line":5,"column":31}},"loc":{"start":{"line":9,"column":20},"end":{"line":26,"column":1}}}},"branchMap":{"0":{"loc":{"start":{"line":11,"column":2},"end":{"line":17,"column":3}},"type":"if","locations":[{"start":{"line":11,"column":2},"end":{"line":17,"column":3}}]}},"s":{"0":3,"1":3,"2":1,"3":1,"4":0,"5":0},"f":{"0":1},"b":{"0":[1]}}
,"D:\\Projects\\Javascript Fullstack Project\\backend-javascript-fullstack\\src\\middleware\\notFound.middleware.ts": {"path":"D:\\Projects\\Javascript Fullstack Project\\backend-javascript-fullstack\\src\\middleware\\notFound.middleware.ts","statementMap":{"0":{"start":{"line":3,"column":0},"end":{"line":3,"column":16}},"1":{"start":{"line":4,"column":2},"end":{"line":8,"column":5}}},"fnMap":{"0":{"name":"notFoundMiddleware","decl":{"start":{"line":3,"column":16},"end":{"line":3,"column":34}},"loc":{"start":{"line":3,"column":62},"end":{"line":9,"column":1}}}},"branchMap":{},"s":{"0":3,"1":0},"f":{"0":0},"b":{}}
,"D:\\Projects\\Javascript Fullstack Project\\backend-javascript-fullstack\\src\\middleware\\role.middleware.ts": {"path":"D:\\Projects\\Javascript Fullstack Project\\backend-javascript-fullstack\\src\\middleware\\role.middleware.ts","statementMap":{"0":{"start":{"line":9,"column":0},"end":{"line":9,"column":16}},"1":{"start":{"line":10,"column":2},"end":{"line":28,"column":4}},"2":{"start":{"line":11,"column":31},"end":{"line":11,"column":75}},"3":{"start":{"line":13,"column":4},"end":{"line":18,"column":5}},"4":{"start":{"line":14,"column":6},"end":{"line":17,"column":9}},"5":{"start":{"line":20,"column":4},"end":{"line":25,"column":5}},"6":{"start":{"line":21,"column":6},"end":{"line":24,"column":9}},"7":{"start":{"line":27,"column":4},"end":{"line":27,"column":11}}},"fnMap":{"0":{"name":"roleMiddleware","decl":{"start":{"line":9,"column":16},"end":{"line":9,"column":30}},"loc":{"start":{"line":9,"column":51},"end":{"line":29,"column":1}}},"1":{"name":"(anonymous_1)","decl":{"start":{"line":10,"column":9},"end":{"line":10,"column":10}},"loc":{"start":{"line":10,"column":61},"end":{"line":28,"column":3}}}},"branchMap":{"0":{"loc":{"start":{"line":13,"column":4},"end":{"line":18,"column":5}},"type":"if","locations":[{"start":{"line":13,"column":4},"end":{"line":18,"column":5}}]},"1":{"loc":{"start":{"line":20,"column":4},"end":{"line":25,"column":5}},"type":"if","locations":[{"start":{"line":20,"column":4},"end":{"line":25,"column":5}}]}},"s":{"0":4,"1":27,"2":8,"3":8,"4":1,"5":7,"6":2,"7":5},"f":{"0":27,"1":8},"b":{"0":[1],"1":[2]}}
,"D:\\Projects\\Javascript Fullstack Project\\backend-javascript-fullstack\\src\\middleware\\validate.middleware.ts": {"path":"D:\\Projects\\Javascript Fullstack Project\\backend-javascript-fullstack\\src\\middleware\\validate.middleware.ts","statementMap":{"0":{"start":{"line":6,"column":0},"end":{"line":6,"column":16}},"1":{"start":{"line":10,"column":2},"end":{"line":39,"column":4}},"2":{"start":{"line":17,"column":19},"end":{"line":17,"column":48}},"3":{"start":{"line":19,"column":4},"end":{"line":28,"column":5}},"4":{"start":{"line":20,"column":6},"end":{"line":27,"column":9}},"5":{"start":{"line":23,"column":50},"end":{"line":26,"column":10}},"6":{"start":{"line":32,"column":4},"end":{"line":36,"column":5}},"7":{"start":{"line":33,"column":6},"end":{"line":33,"column":51}},"8":{"start":{"line":35,"column":7},"end":{"line":35,"column":41}},"9":{"start":{"line":38,"column":4},"end":{"line":38,"column":11}}},"fnMap":{"0":{"name":"validate","decl":{"start":{"line":6,"column":16},"end":{"line":6,"column":24}},"loc":{"start":{"line":8,"column":35},"end":{"line":40,"column":1}}},"1":{"name":"(anonymous_1)","decl":{"start":{"line":10,"column":9},"end":{"line":10,"column":null}},"loc":{"start":{"line":14,"column":6},"end":{"line":39,"column":3}}},"2":{"name":"(anonymous_2)","decl":{"start":{"line":23,"column":40},"end":{"line":23,"column":45}},"loc":{"start":{"line":23,"column":50},"end":{"line":26,"column":10}}}},"branchMap":{"0":{"loc":{"start":{"line":8,"column":2},"end":{"line":8,"column":35}},"type":"default-arg","locations":[{"start":{"line":8,"column":29},"end":{"line":8,"column":35}}]},"1":{"loc":{"start":{"line":19,"column":4},"end":{"line":28,"column":5}},"type":"if","locations":[{"start":{"line":19,"column":4},"end":{"line":28,"column":5}}]},"2":{"loc":{"start":{"line":32,"column":4},"end":{"line":36,"column":5}},"type":"if","locations":[{"start":{"line":32,"column":4},"end":{"line":36,"column":5}},{"start":{"line":34,"column":11},"end":{"line":36,"column":5}}]}},"s":{"0":3,"1":42,"2":21,"3":21,"4":5,"5":6,"6":16,"7":2,"8":14,"9":16},"f":{"0":42,"1":21,"2":6},"b":{"0":[0],"1":[5],"2":[2,14]}}
,"D:\\Projects\\Javascript Fullstack Project\\backend-javascript-fullstack\\src\\repositories\\audit.repository.ts": {"path":"D:\\Projects\\Javascript Fullstack Project\\backend-javascript-fullstack\\src\\repositories\\audit.repository.ts","statementMap":{"0":{"start":{"line":3,"column":0},"end":{"line":3,"column":51}},"1":{"start":{"line":10,"column":4},"end":{"line":15,"column":7}},"2":{"start":{"line":22,"column":4},"end":{"line":27,"column":7}},"3":{"start":{"line":5,"column":0},"end":{"line":5,"column":13}}},"fnMap":{"0":{"name":"(anonymous_0)","decl":{"start":{"line":9,"column":2},"end":{"line":9,"column":7}},"loc":{"start":{"line":9,"column":47},"end":{"line":16,"column":3}}},"1":{"name":"(anonymous_1)","decl":{"start":{"line":21,"column":2},"end":{"line":21,"column":7}},"loc":{"start":{"line":21,"column":16},"end":{"line":28,"column":3}}}},"branchMap":{},"s":{"0":3,"1":4,"2":0,"3":3},"f":{"0":4,"1":0},"b":{}}
,"D:\\Projects\\Javascript Fullstack Project\\backend-javascript-fullstack\\src\\repositories\\base.repository.ts": {"path":"D:\\Projects\\Javascript Fullstack Project\\backend-javascript-fullstack\\src\\repositories\\base.repository.ts","statementMap":{"0":{"start":{"line":1,"column":0},"end":{"line":1,"column":38}},"1":{"start":{"line":8,"column":8},"end":{"line":8,"column":28}},"2":{"start":{"line":5,"column":0},"end":{"line":5,"column":22}}},"fnMap":{"0":{"name":"(anonymous_1)","decl":{"start":{"line":7,"column":14},"end":{"line":7,"column":19}},"loc":{"start":{"line":7,"column":42},"end":{"line":9,"column":5}}}},"branchMap":{"0":{"loc":{"start":{"line":8,"column":15},"end":{"line":8,"column":27}},"type":"binary-expr","locations":[{"start":{"line":8,"column":15},"end":{"line":8,"column":17}},{"start":{"line":8,"column":21},"end":{"line":8,"column":27}}]}},"s":{"0":3,"1":35,"2":3},"f":{"0":35},"b":{"0":[35,35]}}
,"D:\\Projects\\Javascript Fullstack Project\\backend-javascript-fullstack\\src\\repositories\\category.repository.ts": {"path":"D:\\Projects\\Javascript Fullstack Project\\backend-javascript-fullstack\\src\\repositories\\category.repository.ts","statementMap":{"0":{"start":{"line":3,"column":0},"end":{"line":3,"column":51}},"1":{"start":{"line":11,"column":4},"end":{"line":13,"column":7}},"2":{"start":{"line":20,"column":4},"end":{"line":25,"column":7}},"3":{"start":{"line":32,"column":4},"end":{"line":34,"column":7}},"4":{"start":{"line":41,"column":4},"end":{"line":41,"column":50}},"5":{"start":{"line":48,"column":4},"end":{"line":51,"column":7}},"6":{"start":{"line":58,"column":4},"end":{"line":60,"column":7}},"7":{"start":{"line":6,"column":0},"end":{"line":6,"column":13}}},"fnMap":{"0":{"name":"(anonymous_0)","decl":{"start":{"line":10,"column":2},"end":{"line":10,"column":7}},"loc":{"start":{"line":10,"column":16},"end":{"line":14,"column":3}}},"1":{"name":"(anonymous_1)","decl":{"start":{"line":19,"column":2},"end":{"line":19,"column":7}},"loc":{"start":{"line":19,"column":27},"end":{"line":26,"column":3}}},"2":{"name":"(anonymous_2)","decl":{"start":{"line":31,"column":2},"end":{"line":31,"column":7}},"loc":{"start":{"line":31,"column":31},"end":{"line":35,"column":3}}},"3":{"name":"(anonymous_3)","decl":{"start":{"line":40,"column":2},"end":{"line":40,"column":7}},"loc":{"start":{"line":40,"column":47},"end":{"line":42,"column":3}}},"4":{"name":"(anonymous_4)","decl":{"start":{"line":47,"column":2},"end":{"line":47,"column":7}},"loc":{"start":{"line":47,"column":59},"end":{"line":52,"column":3}}},"5":{"name":"(anonymous_5)","decl":{"start":{"line":57,"column":2},"end":{"line":57,"column":7}},"loc":{"start":{"line":57,"column":25},"end":{"line":61,"column":3}}}},"branchMap":{},"s":{"0":3,"1":1,"2":3,"3":1,"4":1,"5":0,"6":0,"7":3},"f":{"0":1,"1":3,"2":1,"3":1,"4":0,"5":0},"b":{}}
,"D:\\Projects\\Javascript Fullstack Project\\backend-javascript-fullstack\\src\\repositories\\item.repository.ts": {"path":"D:\\Projects\\Javascript Fullstack Project\\backend-javascript-fullstack\\src\\repositories\\item.repository.ts","statementMap":{"0":{"start":{"line":3,"column":0},"end":{"line":3,"column":51}},"1":{"start":{"line":18,"column":4},"end":{"line":24,"column":7}},"2":{"start":{"line":31,"column":4},"end":{"line":31,"column":46}},"3":{"start":{"line":38,"column":4},"end":{"line":45,"column":7}},"4":{"start":{"line":52,"column":4},"end":{"line":54,"column":7}},"5":{"start":{"line":61,"column":4},"end":{"line":68,"column":7}},"6":{"start":{"line":75,"column":4},"end":{"line":83,"column":7}},"7":{"start":{"line":90,"column":4},"end":{"line":94,"column":7}},"8":{"start":{"line":7,"column":0},"end":{"line":7,"column":13}}},"fnMap":{"0":{"name":"(anonymous_0)","decl":{"start":{"line":11,"column":2},"end":{"line":11,"column":7}},"loc":{"start":{"line":17,"column":3},"end":{"line":25,"column":3}}},"1":{"name":"(anonymous_1)","decl":{"start":{"line":30,"column":2},"end":{"line":30,"column":7}},"loc":{"start":{"line":30,"column":43},"end":{"line":32,"column":3}}},"2":{"name":"(anonymous_2)","decl":{"start":{"line":37,"column":2},"end":{"line":37,"column":7}},"loc":{"start":{"line":37,"column":27},"end":{"line":46,"column":3}}},"3":{"name":"(anonymous_3)","decl":{"start":{"line":51,"column":2},"end":{"line":51,"column":7}},"loc":{"start":{"line":51,"column":29},"end":{"line":55,"column":3}}},"4":{"name":"(anonymous_4)","decl":{"start":{"line":60,"column":2},"end":{"line":60,"column":7}},"loc":{"start":{"line":60,"column":43},"end":{"line":69,"column":3}}},"5":{"name":"(anonymous_5)","decl":{"start":{"line":74,"column":2},"end":{"line":74,"column":7}},"loc":{"start":{"line":74,"column":55},"end":{"line":84,"column":3}}},"6":{"name":"(anonymous_6)","decl":{"start":{"line":89,"column":2},"end":{"line":89,"column":7}},"loc":{"start":{"line":89,"column":43},"end":{"line":95,"column":3}}}},"branchMap":{},"s":{"0":3,"1":2,"2":2,"3":0,"4":3,"5":3,"6":0,"7":0,"8":3},"f":{"0":2,"1":2,"2":0,"3":3,"4":3,"5":0,"6":0},"b":{}}
,"D:\\Projects\\Javascript Fullstack Project\\backend-javascript-fullstack\\src\\repositories\\user.repository.ts": {"path":"D:\\Projects\\Javascript Fullstack Project\\backend-javascript-fullstack\\src\\repositories\\user.repository.ts","statementMap":{"0":{"start":{"line":1,"column":0},"end":{"line":1,"column":51}},"1":{"start":{"line":11,"column":4},"end":{"line":15,"column":7}},"2":{"start":{"line":22,"column":4},"end":{"line":26,"column":7}},"3":{"start":{"line":33,"column":4},"end":{"line":35,"column":7}},"4":{"start":{"line":6,"column":0},"end":{"line":6,"column":13}}},"fnMap":{"0":{"name":"(anonymous_0)","decl":{"start":{"line":10,"column":2},"end":{"line":10,"column":7}},"loc":{"start":{"line":10,"column":63},"end":{"line":16,"column":3}}},"1":{"name":"(anonymous_1)","decl":{"start":{"line":21,"column":2},"end":{"line":21,"column":7}},"loc":{"start":{"line":21,"column":51},"end":{"line":27,"column":3}}},"2":{"name":"(anonymous_2)","decl":{"start":{"line":32,"column":2},"end":{"line":32,"column":7}},"loc":{"start":{"line":32,"column":58},"end":{"line":36,"column":3}}}},"branchMap":{},"s":{"0":3,"1":10,"2":1,"3":4,"4":3},"f":{"0":10,"1":1,"2":4},"b":{}}
,"D:\\Projects\\Javascript Fullstack Project\\backend-javascript-fullstack\\src\\routes\\audit.routes.ts": {"path":"D:\\Projects\\Javascript Fullstack Project\\backend-javascript-fullstack\\src\\routes\\audit.routes.ts","statementMap":{"0":{"start":{"line":1,"column":0},"end":{"line":1,"column":33}},"1":{"start":{"line":3,"column":0},"end":{"line":3,"column":63}},"2":{"start":{"line":4,"column":0},"end":{"line":4,"column":63}},"3":{"start":{"line":5,"column":0},"end":{"line":5,"column":59}},"4":{"start":{"line":7,"column":15},"end":{"line":7,"column":23}},"5":{"start":{"line":10,"column":0},"end":{"line":10,"column":81}},"6":{"start":{"line":12,"column":0},"end":{"line":12,"column":22}}},"fnMap":{},"branchMap":{},"s":{"0":3,"1":3,"2":3,"3":3,"4":3,"5":3,"6":3},"f":{},"b":{}}
,"D:\\Projects\\Javascript Fullstack Project\\backend-javascript-fullstack\\src\\routes\\auth.routes.ts": {"path":"D:\\Projects\\Javascript Fullstack Project\\backend-javascript-fullstack\\src\\routes\\auth.routes.ts","statementMap":{"0":{"start":{"line":1,"column":0},"end":{"line":1,"column":33}},"1":{"start":{"line":3,"column":0},"end":{"line":3,"column":57}},"2":{"start":{"line":4,"column":0},"end":{"line":4,"column":63}},"3":{"start":{"line":5,"column":0},"end":{"line":5,"column":61}},"4":{"start":{"line":6,"column":0},"end":{"line":6,"column":62}},"5":{"start":{"line":7,"column":0},"end":{"line":7,"column":60}},"6":{"start":{"line":9,"column":15},"end":{"line":9,"column":23}},"7":{"start":{"line":13,"column":0},"end":{"line":17,"column":2}},"8":{"start":{"line":20,"column":0},"end":{"line":24,"column":2}},"9":{"start":{"line":27,"column":0},"end":{"line":27,"column":53}},"10":{"start":{"line":30,"column":0},"end":{"line":30,"column":62}},"11":{"start":{"line":32,"column":0},"end":{"line":32,"column":22}}},"fnMap":{},"branchMap":{},"s":{"0":3,"1":3,"2":3,"3":3,"4":3,"5":3,"6":3,"7":3,"8":3,"9":3,"10":3,"11":3},"f":{},"b":{}}
,"D:\\Projects\\Javascript Fullstack Project\\backend-javascript-fullstack\\src\\routes\\category.routes.ts": {"path":"D:\\Projects\\Javascript Fullstack Project\\backend-javascript-fullstack\\src\\routes\\category.routes.ts","statementMap":{"0":{"start":{"line":1,"column":0},"end":{"line":1,"column":33}},"1":{"start":{"line":3,"column":0},"end":{"line":3,"column":63}},"2":{"start":{"line":4,"column":0},"end":{"line":4,"column":63}},"3":{"start":{"line":5,"column":0},"end":{"line":5,"column":61}},"4":{"start":{"line":6,"column":0},"end":{"line":6,"column":94}},"5":{"start":{"line":7,"column":0},"end":{"line":7,"column":58}},"6":{"start":{"line":8,"column":0},"end":{"line":8,"column":65}},"7":{"start":{"line":10,"column":15},"end":{"line":10,"column":23}},"8":{"start":{"line":13,"column":0},"end":{"line":13,"column":57}},"9":{"start":{"line":15,"column":0},"end":{"line":20,"column":2}},"10":{"start":{"line":22,"column":0},"end":{"line":28,"column":2}},"11":{"start":{"line":30,"column":0},"end":{"line":37,"column":2}},"12":{"start":{"line":39,"column":0},"end":{"line":45,"column":2}},"13":{"start":{"line":47,"column":0},"end":{"line":47,"column":22}}},"fnMap":{},"branchMap":{},"s":{"0":3,"1":3,"2":3,"3":3,"4":3,"5":3,"6":3,"7":3,"8":3,"9":3,"10":3,"11":3,"12":3,"13":3},"f":{},"b":{}}
,"D:\\Projects\\Javascript Fullstack Project\\backend-javascript-fullstack\\src\\routes\\docs.routes.ts": {"path":"D:\\Projects\\Javascript Fullstack Project\\backend-javascript-fullstack\\src\\routes\\docs.routes.ts","statementMap":{"0":{"start":{"line":1,"column":0},"end":{"line":1,"column":33}},"1":{"start":{"line":3,"column":0},"end":{"line":3,"column":57}},"2":{"start":{"line":5,"column":15},"end":{"line":5,"column":23}},"3":{"start":{"line":8,"column":0},"end":{"line":8,"column":40}},"4":{"start":{"line":9,"column":0},"end":{"line":9,"column":52}},"5":{"start":{"line":11,"column":0},"end":{"line":11,"column":22}}},"fnMap":{},"branchMap":{},"s":{"0":3,"1":3,"2":3,"3":3,"4":3,"5":3},"f":{},"b":{}}
,"D:\\Projects\\Javascript Fullstack Project\\backend-javascript-fullstack\\src\\routes\\item.routes.ts": {"path":"D:\\Projects\\Javascript Fullstack Project\\backend-javascript-fullstack\\src\\routes\\item.routes.ts","statementMap":{"0":{"start":{"line":1,"column":0},"end":{"line":1,"column":33}},"1":{"start":{"line":3,"column":0},"end":{"line":3,"column":63}},"2":{"start":{"line":4,"column":0},"end":{"line":4,"column":63}},"3":{"start":{"line":5,"column":0},"end":{"line":5,"column":61}},"4":{"start":{"line":6,"column":0},"end":{"line":6,"column":82}},"5":{"start":{"line":7,"column":0},"end":{"line":7,"column":58}},"6":{"start":{"line":8,"column":0},"end":{"line":8,"column":66}},"7":{"start":{"line":9,"column":0},"end":{"line":9,"column":57}},"8":{"start":{"line":11,"column":15},"end":{"line":11,"column":23}},"9":{"start":{"line":15,"column":0},"end":{"line":20,"column":2}},"10":{"start":{"line":22,"column":0},"end":{"line":27,"column":2}},"11":{"start":{"line":29,"column":0},"end":{"line":35,"column":2}},"12":{"start":{"line":37,"column":0},"end":{"line":44,"column":2}},"13":{"start":{"line":46,"column":0},"end":{"line":52,"column":2}},"14":{"start":{"line":54,"column":0},"end":{"line":60,"column":2}},"15":{"start":{"line":62,"column":0},"end":{"line":62,"column":22}}},"fnMap":{},"branchMap":{},"s":{"0":3,"1":3,"2":3,"3":3,"4":3,"5":3,"6":3,"7":3,"8":3,"9":3,"10":3,"11":3,"12":3,"13":3,"14":3,"15":3},"f":{},"b":{}}
,"D:\\Projects\\Javascript Fullstack Project\\backend-javascript-fullstack\\src\\security\\auth.constant.ts": {"path":"D:\\Projects\\Javascript Fullstack Project\\backend-javascript-fullstack\\src\\security\\auth.constant.ts","statementMap":{"0":{"start":{"line":1,"column":13},"end":{"line":9,"column":11}}},"fnMap":{},"branchMap":{},"s":{"0":5},"f":{},"b":{}}
,"D:\\Projects\\Javascript Fullstack Project\\backend-javascript-fullstack\\src\\security\\jwt.ts": {"path":"D:\\Projects\\Javascript Fullstack Project\\backend-javascript-fullstack\\src\\security\\jwt.ts","statementMap":{"0":{"start":{"line":1,"column":0},"end":{"line":1,"column":31}},"1":{"start":{"line":3,"column":0},"end":{"line":3,"column":36}},"2":{"start":{"line":4,"column":0},"end":{"line":4,"column":48}},"3":{"start":{"line":13,"column":4},"end":{"line":15,"column":7}},"4":{"start":{"line":22,"column":20},"end":{"line":22,"column":53}},"5":{"start":{"line":24,"column":4},"end":{"line":26,"column":5}},"6":{"start":{"line":25,"column":6},"end":{"line":25,"column":48}},"7":{"start":{"line":28,"column":4},"end":{"line":28,"column":33}},"8":{"start":{"line":8,"column":0},"end":{"line":8,"column":13}}},"fnMap":{"0":{"name":"(anonymous_1)","decl":{"start":{"line":12,"column":2},"end":{"line":12,"column":8}},"loc":{"start":{"line":12,"column":33},"end":{"line":16,"column":3}}},"1":{"name":"(anonymous_2)","decl":{"start":{"line":21,"column":2},"end":{"line":21,"column":8}},"loc":{"start":{"line":21,"column":29},"end":{"line":29,"column":3}}}},"branchMap":{"0":{"loc":{"start":{"line":24,"column":4},"end":{"line":26,"column":5}},"type":"if","locations":[{"start":{"line":24,"column":4},"end":{"line":26,"column":5}}]},"1":{"loc":{"start":{"line":24,"column":8},"end":{"line":24,"column":92}},"type":"binary-expr","locations":[{"start":{"line":24,"column":8},"end":{"line":24,"column":35}},{"start":{"line":24,"column":39},"end":{"line":24,"column":54}},{"start":{"line":24,"column":58},"end":{"line":24,"column":75}},{"start":{"line":24,"column":79},"end":{"line":24,"column":92}}]}},"s":{"0":5,"1":5,"2":5,"3":6,"4":12,"5":10,"6":0,"7":10,"8":5},"f":{"0":6,"1":12},"b":{"0":[0],"1":[10,10,10,10]}}
,"D:\\Projects\\Javascript Fullstack Project\\backend-javascript-fullstack\\src\\security\\password.ts": {"path":"D:\\Projects\\Javascript Fullstack Project\\backend-javascript-fullstack\\src\\security\\password.ts","statementMap":{"0":{"start":{"line":1,"column":0},"end":{"line":1,"column":28}},"1":{"start":{"line":5,"column":42},"end":{"line":5,"column":44}},"2":{"start":{"line":8,"column":8},"end":{"line":8,"column":55}},"3":{"start":{"line":16,"column":8},"end":{"line":16,"column":56}},"4":{"start":{"line":3,"column":0},"end":{"line":3,"column":13}}},"fnMap":{"0":{"name":"(anonymous_1)","decl":{"start":{"line":7,"column":4},"end":{"line":7,"column":10}},"loc":{"start":{"line":7,"column":38},"end":{"line":9,"column":5}}},"1":{"name":"(anonymous_2)","decl":{"start":{"line":11,"column":4},"end":{"line":11,"column":10}},"loc":{"start":{"line":13,"column":30},"end":{"line":17,"column":5}}}},"branchMap":{},"s":{"0":4,"1":4,"2":5,"3":6,"4":4},"f":{"0":5,"1":6},"b":{}}
,"D:\\Projects\\Javascript Fullstack Project\\backend-javascript-fullstack\\src\\services\\audit.service.ts": {"path":"D:\\Projects\\Javascript Fullstack Project\\backend-javascript-fullstack\\src\\services\\audit.service.ts","statementMap":{"0":{"start":{"line":5,"column":31},"end":{"line":5,"column":63}},"1":{"start":{"line":11,"column":17},"end":{"line":11,"column":54}},"2":{"start":{"line":13,"column":4},"end":{"line":13,"column":16}},"3":{"start":{"line":4,"column":0},"end":{"line":4,"column":13}}},"fnMap":{"0":{"name":"(anonymous_0)","decl":{"start":{"line":5,"column":2},"end":{"line":5,"column":31}},"loc":{"start":{"line":5,"column":63},"end":{"line":5,"column":67}}},"1":{"name":"(anonymous_1)","decl":{"start":{"line":10,"column":2},"end":{"line":10,"column":7}},"loc":{"start":{"line":10,"column":21},"end":{"line":14,"column":3}}}},"branchMap":{},"s":{"0":3,"1":0,"2":0,"3":3},"f":{"0":3,"1":0},"b":{}}
,"D:\\Projects\\Javascript Fullstack Project\\backend-javascript-fullstack\\src\\services\\auth.service.ts": {"path":"D:\\Projects\\Javascript Fullstack Project\\backend-javascript-fullstack\\src\\services\\auth.service.ts","statementMap":{"0":{"start":{"line":1,"column":0},"end":{"line":1,"column":38}},"1":{"start":{"line":4,"column":0},"end":{"line":4,"column":60}},"2":{"start":{"line":6,"column":0},"end":{"line":6,"column":64}},"3":{"start":{"line":8,"column":0},"end":{"line":8,"column":56}},"4":{"start":{"line":9,"column":0},"end":{"line":9,"column":56}},"5":{"start":{"line":10,"column":0},"end":{"line":10,"column":64}},"6":{"start":{"line":12,"column":0},"end":{"line":12,"column":52}},"7":{"start":{"line":13,"column":0},"end":{"line":13,"column":42}},"8":{"start":{"line":20,"column":31},"end":{"line":20,"column":61}},"9":{"start":{"line":37,"column":25},"end":{"line":37,"column":79}},"10":{"start":{"line":39,"column":4},"end":{"line":41,"column":5}},"11":{"start":{"line":40,"column":6},"end":{"line":40,"column":58}},"12":{"start":{"line":44,"column":27},"end":{"line":44,"column":64}},"13":{"start":{"line":46,"column":20},"end":{"line":46,"column":78}},"14":{"start":{"line":47,"column":17},"end":{"line":47,"column":58}},"15":{"start":{"line":49,"column":4},"end":{"line":49,"column":44}},"16":{"start":{"line":67,"column":25},"end":{"line":67,"column":79}},"17":{"start":{"line":69,"column":4},"end":{"line":71,"column":5}},"18":{"start":{"line":70,"column":6},"end":{"line":70,"column":67}},"19":{"start":{"line":74,"column":28},"end":{"line":74,"column":91}},"20":{"start":{"line":76,"column":4},"end":{"line":78,"column":5}},"21":{"start":{"line":77,"column":6},"end":{"line":77,"column":67}},"22":{"start":{"line":82,"column":18},"end":{"line":86,"column":6}},"23":{"start":{"line":88,"column":4},"end":{"line":91,"column":6}},"24":{"start":{"line":105,"column":17},"end":{"line":105,"column":59}},"25":{"start":{"line":107,"column":4},"end":{"line":109,"column":5}},"26":{"start":{"line":108,"column":6},"end":{"line":108,"column":49}},"27":{"start":{"line":111,"column":4},"end":{"line":111,"column":44}},"28":{"start":{"line":19,"column":0},"end":{"line":19,"column":13}}},"fnMap":{"0":{"name":"(anonymous_0)","decl":{"start":{"line":20,"column":2},"end":{"line":20,"column":31}},"loc":{"start":{"line":20,"column":61},"end":{"line":20,"column":65}}},"1":{"name":"(anonymous_1)","decl":{"start":{"line":36,"column":2},"end":{"line":36,"column":7}},"loc":{"start":{"line":36,"column":33},"end":{"line":50,"column":3}}},"2":{"name":"(anonymous_2)","decl":{"start":{"line":66,"column":2},"end":{"line":66,"column":7}},"loc":{"start":{"line":66,"column":27},"end":{"line":92,"column":3}}},"3":{"name":"(anonymous_3)","decl":{"start":{"line":104,"column":2},"end":{"line":104,"column":7}},"loc":{"start":{"line":104,"column":33},"end":{"line":112,"column":3}}}},"branchMap":{"0":{"loc":{"start":{"line":39,"column":4},"end":{"line":41,"column":5}},"type":"if","locations":[{"start":{"line":39,"column":4},"end":{"line":41,"column":5}}]},"1":{"loc":{"start":{"line":69,"column":4},"end":{"line":71,"column":5}},"type":"if","locations":[{"start":{"line":69,"column":4},"end":{"line":71,"column":5}}]},"2":{"loc":{"start":{"line":76,"column":4},"end":{"line":78,"column":5}},"type":"if","locations":[{"start":{"line":76,"column":4},"end":{"line":78,"column":5}}]},"3":{"loc":{"start":{"line":107,"column":4},"end":{"line":109,"column":5}},"type":"if","locations":[{"start":{"line":107,"column":4},"end":{"line":109,"column":5}}]}},"s":{"0":3,"1":3,"2":3,"3":3,"4":3,"5":3,"6":3,"7":3,"8":3,"9":4,"10":4,"11":0,"12":4,"13":4,"14":4,"15":4,"16":6,"17":6,"18":1,"19":5,"20":5,"21":0,"22":5,"23":5,"24":1,"25":1,"26":0,"27":1,"28":3},"f":{"0":3,"1":4,"2":6,"3":1},"b":{"0":[0],"1":[1],"2":[0],"3":[0]}}
,"D:\\Projects\\Javascript Fullstack Project\\backend-javascript-fullstack\\src\\services\\category.service.ts": {"path":"D:\\Projects\\Javascript Fullstack Project\\backend-javascript-fullstack\\src\\services\\category.service.ts","statementMap":{"0":{"start":{"line":1,"column":0},"end":{"line":1,"column":45}},"1":{"start":{"line":5,"column":0},"end":{"line":5,"column":76}},"2":{"start":{"line":6,"column":0},"end":{"line":6,"column":60}},"3":{"start":{"line":7,"column":0},"end":{"line":7,"column":56}},"4":{"start":{"line":8,"column":0},"end":{"line":8,"column":56}},"5":{"start":{"line":15,"column":21},"end":{"line":15,"column":59}},"6":{"start":{"line":16,"column":21},"end":{"line":16,"column":53}},"7":{"start":{"line":23,"column":23},"end":{"line":23,"column":63}},"8":{"start":{"line":24,"column":4},"end":{"line":24,"column":82}},"9":{"start":{"line":24,"column":40},"end":{"line":24,"column":80}},"10":{"start":{"line":31,"column":21},"end":{"line":31,"column":63}},"11":{"start":{"line":33,"column":4},"end":{"line":35,"column":5}},"12":{"start":{"line":34,"column":6},"end":{"line":34,"column":53}},"13":{"start":{"line":37,"column":4},"end":{"line":37,"column":52}},"14":{"start":{"line":44,"column":29},"end":{"line":44,"column":79}},"15":{"start":{"line":46,"column":4},"end":{"line":48,"column":5}},"16":{"start":{"line":47,"column":6},"end":{"line":47,"column":63}},"17":{"start":{"line":50,"column":21},"end":{"line":53,"column":6}},"18":{"start":{"line":55,"column":4},"end":{"line":61,"column":7}},"19":{"start":{"line":63,"column":4},"end":{"line":63,"column":52}},"20":{"start":{"line":70,"column":29},"end":{"line":70,"column":71}},"21":{"start":{"line":72,"column":4},"end":{"line":74,"column":5}},"22":{"start":{"line":73,"column":6},"end":{"line":73,"column":53}},"23":{"start":{"line":76,"column":4},"end":{"line":82,"column":5}},"24":{"start":{"line":77,"column":24},"end":{"line":77,"column":74}},"25":{"start":{"line":79,"column":6},"end":{"line":81,"column":7}},"26":{"start":{"line":80,"column":8},"end":{"line":80,"column":65}},"27":{"start":{"line":84,"column":21},"end":{"line":87,"column":6}},"28":{"start":{"line":89,"column":4},"end":{"line":95,"column":7}},"29":{"start":{"line":97,"column":4},"end":{"line":97,"column":52}},"30":{"start":{"line":104,"column":21},"end":{"line":104,"column":63}},"31":{"start":{"line":106,"column":4},"end":{"line":108,"column":5}},"32":{"start":{"line":107,"column":6},"end":{"line":107,"column":53}},"33":{"start":{"line":110,"column":4},"end":{"line":112,"column":5}},"34":{"start":{"line":111,"column":6},"end":{"line":111,"column":82}},"35":{"start":{"line":114,"column":4},"end":{"line":114,"column":45}},"36":{"start":{"line":116,"column":4},"end":{"line":122,"column":7}},"37":{"start":{"line":124,"column":4},"end":{"line":124,"column":72}},"38":{"start":{"line":13,"column":0},"end":{"line":13,"column":13}}},"fnMap":{"0":{"name":"(anonymous_0)","decl":{"start":{"line":14,"column":2},"end":{"line":14,"column":null}},"loc":{"start":{"line":16,"column":53},"end":{"line":17,"column":6}}},"1":{"name":"(anonymous_1)","decl":{"start":{"line":22,"column":2},"end":{"line":22,"column":7}},"loc":{"start":{"line":22,"column":22},"end":{"line":25,"column":3}}},"2":{"name":"(anonymous_2)","decl":{"start":{"line":24,"column":26},"end":{"line":24,"column":27}},"loc":{"start":{"line":24,"column":40},"end":{"line":24,"column":80}}},"3":{"name":"(anonymous_3)","decl":{"start":{"line":30,"column":2},"end":{"line":30,"column":7}},"loc":{"start":{"line":30,"column":34},"end":{"line":38,"column":3}}},"4":{"name":"(anonymous_4)","decl":{"start":{"line":43,"column":2},"end":{"line":43,"column":7}},"loc":{"start":{"line":43,"column":61},"end":{"line":64,"column":3}}},"5":{"name":"(anonymous_5)","decl":{"start":{"line":69,"column":2},"end":{"line":69,"column":7}},"loc":{"start":{"line":69,"column":73},"end":{"line":98,"column":3}}},"6":{"name":"(anonymous_6)","decl":{"start":{"line":103,"column":2},"end":{"line":103,"column":7}},"loc":{"start":{"line":103,"column":49},"end":{"line":125,"column":3}}}},"branchMap":{"0":{"loc":{"start":{"line":33,"column":4},"end":{"line":35,"column":5}},"type":"if","locations":[{"start":{"line":33,"column":4},"end":{"line":35,"column":5}}]},"1":{"loc":{"start":{"line":46,"column":4},"end":{"line":48,"column":5}},"type":"if","locations":[{"start":{"line":46,"column":4},"end":{"line":48,"column":5}}]},"2":{"loc":{"start":{"line":52,"column":19},"end":{"line":52,"column":42}},"type":"binary-expr","locations":[{"start":{"line":52,"column":19},"end":{"line":52,"column":34}},{"start":{"line":52,"column":38},"end":{"line":52,"column":42}}]},"3":{"loc":{"start":{"line":72,"column":4},"end":{"line":74,"column":5}},"type":"if","locations":[{"start":{"line":72,"column":4},"end":{"line":74,"column":5}}]},"4":{"loc":{"start":{"line":76,"column":4},"end":{"line":82,"column":5}},"type":"if","locations":[{"start":{"line":76,"column":4},"end":{"line":82,"column":5}}]},"5":{"loc":{"start":{"line":76,"column":8},"end":{"line":76,"column":54}},"type":"binary-expr","locations":[{"start":{"line":76,"column":8},"end":{"line":76,"column":16}},{"start":{"line":76,"column":20},"end":{"line":76,"column":54}}]},"6":{"loc":{"start":{"line":79,"column":6},"end":{"line":81,"column":7}},"type":"if","locations":[{"start":{"line":79,"column":6},"end":{"line":81,"column":7}}]},"7":{"loc":{"start":{"line":106,"column":4},"end":{"line":108,"column":5}},"type":"if","locations":[{"start":{"line":106,"column":4},"end":{"line":108,"column":5}}]},"8":{"loc":{"start":{"line":110,"column":4},"end":{"line":112,"column":5}},"type":"if","locations":[{"start":{"line":110,"column":4},"end":{"line":112,"column":5}}]}},"s":{"0":3,"1":3,"2":3,"3":3,"4":3,"5":3,"6":3,"7":1,"8":1,"9":14,"10":0,"11":0,"12":0,"13":0,"14":1,"15":1,"16":0,"17":1,"18":1,"19":1,"20":0,"21":0,"22":0,"23":0,"24":0,"25":0,"26":0,"27":0,"28":0,"29":0,"30":0,"31":0,"32":0,"33":0,"34":0,"35":0,"36":0,"37":0,"38":3},"f":{"0":3,"1":1,"2":14,"3":0,"4":1,"5":0,"6":0},"b":{"0":[0],"1":[0],"2":[1,0],"3":[0],"4":[0],"5":[0,0],"6":[0],"7":[0],"8":[0]}}
,"D:\\Projects\\Javascript Fullstack Project\\backend-javascript-fullstack\\src\\services\\item.service.ts": {"path":"D:\\Projects\\Javascript Fullstack Project\\backend-javascript-fullstack\\src\\services\\item.service.ts","statementMap":{"0":{"start":{"line":1,"column":0},"end":{"line":1,"column":45}},"1":{"start":{"line":5,"column":0},"end":{"line":5,"column":64}},"2":{"start":{"line":6,"column":0},"end":{"line":6,"column":60}},"3":{"start":{"line":7,"column":0},"end":{"line":7,"column":56}},"4":{"start":{"line":8,"column":0},"end":{"line":8,"column":56}},"5":{"start":{"line":16,"column":21},"end":{"line":16,"column":51}},"6":{"start":{"line":17,"column":21},"end":{"line":17,"column":59}},"7":{"start":{"line":18,"column":21},"end":{"line":18,"column":53}},"8":{"start":{"line":25,"column":17},"end":{"line":25,"column":46}},"9":{"start":{"line":26,"column":18},"end":{"line":26,"column":64}},"10":{"start":{"line":27,"column":17},"end":{"line":27,"column":35}},"11":{"start":{"line":29,"column":18},"end":{"line":37,"column":17}},"12":{"start":{"line":39,"column":27},"end":{"line":47,"column":6}},"13":{"start":{"line":49,"column":4},"end":{"line":55,"column":6}},"14":{"start":{"line":50,"column":32},"end":{"line":50,"column":64}},"15":{"start":{"line":62,"column":17},"end":{"line":62,"column":55}},"16":{"start":{"line":64,"column":4},"end":{"line":66,"column":5}},"17":{"start":{"line":65,"column":6},"end":{"line":65,"column":49}},"18":{"start":{"line":68,"column":4},"end":{"line":68,"column":44}},"19":{"start":{"line":75,"column":25},"end":{"line":75,"column":69}},"20":{"start":{"line":77,"column":4},"end":{"line":79,"column":5}},"21":{"start":{"line":78,"column":6},"end":{"line":78,"column":53}},"22":{"start":{"line":81,"column":21},"end":{"line":81,"column":75}},"23":{"start":{"line":83,"column":4},"end":{"line":85,"column":5}},"24":{"start":{"line":84,"column":6},"end":{"line":84,"column":53}},"25":{"start":{"line":87,"column":23},"end":{"line":87,"column":67}},"26":{"start":{"line":89,"column":17},"end":{"line":98,"column":6}},"27":{"start":{"line":100,"column":4},"end":{"line":106,"column":7}},"28":{"start":{"line":108,"column":4},"end":{"line":108,"column":44}},"29":{"start":{"line":115,"column":25},"end":{"line":115,"column":63}},"30":{"start":{"line":117,"column":4},"end":{"line":119,"column":5}},"31":{"start":{"line":118,"column":6},"end":{"line":118,"column":49}},"32":{"start":{"line":121,"column":4},"end":{"line":127,"column":5}},"33":{"start":{"line":122,"column":24},"end":{"line":122,"column":68}},"34":{"start":{"line":124,"column":6},"end":{"line":126,"column":7}},"35":{"start":{"line":125,"column":8},"end":{"line":125,"column":55}},"36":{"start":{"line":129,"column":4},"end":{"line":134,"column":5}},"37":{"start":{"line":130,"column":23},"end":{"line":130,"column":77}},"38":{"start":{"line":131,"column":6},"end":{"line":133,"column":7}},"39":{"start":{"line":132,"column":8},"end":{"line":132,"column":55}},"40":{"start":{"line":136,"column":48},"end":{"line":136,"column":50}},"41":{"start":{"line":138,"column":4},"end":{"line":138,"column":42}},"42":{"start":{"line":138,"column":17},"end":{"line":138,"column":42}},"43":{"start":{"line":139,"column":4},"end":{"line":139,"column":45}},"44":{"start":{"line":139,"column":18},"end":{"line":139,"column":45}},"45":{"start":{"line":140,"column":4},"end":{"line":140,"column":80}},"46":{"start":{"line":140,"column":39},"end":{"line":140,"column":80}},"47":{"start":{"line":141,"column":4},"end":{"line":141,"column":71}},"48":{"start":{"line":141,"column":36},"end":{"line":141,"column":71}},"49":{"start":{"line":142,"column":4},"end":{"line":142,"column":93}},"50":{"start":{"line":142,"column":24},"end":{"line":142,"column":93}},"51":{"start":{"line":143,"column":4},"end":{"line":143,"column":82}},"52":{"start":{"line":143,"column":24},"end":{"line":143,"column":82}},"53":{"start":{"line":144,"column":4},"end":{"line":144,"column":71}},"54":{"start":{"line":144,"column":36},"end":{"line":144,"column":71}},"55":{"start":{"line":145,"column":4},"end":{"line":145,"column":67}},"56":{"start":{"line":145,"column":32},"end":{"line":145,"column":67}},"57":{"start":{"line":146,"column":4},"end":{"line":146,"column":60}},"58":{"start":{"line":146,"column":31},"end":{"line":146,"column":60}},"59":{"start":{"line":148,"column":4},"end":{"line":148,"column":55}},"60":{"start":{"line":150,"column":17},"end":{"line":150,"column":65}},"61":{"start":{"line":152,"column":4},"end":{"line":158,"column":7}},"62":{"start":{"line":160,"column":4},"end":{"line":160,"column":44}},"63":{"start":{"line":167,"column":17},"end":{"line":167,"column":55}},"64":{"start":{"line":169,"column":4},"end":{"line":171,"column":5}},"65":{"start":{"line":170,"column":6},"end":{"line":170,"column":49}},"66":{"start":{"line":173,"column":24},"end":{"line":177,"column":6}},"67":{"start":{"line":179,"column":4},"end":{"line":185,"column":7}},"68":{"start":{"line":187,"column":4},"end":{"line":187,"column":51}},"69":{"start":{"line":194,"column":17},"end":{"line":194,"column":55}},"70":{"start":{"line":196,"column":4},"end":{"line":198,"column":5}},"71":{"start":{"line":197,"column":6},"end":{"line":197,"column":49}},"72":{"start":{"line":200,"column":25},"end":{"line":204,"column":6}},"73":{"start":{"line":206,"column":4},"end":{"line":212,"column":7}},"74":{"start":{"line":214,"column":4},"end":{"line":214,"column":52}},"75":{"start":{"line":218,"column":4},"end":{"line":220,"column":5}},"76":{"start":{"line":219,"column":6},"end":{"line":219,"column":24}},"77":{"start":{"line":222,"column":19},"end":{"line":222,"column":34}},"78":{"start":{"line":224,"column":4},"end":{"line":226,"column":5}},"79":{"start":{"line":225,"column":6},"end":{"line":225,"column":70}},"80":{"start":{"line":228,"column":4},"end":{"line":228,"column":18}},"81":{"start":{"line":14,"column":0},"end":{"line":14,"column":13}}},"fnMap":{"0":{"name":"(anonymous_0)","decl":{"start":{"line":15,"column":2},"end":{"line":15,"column":null}},"loc":{"start":{"line":18,"column":53},"end":{"line":19,"column":6}}},"1":{"name":"(anonymous_1)","decl":{"start":{"line":24,"column":2},"end":{"line":24,"column":7}},"loc":{"start":{"line":24,"column":74},"end":{"line":56,"column":3}}},"2":{"name":"(anonymous_2)","decl":{"start":{"line":50,"column":22},"end":{"line":50,"column":23}},"loc":{"start":{"line":50,"column":32},"end":{"line":50,"column":64}}},"3":{"name":"(anonymous_3)","decl":{"start":{"line":61,"column":2},"end":{"line":61,"column":7}},"loc":{"start":{"line":61,"column":30},"end":{"line":69,"column":3}}},"4":{"name":"(anonymous_4)","decl":{"start":{"line":74,"column":2},"end":{"line":74,"column":7}},"loc":{"start":{"line":74,"column":53},"end":{"line":109,"column":3}}},"5":{"name":"(anonymous_5)","decl":{"start":{"line":114,"column":2},"end":{"line":114,"column":7}},"loc":{"start":{"line":114,"column":65},"end":{"line":161,"column":3}}},"6":{"name":"(anonymous_6)","decl":{"start":{"line":166,"column":2},"end":{"line":166,"column":7}},"loc":{"start":{"line":166,"column":45},"end":{"line":188,"column":3}}},"7":{"name":"(anonymous_7)","decl":{"start":{"line":193,"column":2},"end":{"line":193,"column":7}},"loc":{"start":{"line":193,"column":46},"end":{"line":215,"column":3}}},"8":{"name":"(anonymous_8)","decl":{"start":{"line":217,"column":10},"end":{"line":217,"column":19}},"loc":{"start":{"line":217,"column":64},"end":{"line":229,"column":3}}}},"branchMap":{"0":{"loc":{"start":{"line":25,"column":29},"end":{"line":25,"column":45}},"type":"binary-expr","locations":[{"start":{"line":25,"column":29},"end":{"line":25,"column":40}},{"start":{"line":25,"column":44},"end":{"line":25,"column":45}}]},"1":{"loc":{"start":{"line":26,"column":44},"end":{"line":26,"column":62}},"type":"binary-expr","locations":[{"start":{"line":26,"column":44},"end":{"line":26,"column":56}},{"start":{"line":26,"column":60},"end":{"line":26,"column":62}}]},"2":{"loc":{"start":{"line":29,"column":18},"end":{"line":37,"column":17}},"type":"cond-expr","locations":[{"start":{"line":30,"column":8},"end":{"line":36,"column":null}},{"start":{"line":37,"column":8},"end":{"line":37,"column":17}}]},"3":{"loc":{"start":{"line":64,"column":4},"end":{"line":66,"column":5}},"type":"if","locations":[{"start":{"line":64,"column":4},"end":{"line":66,"column":5}}]},"4":{"loc":{"start":{"line":77,"column":4},"end":{"line":79,"column":5}},"type":"if","locations":[{"start":{"line":77,"column":4},"end":{"line":79,"column":5}}]},"5":{"loc":{"start":{"line":83,"column":4},"end":{"line":85,"column":5}},"type":"if","locations":[{"start":{"line":83,"column":4},"end":{"line":85,"column":5}}]},"6":{"loc":{"start":{"line":117,"column":4},"end":{"line":119,"column":5}},"type":"if","locations":[{"start":{"line":117,"column":4},"end":{"line":119,"column":5}}]},"7":{"loc":{"start":{"line":121,"column":4},"end":{"line":127,"column":5}},"type":"if","locations":[{"start":{"line":121,"column":4},"end":{"line":127,"column":5}}]},"8":{"loc":{"start":{"line":121,"column":8},"end":{"line":121,"column":47}},"type":"binary-expr","locations":[{"start":{"line":121,"column":8},"end":{"line":121,"column":15}},{"start":{"line":121,"column":19},"end":{"line":121,"column":47}}]},"9":{"loc":{"start":{"line":124,"column":6},"end":{"line":126,"column":7}},"type":"if","locations":[{"start":{"line":124,"column":6},"end":{"line":126,"column":7}}]},"10":{"loc":{"start":{"line":129,"column":4},"end":{"line":134,"column":5}},"type":"if","locations":[{"start":{"line":129,"column":4},"end":{"line":134,"column":5}}]},"11":{"loc":{"start":{"line":131,"column":6},"end":{"line":133,"column":7}},"type":"if","locations":[{"start":{"line":131,"column":6},"end":{"line":133,"column":7}}]},"12":{"loc":{"start":{"line":138,"column":4},"end":{"line":138,"column":42}},"type":"if","locations":[{"start":{"line":138,"column":4},"end":{"line":138,"column":42}}]},"13":{"loc":{"start":{"line":139,"column":4},"end":{"line":139,"column":45}},"type":"if","locations":[{"start":{"line":139,"column":4},"end":{"line":139,"column":45}}]},"14":{"loc":{"start":{"line":140,"column":4},"end":{"line":140,"column":80}},"type":"if","locations":[{"start":{"line":140,"column":4},"end":{"line":140,"column":80}}]},"15":{"loc":{"start":{"line":141,"column":4},"end":{"line":141,"column":71}},"type":"if","locations":[{"start":{"line":141,"column":4},"end":{"line":141,"column":71}}]},"16":{"loc":{"start":{"line":142,"column":4},"end":{"line":142,"column":93}},"type":"if","locations":[{"start":{"line":142,"column":4},"end":{"line":142,"column":93}}]},"17":{"loc":{"start":{"line":143,"column":4},"end":{"line":143,"column":82}},"type":"if","locations":[{"start":{"line":143,"column":4},"end":{"line":143,"column":82}}]},"18":{"loc":{"start":{"line":144,"column":4},"end":{"line":144,"column":71}},"type":"if","locations":[{"start":{"line":144,"column":4},"end":{"line":144,"column":71}}]},"19":{"loc":{"start":{"line":145,"column":4},"end":{"line":145,"column":67}},"type":"if","locations":[{"start":{"line":145,"column":4},"end":{"line":145,"column":67}}]},"20":{"loc":{"start":{"line":146,"column":4},"end":{"line":146,"column":60}},"type":"if","locations":[{"start":{"line":146,"column":4},"end":{"line":146,"column":60}}]},"21":{"loc":{"start":{"line":169,"column":4},"end":{"line":171,"column":5}},"type":"if","locations":[{"start":{"line":169,"column":4},"end":{"line":171,"column":5}}]},"22":{"loc":{"start":{"line":196,"column":4},"end":{"line":198,"column":5}},"type":"if","locations":[{"start":{"line":196,"column":4},"end":{"line":198,"column":5}}]},"23":{"loc":{"start":{"line":218,"column":4},"end":{"line":220,"column":5}},"type":"if","locations":[{"start":{"line":218,"column":4},"end":{"line":220,"column":5}}]},"24":{"loc":{"start":{"line":224,"column":4},"end":{"line":226,"column":5}},"type":"if","locations":[{"start":{"line":224,"column":4},"end":{"line":226,"column":5}}]}},"s":{"0":3,"1":3,"2":3,"3":3,"4":3,"5":3,"6":3,"7":3,"8":2,"9":2,"10":2,"11":2,"12":2,"13":2,"14":12,"15":0,"16":0,"17":0,"18":0,"19":3,"20":3,"21":0,"22":3,"23":3,"24":0,"25":3,"26":3,"27":3,"28":3,"29":0,"30":0,"31":0,"32":0,"33":0,"34":0,"35":0,"36":0,"37":0,"38":0,"39":0,"40":0,"41":0,"42":0,"43":0,"44":0,"45":0,"46":0,"47":0,"48":0,"49":0,"50":0,"51":0,"52":0,"53":0,"54":0,"55":0,"56":0,"57":0,"58":0,"59":0,"60":0,"61":0,"62":0,"63":0,"64":0,"65":0,"66":0,"67":0,"68":0,"69":0,"70":0,"71":0,"72":0,"73":0,"74":0,"75":3,"76":0,"77":3,"78":3,"79":0,"80":3,"81":3},"f":{"0":3,"1":2,"2":12,"3":0,"4":3,"5":0,"6":0,"7":0,"8":3},"b":{"0":[2,0],"1":[2,0],"2":[1,1],"3":[0],"4":[0],"5":[0],"6":[0],"7":[0],"8":[0,0],"9":[0],"10":[0],"11":[0],"12":[0],"13":[0],"14":[0],"15":[0],"16":[0],"17":[0],"18":[0],"19":[0],"20":[0],"21":[0],"22":[0],"23":[0],"24":[0]}}
,"D:\\Projects\\Javascript Fullstack Project\\backend-javascript-fullstack\\src\\swagger\\openapi.ts": {"path":"D:\\Projects\\Javascript Fullstack Project\\backend-javascript-fullstack\\src\\swagger\\openapi.ts","statementMap":{"0":{"start":{"line":2,"column":13},"end":{"line":228,"column":2}}},"fnMap":{},"branchMap":{},"s":{"0":3},"f":{},"b":{}}
,"D:\\Projects\\Javascript Fullstack Project\\backend-javascript-fullstack\\src\\validators\\auth.validator.ts": {"path":"D:\\Projects\\Javascript Fullstack Project\\backend-javascript-fullstack\\src\\validators\\auth.validator.ts","statementMap":{"0":{"start":{"line":1,"column":0},"end":{"line":1,"column":24}},"1":{"start":{"line":4,"column":13},"end":{"line":17,"column":3}},"2":{"start":{"line":25,"column":13},"end":{"line":28,"column":3}}},"fnMap":{},"branchMap":{},"s":{"0":4,"1":4,"2":4},"f":{},"b":{}}
,"D:\\Projects\\Javascript Fullstack Project\\backend-javascript-fullstack\\src\\validators\\category.validator.ts": {"path":"D:\\Projects\\Javascript Fullstack Project\\backend-javascript-fullstack\\src\\validators\\category.validator.ts","statementMap":{"0":{"start":{"line":1,"column":0},"end":{"line":1,"column":24}},"1":{"start":{"line":4,"column":13},"end":{"line":7,"column":3}},"2":{"start":{"line":9,"column":13},"end":{"line":9,"column":67}}},"fnMap":{},"branchMap":{},"s":{"0":3,"1":3,"2":3},"f":{},"b":{}}
,"D:\\Projects\\Javascript Fullstack Project\\backend-javascript-fullstack\\src\\validators\\common.validator.ts": {"path":"D:\\Projects\\Javascript Fullstack Project\\backend-javascript-fullstack\\src\\validators\\common.validator.ts","statementMap":{"0":{"start":{"line":1,"column":0},"end":{"line":1,"column":24}},"1":{"start":{"line":3,"column":13},"end":{"line":8,"column":3}}},"fnMap":{},"branchMap":{},"s":{"0":3,"1":3},"f":{},"b":{}}
,"D:\\Projects\\Javascript Fullstack Project\\backend-javascript-fullstack\\src\\validators\\item.validator.ts": {"path":"D:\\Projects\\Javascript Fullstack Project\\backend-javascript-fullstack\\src\\validators\\item.validator.ts","statementMap":{"0":{"start":{"line":1,"column":0},"end":{"line":1,"column":24}},"1":{"start":{"line":4,"column":13},"end":{"line":11,"column":3}},"2":{"start":{"line":13,"column":13},"end":{"line":15,"column":3}}},"fnMap":{},"branchMap":{},"s":{"0":3,"1":3,"2":3},"f":{},"b":{}}
,"D:\\Projects\\Javascript Fullstack Project\\backend-javascript-fullstack\\src\\validators\\login.validator.ts": {"path":"D:\\Projects\\Javascript Fullstack Project\\backend-javascript-fullstack\\src\\validators\\login.validator.ts","statementMap":{"0":{"start":{"line":1,"column":0},"end":{"line":1,"column":24}},"1":{"start":{"line":4,"column":13},"end":{"line":13,"column":3}}},"fnMap":{},"branchMap":{},"s":{"0":3,"1":3},"f":{},"b":{}}
,"D:\\Projects\\Javascript Fullstack Project\\backend-javascript-fullstack\\src\\validators\\search.validator.ts": {"path":"D:\\Projects\\Javascript Fullstack Project\\backend-javascript-fullstack\\src\\validators\\search.validator.ts","statementMap":{"0":{"start":{"line":1,"column":0},"end":{"line":1,"column":24}},"1":{"start":{"line":3,"column":13},"end":{"line":7,"column":3}}},"fnMap":{},"branchMap":{},"s":{"0":3,"1":3},"f":{},"b":{}}
}
