TN:
SF:src\app.ts
FN:29,(anonymous_1)
FNF:1
FNH:1
FNDA:1,(anonymous_1)
DA:1,3
DA:2,3
DA:3,3
DA:5,3
DA:6,3
DA:7,3
DA:8,3
DA:9,3
DA:10,3
DA:11,3
DA:14,3
DA:16,3
DA:17,3
DA:18,3
DA:21,3
DA:22,3
DA:23,3
DA:24,3
DA:25,3
DA:29,3
DA:30,1
DA:38,3
DA:41,3
DA:44,3
LF:24
LH:24
BRF:0
BRH:0
end_of_record
TN:
SF:src\server.ts
FN:7,(anonymous_1)
FNF:1
FNH:0
FNDA:0,(anonymous_1)
DA:1,0
DA:2,0
DA:5,0
DA:7,0
DA:8,0
LF:5
LH:0
BRDA:5,0,0,0
BRDA:5,0,1,0
BRF:2
BRH:0
end_of_record
TN:
SF:src\config\env.ts
FNF:0
FNH:0
DA:1,5
DA:4,5
LF:2
LH:2
BRDA:5,0,0,5
BRDA:5,0,1,0
BRDA:9,1,0,5
BRDA:9,1,1,0
BRDA:11,2,0,5
BRDA:11,2,1,5
BRDA:13,3,0,5
BRDA:13,3,1,5
BRF:8
BRH:6
end_of_record
TN:
SF:src\config\prisma.ts
FNF:0
FNH:0
DA:1,3
DA:4,3
DA:8,3
LF:3
LH:3
BRF:0
BRH:0
end_of_record
TN:
SF:src\container\audit.container.ts
FNF:0
FNH:0
DA:1,3
DA:2,3
DA:3,3
DA:5,3
DA:6,3
DA:7,3
DA:9,3
LF:7
LH:7
BRF:0
BRH:0
end_of_record
TN:
SF:src\container\auth.container.ts
FNF:0
FNH:0
DA:1,3
DA:2,3
DA:3,3
DA:5,3
DA:7,3
DA:9,3
DA:11,3
LF:7
LH:7
BRF:0
BRH:0
end_of_record
TN:
SF:src\container\category.container.ts
FNF:0
FNH:0
DA:1,3
DA:2,3
DA:3,3
DA:4,3
DA:6,3
DA:7,3
DA:9,3
DA:10,3
DA:12,3
LF:9
LH:9
BRF:0
BRH:0
end_of_record
TN:
SF:src\container\docs.container.ts
FNF:0
FNH:0
DA:1,3
DA:3,3
DA:5,3
LF:3
LH:3
BRF:0
BRH:0
end_of_record
TN:
SF:src\container\item.container.ts
FNF:0
FNH:0
DA:1,3
DA:2,3
DA:3,3
DA:4,3
DA:5,3
DA:7,3
DA:8,3
DA:9,3
DA:11,3
DA:12,3
DA:14,3
LF:11
LH:11
BRF:0
BRH:0
end_of_record
TN:
SF:src\controllers\audit.controller.ts
FN:6,(anonymous_0)
FN:11,(anonymous_1)
FNF:2
FNH:1
FNDA:3,(anonymous_0)
FNDA:0,(anonymous_1)
DA:5,3
DA:6,3
DA:11,3
DA:12,0
DA:13,0
DA:15,0
DA:20,0
LF:7
LH:3
BRF:0
BRH:0
end_of_record
TN:
SF:src\controllers\auth.controller.ts
FN:9,(anonymous_0)
FN:14,(anonymous_1)
FN:32,(anonymous_2)
FN:50,(anonymous_3)
FN:76,(anonymous_4)
FNF:5
FNH:4
FNDA:3,(anonymous_0)
FNDA:4,(anonymous_1)
FNDA:6,(anonymous_2)
FNDA:1,(anonymous_3)
FNDA:0,(anonymous_4)
DA:4,3
DA:5,3
DA:8,3
DA:9,3
DA:14,3
DA:15,4
DA:16,4
DA:17,4
DA:19,4
DA:25,0
DA:32,3
DA:33,6
DA:34,6
DA:35,6
DA:37,5
DA:43,1
DA:50,3
DA:51,1
DA:52,1
DA:54,1
DA:55,0
DA:61,1
DA:63,1
DA:68,0
DA:76,3
DA:77,0
DA:78,0
DA:83,0
LF:28
LH:22
BRDA:54,0,0,0
BRF:1
BRH:0
end_of_record
TN:
SF:src\controllers\category.controller.ts
FN:9,(anonymous_0)
FN:14,(anonymous_1)
FN:30,(anonymous_2)
FN:46,(anonymous_3)
FN:73,(anonymous_4)
FN:100,(anonymous_5)
FNF:6
FNH:3
FNDA:3,(anonymous_0)
FNDA:1,(anonymous_1)
FNDA:0,(anonymous_2)
FNDA:1,(anonymous_3)
FNDA:0,(anonymous_4)
FNDA:0,(anonymous_5)
DA:3,3
DA:4,3
DA:8,3
DA:9,3
DA:14,3
DA:15,1
DA:16,1
DA:18,1
DA:23,0
DA:30,3
DA:31,0
DA:32,0
DA:34,0
DA:39,0
DA:46,3
DA:47,1
DA:48,1
DA:50,1
DA:51,0
DA:57,1
DA:58,1
DA:60,1
DA:66,0
DA:73,3
DA:74,0
DA:75,0
DA:77,0
DA:78,0
DA:84,0
DA:85,0
DA:87,0
DA:93,0
DA:100,3
DA:101,0
DA:102,0
DA:104,0
DA:105,0
DA:111,0
DA:113,0
DA:118,0
LF:40
LH:18
BRDA:50,0,0,0
BRDA:57,1,0,1
BRDA:57,1,1,0
BRDA:77,2,0,0
BRDA:104,3,0,0
BRF:5
BRH:1
end_of_record
TN:
SF:src\controllers\docs.controller.ts
FN:13,(anonymous_0)
FN:49,(anonymous_1)
FNF:2
FNH:0
FNDA:0,(anonymous_0)
FNDA:0,(anonymous_1)
DA:3,3
DA:9,3
DA:13,3
DA:14,0
DA:42,0
DA:43,0
DA:49,3
DA:50,0
DA:51,0
LF:9
LH:4
BRF:0
BRH:0
end_of_record
TN:
SF:src\controllers\item.controller.ts
FN:9,(anonymous_0)
FN:14,(anonymous_1)
FN:34,(anonymous_2)
FN:50,(anonymous_3)
FN:85,(anonymous_4)
FN:121,(anonymous_5)
FN:147,(anonymous_6)
FNF:7
FNH:3
FNDA:3,(anonymous_0)
FNDA:2,(anonymous_1)
FNDA:0,(anonymous_2)
FNDA:3,(anonymous_3)
FNDA:0,(anonymous_4)
FNDA:0,(anonymous_5)
FNDA:0,(anonymous_6)
DA:3,3
DA:4,3
DA:8,3
DA:9,3
DA:14,3
DA:15,2
DA:16,2
DA:17,2
DA:18,2
DA:20,2
DA:22,2
DA:27,0
DA:34,3
DA:35,0
DA:36,0
DA:38,0
DA:43,0
DA:50,3
DA:51,3
DA:52,3
DA:54,3
DA:55,0
DA:61,3
DA:70,3
DA:72,3
DA:78,0
DA:85,3
DA:86,0
DA:87,0
DA:89,0
DA:90,0
DA:96,0
DA:106,0
DA:108,0
DA:114,0
DA:121,3
DA:122,0
DA:123,0
DA:125,0
DA:126,0
DA:132,0
DA:134,0
DA:140,0
DA:147,3
DA:148,0
DA:149,0
DA:151,0
DA:152,0
DA:158,0
DA:160,0
DA:166,0
LF:51
LH:22
BRDA:16,0,0,2
BRDA:16,0,1,0
BRDA:17,1,0,2
BRDA:17,1,1,0
BRDA:18,2,0,1
BRDA:18,2,1,1
BRDA:54,3,0,0
BRDA:64,4,0,3
BRDA:64,4,1,0
BRDA:89,5,0,0
BRDA:125,6,0,0
BRDA:151,7,0,0
BRF:12
BRH:5
end_of_record
TN:
SF:src\database\transaction.ts
FN:6,(anonymous_1)
FN:10,(anonymous_2)
FNF:2
FNH:0
FNDA:0,(anonymous_1)
FNDA:0,(anonymous_2)
DA:1,0
DA:4,0
DA:10,0
DA:12,0
LF:4
LH:0
BRF:0
BRH:0
end_of_record
TN:
SF:src\dto\auth\auth-response.dto.ts
FN:3,(anonymous_0)
FNF:1
FNH:0
FNDA:0,(anonymous_0)
DA:2,0
DA:4,0
DA:5,0
LF:3
LH:0
BRF:0
BRH:0
end_of_record
TN:
SF:src\dto\auth\create-user.dto.ts
FN:4,(anonymous_0)
FNF:1
FNH:1
FNDA:4,(anonymous_0)
DA:3,3
DA:5,4
DA:6,4
DA:7,4
LF:4
LH:4
BRF:0
BRH:0
end_of_record
TN:
SF:src\dto\auth\login-response.dto.ts
FN:4,(anonymous_0)
FNF:1
FNH:0
FNDA:0,(anonymous_0)
DA:3,0
DA:5,0
DA:6,0
LF:3
LH:0
BRF:0
BRH:0
end_of_record
TN:
SF:src\dto\auth\login.dto.ts
FN:3,(anonymous_0)
FNF:1
FNH:1
FNDA:6,(anonymous_0)
DA:2,3
DA:4,6
DA:5,6
LF:3
LH:3
BRF:0
BRH:0
end_of_record
TN:
SF:src\dto\auth\register.dto.ts
FN:2,(anonymous_0)
FNF:1
FNH:1
FNDA:4,(anonymous_0)
DA:1,3
DA:3,4
DA:4,4
LF:3
LH:3
BRF:0
BRH:0
end_of_record
TN:
SF:src\dto\auth\user-response.dto.ts
FN:4,(anonymous_0)
FN:11,(anonymous_1)
FNF:2
FNH:2
FNDA:10,(anonymous_0)
FNDA:10,(anonymous_1)
DA:3,3
DA:5,10
DA:6,10
DA:7,10
DA:8,10
DA:17,10
LF:6
LH:6
BRF:0
BRH:0
end_of_record
TN:
SF:src\dto\category\category-response.dto.ts
FN:2,(anonymous_0)
FN:10,(anonymous_1)
FNF:2
FNH:2
FNDA:16,(anonymous_0)
FNDA:16,(anonymous_1)
DA:1,3
DA:3,16
DA:4,16
DA:5,16
DA:6,16
DA:7,16
DA:11,16
LF:7
LH:7
BRF:0
BRH:0
end_of_record
TN:
SF:src\dto\category\create-category.dto.ts
FN:2,(anonymous_0)
FNF:1
FNH:1
FNDA:1,(anonymous_0)
DA:1,3
DA:3,1
DA:4,1
LF:3
LH:3
BRF:0
BRH:0
end_of_record
TN:
SF:src\dto\category\update-category.dto.ts
FN:2,(anonymous_0)
FNF:1
FNH:0
FNDA:0,(anonymous_0)
DA:1,3
DA:3,0
DA:4,0
LF:3
LH:1
BRF:0
BRH:0
end_of_record
TN:
SF:src\dto\item\create-item.dto.ts
FN:2,(anonymous_0)
FNF:1
FNH:1
FNDA:3,(anonymous_0)
DA:1,3
DA:3,3
DA:4,3
DA:5,3
DA:6,3
DA:7,3
DA:8,3
LF:7
LH:7
BRF:0
BRH:0
end_of_record
TN:
SF:src\dto\item\item-response.dto.ts
FN:2,(anonymous_0)
FN:19,(anonymous_1)
FNF:2
FNH:2
FNDA:15,(anonymous_0)
FNDA:15,(anonymous_1)
DA:1,3
DA:3,15
DA:4,15
DA:5,15
DA:6,15
DA:7,15
DA:8,15
DA:9,15
DA:10,15
DA:11,15
DA:12,15
DA:13,15
DA:14,15
DA:15,15
DA:16,15
DA:20,15
LF:16
LH:16
BRDA:30,0,0,3
BRDA:30,0,1,12
BRDA:37,1,0,3
BRDA:37,1,1,12
BRDA:43,2,0,3
BRDA:43,2,1,12
BRF:6
BRH:6
end_of_record
TN:
SF:src\dto\item\update-item.dto.ts
FN:2,(anonymous_0)
FNF:1
FNH:0
FNDA:0,(anonymous_0)
DA:1,3
DA:3,0
DA:4,0
DA:5,0
DA:6,0
DA:7,0
DA:8,0
DA:9,0
LF:8
LH:1
BRF:0
BRH:0
end_of_record
TN:
SF:src\errors\AppError.ts
FN:5,(anonymous_0)
FNF:1
FNH:1
FNDA:1,(anonymous_0)
DA:1,3
DA:6,1
DA:8,1
DA:9,1
DA:11,1
LF:5
LH:5
BRF:0
BRH:0
end_of_record
TN:
SF:src\errors\BadRequestError.ts
FN:4,(anonymous_0)
FNF:1
FNH:0
FNDA:0,(anonymous_0)
DA:1,3
DA:3,3
DA:5,0
LF:3
LH:2
BRDA:4,0,0,0
BRF:1
BRH:0
end_of_record
TN:
SF:src\errors\ConflictError.ts
FN:4,(anonymous_0)
FNF:1
FNH:0
FNDA:0,(anonymous_0)
DA:1,3
DA:3,3
DA:5,0
LF:3
LH:2
BRDA:4,0,0,0
BRF:1
BRH:0
end_of_record
TN:
SF:src\errors\ForbiddenError.ts
FN:4,(anonymous_0)
FNF:1
FNH:0
FNDA:0,(anonymous_0)
DA:1,0
DA:3,0
DA:5,0
LF:3
LH:0
BRDA:4,0,0,0
BRF:1
BRH:0
end_of_record
TN:
SF:src\errors\NotFoundError.ts
FN:5,(anonymous_0)
FNF:1
FNH:0
FNDA:0,(anonymous_0)
DA:2,3
DA:4,3
DA:6,0
LF:3
LH:2
BRDA:5,0,0,0
BRF:1
BRH:0
end_of_record
TN:
SF:src\errors\UnauthorizedError.ts
FN:4,(anonymous_0)
FNF:1
FNH:1
FNDA:1,(anonymous_0)
DA:1,3
DA:3,3
DA:5,1
LF:3
LH:3
BRDA:4,0,0,0
BRF:1
BRH:0
end_of_record
TN:
SF:src\middleware\auth.middleware.ts
FN:22,authMiddleware
FNF:1
FNH:1
FNDA:12,authMiddleware
DA:4,3
DA:22,3
DA:27,12
DA:29,12
DA:32,12
DA:33,2
DA:40,10
DA:44,10
DA:48,9
DA:50,9
DA:53,1
LF:11
LH:11
BRDA:32,0,0,2
BRF:1
BRH:1
end_of_record
TN:
SF:src\middleware\error.middleware.ts
FN:5,errorMiddleware
FNF:1
FNH:1
FNDA:1,errorMiddleware
DA:2,3
DA:5,3
DA:11,1
DA:12,1
DA:19,0
DA:21,0
LF:6
LH:4
BRDA:11,0,0,1
BRF:1
BRH:1
end_of_record
TN:
SF:src\middleware\notFound.middleware.ts
FN:3,notFoundMiddleware
FNF:1
FNH:0
FNDA:0,notFoundMiddleware
DA:3,3
DA:4,0
LF:2
LH:1
BRF:0
BRH:0
end_of_record
TN:
SF:src\middleware\role.middleware.ts
FN:9,roleMiddleware
FN:10,(anonymous_1)
FNF:2
FNH:2
FNDA:27,roleMiddleware
FNDA:8,(anonymous_1)
DA:9,4
DA:10,27
DA:11,8
DA:13,8
DA:14,1
DA:20,7
DA:21,2
DA:27,5
LF:8
LH:8
BRDA:13,0,0,1
BRDA:20,1,0,2
BRF:2
BRH:2
end_of_record
TN:
SF:src\middleware\validate.middleware.ts
FN:6,validate
FN:10,(anonymous_1)
FN:23,(anonymous_2)
FNF:3
FNH:3
FNDA:42,validate
FNDA:21,(anonymous_1)
FNDA:6,(anonymous_2)
DA:6,3
DA:10,42
DA:17,21
DA:19,21
DA:20,5
DA:23,6
DA:32,16
DA:33,2
DA:35,14
DA:38,16
LF:10
LH:10
BRDA:8,0,0,0
BRDA:19,1,0,5
BRDA:32,2,0,2
BRDA:32,2,1,14
BRF:4
BRH:3
end_of_record
TN:
SF:src\repositories\audit.repository.ts
FN:9,(anonymous_0)
FN:21,(anonymous_1)
FNF:2
FNH:1
FNDA:4,(anonymous_0)
FNDA:0,(anonymous_1)
DA:3,3
DA:5,3
DA:10,4
DA:22,0
LF:4
LH:3
BRF:0
BRH:0
end_of_record
TN:
SF:src\repositories\base.repository.ts
FN:7,(anonymous_1)
FNF:1
FNH:1
FNDA:35,(anonymous_1)
DA:1,3
DA:5,3
DA:8,35
LF:3
LH:3
BRDA:8,0,0,35
BRDA:8,0,1,35
BRF:2
BRH:2
end_of_record
TN:
SF:src\repositories\category.repository.ts
FN:10,(anonymous_0)
FN:19,(anonymous_1)
FN:31,(anonymous_2)
FN:40,(anonymous_3)
FN:47,(anonymous_4)
FN:57,(anonymous_5)
FNF:6
FNH:4
FNDA:1,(anonymous_0)
FNDA:3,(anonymous_1)
FNDA:1,(anonymous_2)
FNDA:1,(anonymous_3)
FNDA:0,(anonymous_4)
FNDA:0,(anonymous_5)
DA:3,3
DA:6,3
DA:11,1
DA:20,3
DA:32,1
DA:41,1
DA:48,0
DA:58,0
LF:8
LH:6
BRF:0
BRH:0
end_of_record
TN:
SF:src\repositories\item.repository.ts
FN:11,(anonymous_0)
FN:30,(anonymous_1)
FN:37,(anonymous_2)
FN:51,(anonymous_3)
FN:60,(anonymous_4)
FN:74,(anonymous_5)
FN:89,(anonymous_6)
FNF:7
FNH:4
FNDA:2,(anonymous_0)
FNDA:2,(anonymous_1)
FNDA:0,(anonymous_2)
FNDA:3,(anonymous_3)
FNDA:3,(anonymous_4)
FNDA:0,(anonymous_5)
FNDA:0,(anonymous_6)
DA:3,3
DA:7,3
DA:18,2
DA:31,2
DA:38,0
DA:52,3
DA:61,3
DA:75,0
DA:90,0
LF:9
LH:6
BRF:0
BRH:0
end_of_record
TN:
SF:src\repositories\user.repository.ts
FN:10,(anonymous_0)
FN:21,(anonymous_1)
FN:32,(anonymous_2)
FNF:3
FNH:3
FNDA:10,(anonymous_0)
FNDA:1,(anonymous_1)
FNDA:4,(anonymous_2)
DA:1,3
DA:6,3
DA:11,10
DA:22,1
DA:33,4
LF:5
LH:5
BRF:0
BRH:0
end_of_record
TN:
SF:src\routes\audit.routes.ts
FNF:0
FNH:0
DA:1,3
DA:3,3
DA:4,3
DA:5,3
DA:7,3
DA:10,3
DA:12,3
LF:7
LH:7
BRF:0
BRH:0
end_of_record
TN:
SF:src\routes\auth.routes.ts
FNF:0
FNH:0
DA:1,3
DA:3,3
DA:4,3
DA:5,3
DA:6,3
DA:7,3
DA:9,3
DA:13,3
DA:20,3
DA:27,3
DA:30,3
DA:32,3
LF:12
LH:12
BRF:0
BRH:0
end_of_record
TN:
SF:src\routes\category.routes.ts
FNF:0
FNH:0
DA:1,3
DA:3,3
DA:4,3
DA:5,3
DA:6,3
DA:7,3
DA:8,3
DA:10,3
DA:13,3
DA:15,3
DA:22,3
DA:30,3
DA:39,3
DA:47,3
LF:14
LH:14
BRF:0
BRH:0
end_of_record
TN:
SF:src\routes\docs.routes.ts
FNF:0
FNH:0
DA:1,3
DA:3,3
DA:5,3
DA:8,3
DA:9,3
DA:11,3
LF:6
LH:6
BRF:0
BRH:0
end_of_record
TN:
SF:src\routes\item.routes.ts
FNF:0
FNH:0
DA:1,3
DA:3,3
DA:4,3
DA:5,3
DA:6,3
DA:7,3
DA:8,3
DA:9,3
DA:11,3
DA:15,3
DA:22,3
DA:29,3
DA:37,3
DA:46,3
DA:54,3
DA:62,3
LF:16
LH:16
BRF:0
BRH:0
end_of_record
TN:
SF:src\security\auth.constant.ts
FNF:0
FNH:0
DA:1,5
LF:1
LH:1
BRF:0
BRH:0
end_of_record
TN:
SF:src\security\jwt.ts
FN:12,(anonymous_1)
FN:21,(anonymous_2)
FNF:2
FNH:2
FNDA:6,(anonymous_1)
FNDA:12,(anonymous_2)
DA:1,5
DA:3,5
DA:4,5
DA:8,5
DA:13,6
DA:22,12
DA:24,10
DA:25,0
DA:28,10
LF:9
LH:8
BRDA:24,0,0,0
BRDA:24,1,0,10
BRDA:24,1,1,10
BRDA:24,1,2,10
BRDA:24,1,3,10
BRF:5
BRH:4
end_of_record
TN:
SF:src\security\password.ts
FN:7,(anonymous_1)
FN:11,(anonymous_2)
FNF:2
FNH:2
FNDA:5,(anonymous_1)
FNDA:6,(anonymous_2)
DA:1,4
DA:3,4
DA:5,4
DA:8,5
DA:16,6
LF:5
LH:5
BRF:0
BRH:0
end_of_record
TN:
SF:src\services\audit.service.ts
FN:5,(anonymous_0)
FN:10,(anonymous_1)
FNF:2
FNH:1
FNDA:3,(anonymous_0)
FNDA:0,(anonymous_1)
DA:4,3
DA:5,3
DA:11,0
DA:13,0
LF:4
LH:2
BRF:0
BRH:0
end_of_record
TN:
SF:src\services\auth.service.ts
FN:20,(anonymous_0)
FN:36,(anonymous_1)
FN:66,(anonymous_2)
FN:104,(anonymous_3)
FNF:4
FNH:4
FNDA:3,(anonymous_0)
FNDA:4,(anonymous_1)
FNDA:6,(anonymous_2)
FNDA:1,(anonymous_3)
DA:1,3
DA:4,3
DA:6,3
DA:8,3
DA:9,3
DA:10,3
DA:12,3
DA:13,3
DA:19,3
DA:20,3
DA:37,4
DA:39,4
DA:40,0
DA:44,4
DA:46,4
DA:47,4
DA:49,4
DA:67,6
DA:69,6
DA:70,1
DA:74,5
DA:76,5
DA:77,0
DA:82,5
DA:88,5
DA:105,1
DA:107,1
DA:108,0
DA:111,1
LF:29
LH:26
BRDA:39,0,0,0
BRDA:69,1,0,1
BRDA:76,2,0,0
BRDA:107,3,0,0
BRF:4
BRH:1
end_of_record
TN:
SF:src\services\category.service.ts
FN:14,(anonymous_0)
FN:22,(anonymous_1)
FN:24,(anonymous_2)
FN:30,(anonymous_3)
FN:43,(anonymous_4)
FN:69,(anonymous_5)
FN:103,(anonymous_6)
FNF:7
FNH:4
FNDA:3,(anonymous_0)
FNDA:1,(anonymous_1)
FNDA:15,(anonymous_2)
FNDA:0,(anonymous_3)
FNDA:1,(anonymous_4)
FNDA:0,(anonymous_5)
FNDA:0,(anonymous_6)
DA:1,3
DA:5,3
DA:6,3
DA:7,3
DA:8,3
DA:13,3
DA:15,3
DA:16,3
DA:23,1
DA:24,15
DA:31,0
DA:33,0
DA:34,0
DA:37,0
DA:44,1
DA:46,1
DA:47,0
DA:50,1
DA:55,1
DA:63,1
DA:70,0
DA:72,0
DA:73,0
DA:76,0
DA:77,0
DA:79,0
DA:80,0
DA:84,0
DA:89,0
DA:97,0
DA:104,0
DA:106,0
DA:107,0
DA:110,0
DA:111,0
DA:114,0
DA:116,0
DA:124,0
LF:38
LH:15
BRDA:33,0,0,0
BRDA:46,1,0,0
BRDA:52,2,0,1
BRDA:52,2,1,0
BRDA:72,3,0,0
BRDA:76,4,0,0
BRDA:76,5,0,0
BRDA:76,5,1,0
BRDA:79,6,0,0
BRDA:106,7,0,0
BRDA:110,8,0,0
BRF:11
BRH:1
end_of_record
TN:
SF:src\services\item.service.ts
FN:15,(anonymous_0)
FN:24,(anonymous_1)
FN:50,(anonymous_2)
FN:61,(anonymous_3)
FN:74,(anonymous_4)
FN:114,(anonymous_5)
FN:166,(anonymous_6)
FN:193,(anonymous_7)
FN:217,(anonymous_8)
FNF:9
FNH:5
FNDA:3,(anonymous_0)
FNDA:2,(anonymous_1)
FNDA:12,(anonymous_2)
FNDA:0,(anonymous_3)
FNDA:3,(anonymous_4)
FNDA:0,(anonymous_5)
FNDA:0,(anonymous_6)
FNDA:0,(anonymous_7)
FNDA:3,(anonymous_8)
DA:1,3
DA:5,3
DA:6,3
DA:7,3
DA:8,3
DA:14,3
DA:16,3
DA:17,3
DA:18,3
DA:25,2
DA:26,2
DA:27,2
DA:29,2
DA:39,2
DA:49,2
DA:50,12
DA:62,0
DA:64,0
DA:65,0
DA:68,0
DA:75,3
DA:77,3
DA:78,0
DA:81,3
DA:83,3
DA:84,0
DA:87,3
DA:89,3
DA:100,3
DA:108,3
DA:115,0
DA:117,0
DA:118,0
DA:121,0
DA:122,0
DA:124,0
DA:125,0
DA:129,0
DA:130,0
DA:131,0
DA:132,0
DA:136,0
DA:138,0
DA:139,0
DA:140,0
DA:141,0
DA:142,0
DA:143,0
DA:144,0
DA:145,0
DA:146,0
DA:148,0
DA:150,0
DA:152,0
DA:160,0
DA:167,0
DA:169,0
DA:170,0
DA:173,0
DA:179,0
DA:187,0
DA:194,0
DA:196,0
DA:197,0
DA:200,0
DA:206,0
DA:214,0
DA:218,3
DA:219,0
DA:222,3
DA:224,3
DA:225,0
DA:228,3
LF:73
LH:28
BRDA:25,0,0,2
BRDA:25,0,1,0
BRDA:26,1,0,2
BRDA:26,1,1,0
BRDA:29,2,0,1
BRDA:29,2,1,1
BRDA:64,3,0,0
BRDA:77,4,0,0
BRDA:83,5,0,0
BRDA:117,6,0,0
BRDA:121,7,0,0
BRDA:121,8,0,0
BRDA:121,8,1,0
BRDA:124,9,0,0
BRDA:129,10,0,0
BRDA:131,11,0,0
BRDA:138,12,0,0
BRDA:139,13,0,0
BRDA:140,14,0,0
BRDA:141,15,0,0
BRDA:142,16,0,0
BRDA:143,17,0,0
BRDA:144,18,0,0
BRDA:145,19,0,0
BRDA:146,20,0,0
BRDA:169,21,0,0
BRDA:196,22,0,0
BRDA:218,23,0,0
BRDA:224,24,0,0
BRF:29
BRH:4
end_of_record
TN:
SF:src\swagger\openapi.ts
FNF:0
FNH:0
DA:2,3
LF:1
LH:1
BRF:0
BRH:0
end_of_record
TN:
SF:src\validators\auth.validator.ts
FNF:0
FNH:0
DA:1,4
DA:4,4
DA:25,4
LF:3
LH:3
BRF:0
BRH:0
end_of_record
TN:
SF:src\validators\category.validator.ts
FNF:0
FNH:0
DA:1,3
DA:4,3
DA:9,3
LF:3
LH:3
BRF:0
BRH:0
end_of_record
TN:
SF:src\validators\common.validator.ts
FNF:0
FNH:0
DA:1,3
DA:3,3
LF:2
LH:2
BRF:0
BRH:0
end_of_record
TN:
SF:src\validators\item.validator.ts
FNF:0
FNH:0
DA:1,3
DA:4,3
DA:13,3
LF:3
LH:3
BRF:0
BRH:0
end_of_record
TN:
SF:src\validators\login.validator.ts
FNF:0
FNH:0
DA:1,3
DA:4,3
LF:2
LH:2
BRF:0
BRH:0
end_of_record
TN:
SF:src\validators\search.validator.ts
FNF:0
FNH:0
DA:1,3
DA:3,3
LF:2
LH:2
BRF:0
BRH:0
end_of_record
