TN:
SF:src\app.ts
FN:29,(anonymous_1)
FNF:1
FNH:0
FNDA:0,(anonymous_1)
DA:1,1
DA:2,1
DA:3,1
DA:5,1
DA:6,1
DA:7,1
DA:8,1
DA:9,1
DA:10,1
DA:11,1
DA:14,1
DA:16,1
DA:17,1
DA:18,1
DA:21,1
DA:22,1
DA:23,1
DA:24,1
DA:25,1
DA:29,1
DA:30,0
DA:38,1
DA:41,1
DA:44,1
LF:24
LH:23
BRF:0
BRH:0
end_of_record
TN:
SF:src\server.ts
FN:7,(anonymous_1)
FNF:1
FNH:0
FNDA:0,(anonymous_1)
DA:1,0
DA:2,0
DA:5,0
DA:7,0
DA:8,0
LF:5
LH:0
BRDA:5,0,0,0
BRDA:5,0,1,0
BRF:2
BRH:0
end_of_record
TN:
SF:src\config\env.ts
FNF:0
FNH:0
DA:1,1
DA:4,1
LF:2
LH:2
BRDA:5,0,0,1
BRDA:5,0,1,0
BRDA:9,1,0,1
BRDA:9,1,1,0
BRDA:11,2,0,1
BRDA:11,2,1,1
BRDA:13,3,0,1
BRDA:13,3,1,1
BRF:8
BRH:6
end_of_record
TN:
SF:src\config\prisma.ts
FNF:0
FNH:0
DA:1,1
DA:4,1
DA:8,1
LF:3
LH:3
BRF:0
BRH:0
end_of_record
TN:
SF:src\container\audit.container.ts
FNF:0
FNH:0
DA:1,1
DA:2,1
DA:3,1
DA:5,1
DA:6,1
DA:7,1
DA:9,1
LF:7
LH:7
BRF:0
BRH:0
end_of_record
TN:
SF:src\container\auth.container.ts
FNF:0
FNH:0
DA:1,1
DA:2,1
DA:3,1
DA:4,1
DA:6,1
DA:7,1
DA:9,1
DA:11,1
DA:13,1
LF:9
LH:9
BRF:0
BRH:0
end_of_record
TN:
SF:src\container\category.container.ts
FNF:0
FNH:0
DA:1,1
DA:2,1
DA:3,1
DA:4,1
DA:6,1
DA:7,1
DA:9,1
DA:10,1
DA:12,1
LF:9
LH:9
BRF:0
BRH:0
end_of_record
TN:
SF:src\container\docs.container.ts
FNF:0
FNH:0
DA:1,1
DA:3,1
DA:5,1
LF:3
LH:3
BRF:0
BRH:0
end_of_record
TN:
SF:src\container\item.container.ts
FNF:0
FNH:0
DA:1,1
DA:2,1
DA:3,1
DA:4,1
DA:5,1
DA:7,1
DA:8,1
DA:9,1
DA:11,1
DA:12,1
DA:14,1
LF:11
LH:11
BRF:0
BRH:0
end_of_record
TN:
SF:src\controllers\audit.controller.ts
FN:7,(anonymous_0)
FN:12,(anonymous_1)
FNF:2
FNH:1
FNDA:1,(anonymous_0)
FNDA:0,(anonymous_1)
DA:6,1
DA:7,1
DA:12,1
DA:13,0
DA:14,0
DA:17,0
DA:19,0
DA:24,0
LF:8
LH:3
BRDA:14,0,0,0
BRDA:14,0,1,0
BRF:2
BRH:0
end_of_record
TN:
SF:src\controllers\auth.controller.ts
FN:9,(anonymous_0)
FN:14,(anonymous_1)
FN:41,(anonymous_2)
FN:59,(anonymous_3)
FN:85,(anonymous_4)
FNF:5
FNH:2
FNDA:1,(anonymous_0)
FNDA:0,(anonymous_1)
FNDA:7,(anonymous_2)
FNDA:0,(anonymous_3)
FNDA:0,(anonymous_4)
DA:4,1
DA:5,1
DA:8,1
DA:9,1
DA:14,1
DA:15,0
DA:16,0
DA:18,0
DA:19,0
DA:25,0
DA:26,0
DA:28,0
DA:34,0
DA:41,1
DA:42,7
DA:43,7
DA:44,7
DA:46,0
DA:52,7
DA:59,1
DA:60,0
DA:61,0
DA:63,0
DA:64,0
DA:70,0
DA:72,0
DA:77,0
DA:85,1
DA:86,0
DA:87,0
DA:92,0
LF:31
LH:12
BRDA:18,0,0,0
BRDA:63,1,0,0
BRF:2
BRH:0
end_of_record
TN:
SF:src\controllers\category.controller.ts
FN:9,(anonymous_0)
FN:14,(anonymous_1)
FN:30,(anonymous_2)
FN:46,(anonymous_3)
FN:73,(anonymous_4)
FN:100,(anonymous_5)
FNF:6
FNH:1
FNDA:1,(anonymous_0)
FNDA:0,(anonymous_1)
FNDA:0,(anonymous_2)
FNDA:0,(anonymous_3)
FNDA:0,(anonymous_4)
FNDA:0,(anonymous_5)
DA:3,1
DA:4,1
DA:8,1
DA:9,1
DA:14,1
DA:15,0
DA:16,0
DA:18,0
DA:23,0
DA:30,1
DA:31,0
DA:32,0
DA:34,0
DA:39,0
DA:46,1
DA:47,0
DA:48,0
DA:50,0
DA:51,0
DA:57,0
DA:58,0
DA:60,0
DA:66,0
DA:73,1
DA:74,0
DA:75,0
DA:77,0
DA:78,0
DA:84,0
DA:85,0
DA:87,0
DA:93,0
DA:100,1
DA:101,0
DA:102,0
DA:104,0
DA:105,0
DA:111,0
DA:113,0
DA:118,0
LF:40
LH:9
BRDA:50,0,0,0
BRDA:57,1,0,0
BRDA:57,1,1,0
BRDA:77,2,0,0
BRDA:104,3,0,0
BRF:5
BRH:0
end_of_record
TN:
SF:src\controllers\docs.controller.ts
FN:13,(anonymous_0)
FN:49,(anonymous_1)
FNF:2
FNH:0
FNDA:0,(anonymous_0)
FNDA:0,(anonymous_1)
DA:3,1
DA:9,1
DA:13,1
DA:14,0
DA:42,0
DA:43,0
DA:49,1
DA:50,0
DA:51,0
LF:9
LH:4
BRF:0
BRH:0
end_of_record
TN:
SF:src\controllers\item.controller.ts
FN:9,(anonymous_0)
FN:14,(anonymous_1)
FN:37,(anonymous_2)
FN:53,(anonymous_3)
FN:88,(anonymous_4)
FN:124,(anonymous_5)
FN:150,(anonymous_6)
FNF:7
FNH:1
FNDA:1,(anonymous_0)
FNDA:0,(anonymous_1)
FNDA:0,(anonymous_2)
FNDA:0,(anonymous_3)
FNDA:0,(anonymous_4)
FNDA:0,(anonymous_5)
FNDA:0,(anonymous_6)
DA:3,1
DA:4,1
DA:8,1
DA:9,1
DA:14,1
DA:15,0
DA:16,0
DA:17,0
DA:18,0
DA:19,0
DA:23,0
DA:25,0
DA:30,0
DA:37,1
DA:38,0
DA:39,0
DA:41,0
DA:46,0
DA:53,1
DA:54,0
DA:55,0
DA:57,0
DA:58,0
DA:64,0
DA:73,0
DA:75,0
DA:81,0
DA:88,1
DA:89,0
DA:90,0
DA:92,0
DA:93,0
DA:99,0
DA:109,0
DA:111,0
DA:117,0
DA:124,1
DA:125,0
DA:126,0
DA:128,0
DA:129,0
DA:135,0
DA:137,0
DA:143,0
DA:150,1
DA:151,0
DA:152,0
DA:154,0
DA:155,0
DA:161,0
DA:163,0
DA:169,0
LF:52
LH:10
BRDA:16,0,0,0
BRDA:16,0,1,0
BRDA:17,1,0,0
BRDA:17,1,1,0
BRDA:18,2,0,0
BRDA:18,2,1,0
BRDA:19,3,0,0
BRDA:19,3,1,0
BRDA:57,4,0,0
BRDA:67,5,0,0
BRDA:67,5,1,0
BRDA:92,6,0,0
BRDA:128,7,0,0
BRDA:154,8,0,0
BRF:14
BRH:0
end_of_record
TN:
SF:src\database\transaction.ts
FN:6,(anonymous_1)
FN:10,(anonymous_2)
FNF:2
FNH:0
FNDA:0,(anonymous_1)
FNDA:0,(anonymous_2)
DA:1,0
DA:4,0
DA:10,0
DA:12,0
LF:4
LH:0
BRF:0
BRH:0
end_of_record
TN:
SF:src\dto\auth\auth-response.dto.ts
FN:3,(anonymous_0)
FNF:1
FNH:0
FNDA:0,(anonymous_0)
DA:2,0
DA:4,0
DA:5,0
LF:3
LH:0
BRF:0
BRH:0
end_of_record
TN:
SF:src\dto\auth\create-user.dto.ts
FN:4,(anonymous_0)
FNF:1
FNH:0
FNDA:0,(anonymous_0)
DA:3,1
DA:5,0
DA:6,0
DA:7,0
LF:4
LH:1
BRF:0
BRH:0
end_of_record
TN:
SF:src\dto\auth\login-response.dto.ts
FN:4,(anonymous_0)
FNF:1
FNH:0
FNDA:0,(anonymous_0)
DA:3,0
DA:5,0
DA:6,0
LF:3
LH:0
BRF:0
BRH:0
end_of_record
TN:
SF:src\dto\auth\login.dto.ts
FN:3,(anonymous_0)
FNF:1
FNH:1
FNDA:7,(anonymous_0)
DA:2,1
DA:4,7
DA:5,7
LF:3
LH:3
BRF:0
BRH:0
end_of_record
TN:
SF:src\dto\auth\register.dto.ts
FN:4,(anonymous_0)
FNF:1
FNH:0
FNDA:0,(anonymous_0)
DA:3,1
DA:5,0
DA:6,0
DA:7,0
LF:4
LH:1
BRF:0
BRH:0
end_of_record
TN:
SF:src\dto\auth\user-response.dto.ts
FN:4,(anonymous_0)
FN:11,(anonymous_1)
FNF:2
FNH:0
FNDA:0,(anonymous_0)
FNDA:0,(anonymous_1)
DA:3,1
DA:5,0
DA:6,0
DA:7,0
DA:8,0
DA:17,0
LF:6
LH:1
BRF:0
BRH:0
end_of_record
TN:
SF:src\dto\category\category-response.dto.ts
FN:2,(anonymous_0)
FN:10,(anonymous_1)
FNF:2
FNH:0
FNDA:0,(anonymous_0)
FNDA:0,(anonymous_1)
DA:1,1
DA:3,0
DA:4,0
DA:5,0
DA:6,0
DA:7,0
DA:11,0
LF:7
LH:1
BRF:0
BRH:0
end_of_record
TN:
SF:src\dto\category\create-category.dto.ts
FN:2,(anonymous_0)
FNF:1
FNH:0
FNDA:0,(anonymous_0)
DA:1,1
DA:3,0
DA:4,0
LF:3
LH:1
BRF:0
BRH:0
end_of_record
TN:
SF:src\dto\category\update-category.dto.ts
FN:2,(anonymous_0)
FNF:1
FNH:0
FNDA:0,(anonymous_0)
DA:1,1
DA:3,0
DA:4,0
LF:3
LH:1
BRF:0
BRH:0
end_of_record
TN:
SF:src\dto\item\create-item.dto.ts
FN:2,(anonymous_0)
FNF:1
FNH:0
FNDA:0,(anonymous_0)
DA:1,1
DA:3,0
DA:4,0
DA:5,0
DA:6,0
DA:7,0
DA:8,0
LF:7
LH:1
BRF:0
BRH:0
end_of_record
TN:
SF:src\dto\item\item-response.dto.ts
FN:2,(anonymous_0)
FN:19,(anonymous_1)
FNF:2
FNH:0
FNDA:0,(anonymous_0)
FNDA:0,(anonymous_1)
DA:1,1
DA:3,0
DA:4,0
DA:5,0
DA:6,0
DA:7,0
DA:8,0
DA:9,0
DA:10,0
DA:11,0
DA:12,0
DA:13,0
DA:14,0
DA:15,0
DA:16,0
DA:20,0
LF:16
LH:1
BRDA:30,0,0,0
BRDA:30,0,1,0
BRDA:37,1,0,0
BRDA:37,1,1,0
BRDA:43,2,0,0
BRDA:43,2,1,0
BRF:6
BRH:0
end_of_record
TN:
SF:src\dto\item\update-item.dto.ts
FN:2,(anonymous_0)
FNF:1
FNH:0
FNDA:0,(anonymous_0)
DA:1,1
DA:3,0
DA:4,0
DA:5,0
DA:6,0
DA:7,0
DA:8,0
DA:9,0
LF:8
LH:1
BRF:0
BRH:0
end_of_record
TN:
SF:src\errors\AppError.ts
FN:5,(anonymous_0)
FNF:1
FNH:0
FNDA:0,(anonymous_0)
DA:1,1
DA:6,0
DA:8,0
DA:9,0
DA:11,0
LF:5
LH:1
BRF:0
BRH:0
end_of_record
TN:
SF:src\errors\BadRequestError.ts
FN:4,(anonymous_0)
FNF:1
FNH:0
FNDA:0,(anonymous_0)
DA:1,1
DA:3,1
DA:5,0
LF:3
LH:2
BRDA:4,0,0,0
BRF:1
BRH:0
end_of_record
TN:
SF:src\errors\ConflictError.ts
FN:4,(anonymous_0)
FNF:1
FNH:0
FNDA:0,(anonymous_0)
DA:1,1
DA:3,1
DA:5,0
LF:3
LH:2
BRDA:4,0,0,0
BRF:1
BRH:0
end_of_record
TN:
SF:src\errors\ForbiddenError.ts
FN:4,(anonymous_0)
FNF:1
FNH:0
FNDA:0,(anonymous_0)
DA:1,0
DA:3,0
DA:5,0
LF:3
LH:0
BRDA:4,0,0,0
BRF:1
BRH:0
end_of_record
TN:
SF:src\errors\NotFoundError.ts
FN:5,(anonymous_0)
FNF:1
FNH:0
FNDA:0,(anonymous_0)
DA:2,1
DA:4,1
DA:6,0
LF:3
LH:2
BRDA:5,0,0,0
BRF:1
BRH:0
end_of_record
TN:
SF:src\errors\UnauthorizedError.ts
FN:4,(anonymous_0)
FNF:1
FNH:0
FNDA:0,(anonymous_0)
DA:1,1
DA:3,1
DA:5,0
LF:3
LH:2
BRDA:4,0,0,0
BRF:1
BRH:0
end_of_record
TN:
SF:src\middleware\auth.middleware.ts
FN:22,authMiddleware
FNF:1
FNH:1
FNDA:2,authMiddleware
DA:4,1
DA:22,1
DA:27,2
DA:29,2
DA:32,2
DA:33,1
DA:40,1
DA:44,1
DA:48,0
DA:50,0
DA:53,1
LF:11
LH:9
BRDA:32,0,0,1
BRF:1
BRH:1
end_of_record
TN:
SF:src\middleware\error.middleware.ts
FN:5,errorMiddleware
FNF:1
FNH:1
FNDA:7,errorMiddleware
DA:2,1
DA:5,1
DA:11,7
DA:12,0
DA:19,7
DA:21,7
LF:6
LH:5
BRDA:11,0,0,0
BRF:1
BRH:0
end_of_record
TN:
SF:src\middleware\notFound.middleware.ts
FN:3,notFoundMiddleware
FNF:1
FNH:0
FNDA:0,notFoundMiddleware
DA:3,1
DA:4,0
LF:2
LH:1
BRF:0
BRH:0
end_of_record
TN:
SF:src\middleware\role.middleware.ts
FN:9,roleMiddleware
FN:10,(anonymous_1)
FNF:2
FNH:1
FNDA:9,roleMiddleware
FNDA:0,(anonymous_1)
DA:9,1
DA:10,9
DA:11,0
DA:13,0
DA:14,0
DA:20,0
DA:21,0
DA:27,0
LF:8
LH:2
BRDA:13,0,0,0
BRDA:20,1,0,0
BRF:2
BRH:0
end_of_record
TN:
SF:src\middleware\validate.middleware.ts
FN:6,validate
FN:10,(anonymous_1)
FN:23,(anonymous_2)
FNF:3
FNH:3
FNDA:15,validate
FNDA:8,(anonymous_1)
FNDA:1,(anonymous_2)
DA:6,1
DA:10,15
DA:17,8
DA:19,8
DA:20,1
DA:23,1
DA:32,7
DA:33,0
DA:35,7
DA:38,7
LF:10
LH:9
BRDA:8,0,0,0
BRDA:19,1,0,1
BRDA:32,2,0,0
BRDA:32,2,1,7
BRF:4
BRH:2
end_of_record
TN:
SF:src\repositories\audit.repository.ts
FN:9,(anonymous_0)
FN:21,(anonymous_1)
FNF:2
FNH:0
FNDA:0,(anonymous_0)
FNDA:0,(anonymous_1)
DA:3,1
DA:5,1
DA:10,0
DA:22,0
LF:4
LH:2
BRDA:23,0,0,0
BRDA:23,0,1,0
BRF:2
BRH:0
end_of_record
TN:
SF:src\repositories\base.repository.ts
FN:7,(anonymous_1)
FNF:1
FNH:1
FNDA:7,(anonymous_1)
DA:1,1
DA:5,1
DA:8,7
LF:3
LH:3
BRDA:8,0,0,7
BRDA:8,0,1,7
BRF:2
BRH:2
end_of_record
TN:
SF:src\repositories\category.repository.ts
FN:10,(anonymous_0)
FN:19,(anonymous_1)
FN:31,(anonymous_2)
FN:40,(anonymous_3)
FN:47,(anonymous_4)
FN:57,(anonymous_5)
FNF:6
FNH:0
FNDA:0,(anonymous_0)
FNDA:0,(anonymous_1)
FNDA:0,(anonymous_2)
FNDA:0,(anonymous_3)
FNDA:0,(anonymous_4)
FNDA:0,(anonymous_5)
DA:3,1
DA:6,1
DA:11,0
DA:20,0
DA:32,0
DA:41,0
DA:48,0
DA:58,0
LF:8
LH:2
BRF:0
BRH:0
end_of_record
TN:
SF:src\repositories\item.repository.ts
FN:11,(anonymous_0)
FN:30,(anonymous_1)
FN:37,(anonymous_2)
FN:51,(anonymous_3)
FN:60,(anonymous_4)
FN:74,(anonymous_5)
FN:89,(anonymous_6)
FNF:7
FNH:0
FNDA:0,(anonymous_0)
FNDA:0,(anonymous_1)
FNDA:0,(anonymous_2)
FNDA:0,(anonymous_3)
FNDA:0,(anonymous_4)
FNDA:0,(anonymous_5)
FNDA:0,(anonymous_6)
DA:3,1
DA:7,1
DA:18,0
DA:31,0
DA:38,0
DA:52,0
DA:61,0
DA:75,0
DA:90,0
LF:9
LH:2
BRF:0
BRH:0
end_of_record
TN:
SF:src\repositories\user.repository.ts
FN:10,(anonymous_0)
FN:21,(anonymous_1)
FN:32,(anonymous_2)
FNF:3
FNH:1
FNDA:7,(anonymous_0)
FNDA:0,(anonymous_1)
FNDA:0,(anonymous_2)
DA:1,1
DA:6,1
DA:11,7
DA:22,0
DA:33,0
LF:5
LH:3
BRF:0
BRH:0
end_of_record
TN:
SF:src\routes\audit.routes.ts
FNF:0
FNH:0
DA:1,1
DA:3,1
DA:4,1
DA:5,1
DA:6,1
DA:7,1
DA:9,1
DA:12,1
DA:20,1
LF:9
LH:9
BRF:0
BRH:0
end_of_record
TN:
SF:src\routes\auth.routes.ts
FNF:0
FNH:0
DA:1,1
DA:3,1
DA:4,1
DA:5,1
DA:6,1
DA:7,1
DA:8,1
DA:10,1
DA:14,1
DA:23,1
DA:30,1
DA:33,1
DA:35,1
LF:13
LH:13
BRF:0
BRH:0
end_of_record
TN:
SF:src\routes\category.routes.ts
FNF:0
FNH:0
DA:1,1
DA:3,1
DA:4,1
DA:5,1
DA:6,1
DA:7,1
DA:8,1
DA:10,1
DA:13,1
DA:15,1
DA:22,1
DA:30,1
DA:39,1
DA:47,1
LF:14
LH:14
BRF:0
BRH:0
end_of_record
TN:
SF:src\routes\docs.routes.ts
FNF:0
FNH:0
DA:1,1
DA:3,1
DA:5,1
DA:8,1
DA:9,1
DA:11,1
LF:6
LH:6
BRF:0
BRH:0
end_of_record
TN:
SF:src\routes\item.routes.ts
FNF:0
FNH:0
DA:1,1
DA:3,1
DA:4,1
DA:5,1
DA:6,1
DA:7,1
DA:8,1
DA:9,1
DA:11,1
DA:15,1
DA:22,1
DA:29,1
DA:37,1
DA:46,1
DA:54,1
DA:62,1
LF:16
LH:16
BRF:0
BRH:0
end_of_record
TN:
SF:src\security\auth.constant.ts
FNF:0
FNH:0
DA:1,1
LF:1
LH:1
BRF:0
BRH:0
end_of_record
TN:
SF:src\security\jwt.ts
FN:12,(anonymous_1)
FN:21,(anonymous_2)
FNF:2
FNH:1
FNDA:0,(anonymous_1)
FNDA:1,(anonymous_2)
DA:1,1
DA:3,1
DA:4,1
DA:8,1
DA:13,0
DA:22,1
DA:24,0
DA:25,0
DA:28,0
LF:9
LH:5
BRDA:24,0,0,0
BRDA:24,1,0,0
BRDA:24,1,1,0
BRDA:24,1,2,0
BRDA:24,1,3,0
BRF:5
BRH:0
end_of_record
TN:
SF:src\security\password.ts
FN:7,(anonymous_1)
FN:11,(anonymous_2)
FNF:2
FNH:0
FNDA:0,(anonymous_1)
FNDA:0,(anonymous_2)
DA:1,1
DA:3,1
DA:5,1
DA:8,0
DA:16,0
LF:5
LH:3
BRF:0
BRH:0
end_of_record
TN:
SF:src\services\audit.service.ts
FN:7,(anonymous_0)
FN:12,(anonymous_1)
FNF:2
FNH:1
FNDA:1,(anonymous_0)
FNDA:0,(anonymous_1)
DA:6,1
DA:7,1
DA:13,0
DA:15,0
LF:4
LH:2
BRF:0
BRH:0
end_of_record
TN:
SF:src\services\auth.service.ts
FN:21,(anonymous_0)
FN:40,(anonymous_1)
FN:78,(anonymous_2)
FN:124,(anonymous_3)
FNF:4
FNH:2
FNDA:1,(anonymous_0)
FNDA:0,(anonymous_1)
FNDA:7,(anonymous_2)
FNDA:0,(anonymous_3)
DA:1,1
DA:4,1
DA:6,1
DA:8,1
DA:9,1
DA:10,1
DA:12,1
DA:13,1
DA:20,1
DA:22,1
DA:23,1
DA:41,0
DA:43,0
DA:44,0
DA:48,0
DA:50,0
DA:51,0
DA:53,0
DA:61,0
DA:79,7
DA:81,0
DA:82,0
DA:86,0
DA:88,0
DA:89,0
DA:94,0
DA:100,0
DA:108,0
DA:125,0
DA:127,0
DA:128,0
DA:131,0
LF:32
LH:12
BRDA:43,0,0,0
BRDA:81,1,0,0
BRDA:88,2,0,0
BRDA:127,3,0,0
BRF:4
BRH:0
end_of_record
TN:
SF:src\services\category.service.ts
FN:14,(anonymous_0)
FN:22,(anonymous_1)
FN:24,(anonymous_2)
FN:30,(anonymous_3)
FN:43,(anonymous_4)
FN:69,(anonymous_5)
FN:103,(anonymous_6)
FNF:7
FNH:1
FNDA:1,(anonymous_0)
FNDA:0,(anonymous_1)
FNDA:0,(anonymous_2)
FNDA:0,(anonymous_3)
FNDA:0,(anonymous_4)
FNDA:0,(anonymous_5)
FNDA:0,(anonymous_6)
DA:1,1
DA:5,1
DA:6,1
DA:7,1
DA:8,1
DA:13,1
DA:15,1
DA:16,1
DA:23,0
DA:24,0
DA:31,0
DA:33,0
DA:34,0
DA:37,0
DA:44,0
DA:46,0
DA:47,0
DA:50,0
DA:55,0
DA:63,0
DA:70,0
DA:72,0
DA:73,0
DA:76,0
DA:77,0
DA:79,0
DA:80,0
DA:84,0
DA:89,0
DA:97,0
DA:104,0
DA:106,0
DA:107,0
DA:110,0
DA:111,0
DA:114,0
DA:116,0
DA:124,0
LF:38
LH:8
BRDA:33,0,0,0
BRDA:46,1,0,0
BRDA:52,2,0,0
BRDA:52,2,1,0
BRDA:72,3,0,0
BRDA:76,4,0,0
BRDA:76,5,0,0
BRDA:76,5,1,0
BRDA:79,6,0,0
BRDA:106,7,0,0
BRDA:110,8,0,0
BRF:11
BRH:0
end_of_record
TN:
SF:src\services\item.service.ts
FN:15,(anonymous_0)
FN:24,(anonymous_1)
FN:53,(anonymous_2)
FN:64,(anonymous_3)
FN:77,(anonymous_4)
FN:117,(anonymous_5)
FN:169,(anonymous_6)
FN:196,(anonymous_7)
FN:220,(anonymous_8)
FNF:9
FNH:1
FNDA:1,(anonymous_0)
FNDA:0,(anonymous_1)
FNDA:0,(anonymous_2)
FNDA:0,(anonymous_3)
FNDA:0,(anonymous_4)
FNDA:0,(anonymous_5)
FNDA:0,(anonymous_6)
FNDA:0,(anonymous_7)
FNDA:0,(anonymous_8)
DA:1,1
DA:5,1
DA:6,1
DA:7,1
DA:8,1
DA:14,1
DA:16,1
DA:17,1
DA:18,1
DA:25,0
DA:26,0
DA:27,0
DA:29,0
DA:42,0
DA:52,0
DA:53,0
DA:65,0
DA:67,0
DA:68,0
DA:71,0
DA:78,0
DA:80,0
DA:81,0
DA:84,0
DA:86,0
DA:87,0
DA:90,0
DA:92,0
DA:103,0
DA:111,0
DA:118,0
DA:120,0
DA:121,0
DA:124,0
DA:125,0
DA:127,0
DA:128,0
DA:132,0
DA:133,0
DA:134,0
DA:135,0
DA:139,0
DA:141,0
DA:142,0
DA:143,0
DA:144,0
DA:145,0
DA:146,0
DA:147,0
DA:148,0
DA:149,0
DA:151,0
DA:153,0
DA:155,0
DA:163,0
DA:170,0
DA:172,0
DA:173,0
DA:176,0
DA:182,0
DA:190,0
DA:197,0
DA:199,0
DA:200,0
DA:203,0
DA:209,0
DA:217,0
DA:221,0
DA:222,0
DA:225,0
DA:227,0
DA:228,0
DA:231,0
LF:73
LH:9
BRDA:25,0,0,0
BRDA:25,0,1,0
BRDA:26,1,0,0
BRDA:26,1,1,0
BRDA:30,2,0,0
BRDA:30,2,1,0
BRDA:31,3,0,0
BRDA:31,3,1,0
BRDA:67,4,0,0
BRDA:80,5,0,0
BRDA:86,6,0,0
BRDA:120,7,0,0
BRDA:124,8,0,0
BRDA:124,9,0,0
BRDA:124,9,1,0
BRDA:127,10,0,0
BRDA:132,11,0,0
BRDA:134,12,0,0
BRDA:141,13,0,0
BRDA:142,14,0,0
BRDA:143,15,0,0
BRDA:144,16,0,0
BRDA:145,17,0,0
BRDA:146,18,0,0
BRDA:147,19,0,0
BRDA:148,20,0,0
BRDA:149,21,0,0
BRDA:172,22,0,0
BRDA:199,23,0,0
BRDA:221,24,0,0
BRDA:227,25,0,0
BRF:31
BRH:0
end_of_record
TN:
SF:src\swagger\openapi.ts
FNF:0
FNH:0
DA:2,1
LF:1
LH:1
BRF:0
BRH:0
end_of_record
TN:
SF:src\validators\audit.validator.ts
FNF:0
FNH:0
DA:1,1
DA:2,1
DA:4,1
LF:3
LH:3
BRF:0
BRH:0
end_of_record
TN:
SF:src\validators\auth.validator.ts
FNF:0
FNH:0
DA:1,1
DA:2,1
DA:5,1
DA:28,1
LF:4
LH:4
BRF:0
BRH:0
end_of_record
TN:
SF:src\validators\category.validator.ts
FNF:0
FNH:0
DA:1,1
DA:4,1
DA:9,1
LF:3
LH:3
BRF:0
BRH:0
end_of_record
TN:
SF:src\validators\common.validator.ts
FNF:0
FNH:0
DA:1,1
DA:3,1
LF:2
LH:2
BRF:0
BRH:0
end_of_record
TN:
SF:src\validators\item.validator.ts
FNF:0
FNH:0
DA:1,1
DA:4,1
DA:13,1
LF:3
LH:3
BRF:0
BRH:0
end_of_record
TN:
SF:src\validators\login.validator.ts
FNF:0
FNH:0
DA:1,1
DA:4,1
LF:2
LH:2
BRF:0
BRH:0
end_of_record
TN:
SF:src\validators\search.validator.ts
FNF:0
FNH:0
DA:1,1
DA:3,1
LF:2
LH:2
BRF:0
BRH:0
end_of_record
